<?xml version="1.0" encoding="UTF-8"?>
<robot generator="Robot 4.1.3 (Python 3.10.0 on win32)" generated="20220112 12:09:21.536" rpa="false" schemaversion="2">
<suite id="s1" name="Suites">
<suite id="s1-s1" name="Tc Scroll" source="C:\Users\Harsha\PycharmProjects\pythonProject3\Testcases\tc_scroll.robot">
<test id="s1-s1-t1" name="scrollingpixel">
<kw name="Open Browser" library="SeleniumLibrary">
<arg>http://testautomationpractice.blogspot.com/</arg>
<arg>chrome</arg>
<doc>Opens a new browser instance to the optional ``url``.</doc>
<msg timestamp="20220112 12:09:21.734" level="INFO">Opening browser 'chrome' to base url 'http://testautomationpractice.blogspot.com/'.</msg>
<status status="PASS" starttime="20220112 12:09:21.734" endtime="20220112 12:09:26.271"/>
</kw>
<kw name="Maximize Browser Window" library="SeleniumLibrary">
<doc>Maximizes current browser window.</doc>
<status status="PASS" starttime="20220112 12:09:26.272" endtime="20220112 12:09:26.400"/>
</kw>
<kw name="Execute Javascript" library="SeleniumLibrary">
<arg>window.scrollTo(0,1000)</arg>
<doc>Executes the given JavaScript code with possible arguments.</doc>
<msg timestamp="20220112 12:09:26.400" level="INFO">Executing JavaScript:
window.scrollTo(0,1000)
Without any arguments.</msg>
<status status="PASS" starttime="20220112 12:09:26.400" endtime="20220112 12:09:26.405"/>
</kw>
<kw name="Close Browser" library="SeleniumLibrary">
<doc>Closes the current browser.</doc>
<status status="PASS" starttime="20220112 12:09:26.405" endtime="20220112 12:09:28.533"/>
</kw>
<status status="PASS" starttime="20220112 12:09:21.718" endtime="20220112 12:09:28.533"/>
</test>
<test id="s1-s1-t2" name="scrollingelement">
<kw name="Open Browser" library="SeleniumLibrary">
<arg>http://testautomationpractice.blogspot.com/</arg>
<arg>chrome</arg>
<doc>Opens a new browser instance to the optional ``url``.</doc>
<msg timestamp="20220112 12:09:28.533" level="INFO">Opening browser 'chrome' to base url 'http://testautomationpractice.blogspot.com/'.</msg>
<status status="PASS" starttime="20220112 12:09:28.533" endtime="20220112 12:09:33.937"/>
</kw>
<kw name="Maximize Browser Window" library="SeleniumLibrary">
<doc>Maximizes current browser window.</doc>
<status status="PASS" starttime="20220112 12:09:33.938" endtime="20220112 12:09:34.057"/>
</kw>
<kw name="Scroll Element Into View" library="SeleniumLibrary">
<arg>xpath://*[@id="HTML1"]/div[1]/table/tbody/tr[7]/td[2]</arg>
<doc>Scrolls the element identified by ``locator`` into view.</doc>
<status status="PASS" starttime="20220112 12:09:34.057" endtime="20220112 12:09:34.347"/>
</kw>
<kw name="Close Browser" library="SeleniumLibrary">
<doc>Closes the current browser.</doc>
<status status="PASS" starttime="20220112 12:09:34.347" endtime="20220112 12:09:36.511"/>
</kw>
<status status="PASS" starttime="20220112 12:09:28.533" endtime="20220112 12:09:36.511"/>
</test>
<test id="s1-s1-t3" name="scrolling_bottom">
<kw name="Open Browser" library="SeleniumLibrary">
<arg>http://testautomationpractice.blogspot.com/</arg>
<arg>chrome</arg>
<doc>Opens a new browser instance to the optional ``url``.</doc>
<msg timestamp="20220112 12:09:36.511" level="INFO">Opening browser 'chrome' to base url 'http://testautomationpractice.blogspot.com/'.</msg>
<status status="PASS" starttime="20220112 12:09:36.511" endtime="20220112 12:09:43.000"/>
</kw>
<kw name="Maximize Browser Window" library="SeleniumLibrary">
<doc>Maximizes current browser window.</doc>
<status status="PASS" starttime="20220112 12:09:43.001" endtime="20220112 12:09:43.120"/>
</kw>
<kw name="Execute Javascript" library="SeleniumLibrary">
<arg>window.scrollTo(0,document.body.scrollHeight)</arg>
<doc>Executes the given JavaScript code with possible arguments.</doc>
<msg timestamp="20220112 12:09:43.121" level="INFO">Executing JavaScript:
window.scrollTo(0,document.body.scrollHeight)
Without any arguments.</msg>
<status status="PASS" starttime="20220112 12:09:43.120" endtime="20220112 12:09:43.125"/>
</kw>
<kw name="Sleep" library="BuiltIn">
<arg>2</arg>
<doc>Pauses the test executed for the given time.</doc>
<msg timestamp="20220112 12:09:45.137" level="INFO">Slept 2 seconds</msg>
<status status="PASS" starttime="20220112 12:09:43.125" endtime="20220112 12:09:45.137"/>
</kw>
<kw name="Execute Javascript" library="SeleniumLibrary">
<arg>window.scrollTo(0,-document.body.scrollHeight)</arg>
<doc>Executes the given JavaScript code with possible arguments.</doc>
<msg timestamp="20220112 12:09:45.138" level="INFO">Executing JavaScript:
window.scrollTo(0,-document.body.scrollHeight)
Without any arguments.</msg>
<status status="PASS" starttime="20220112 12:09:45.137" endtime="20220112 12:09:45.144"/>
</kw>
<kw name="Sleep" library="BuiltIn">
<arg>2</arg>
<doc>Pauses the test executed for the given time.</doc>
<msg timestamp="20220112 12:09:47.150" level="INFO">Slept 2 seconds</msg>
<status status="PASS" starttime="20220112 12:09:45.144" endtime="20220112 12:09:47.150"/>
</kw>
<kw name="Close Browser" library="SeleniumLibrary">
<doc>Closes the current browser.</doc>
<status status="PASS" starttime="20220112 12:09:47.150" endtime="20220112 12:09:49.271"/>
</kw>
<status status="PASS" starttime="20220112 12:09:36.511" endtime="20220112 12:09:49.272"/>
</test>
<status status="PASS" starttime="20220112 12:09:21.567" endtime="20220112 12:09:49.273"/>
</suite>
<status status="PASS" starttime="20220112 12:09:21.536" endtime="20220112 12:09:49.274"/>
</suite>
<statistics>
<total>
<stat pass="3" fail="0" skip="0">All Tests</stat>
</total>
<tag>
</tag>
<suite>
<stat pass="3" fail="0" skip="0" id="s1" name="Suites">Suites</stat>
<stat pass="3" fail="0" skip="0" id="s1-s1" name="Tc Scroll">Suites.Tc Scroll</stat>
</suite>
</statistics>
<errors>
</errors>
</robot>
