<?xml version="1.0" encoding="UTF-8"?>
<robot generator="Robot 4.1.3 (Python 3.10.0 on win32)" generated="20220112 12:09:42.930" rpa="false" schemaversion="2">
<suite id="s1" name="Suites">
<suite id="s1-s1" name="Tc Xcel" source="C:\Users\Harsha\PycharmProjects\pythonProject3\Testcases\tc_xcel.robot">
<kw name="open my browser" library="login_resources" type="SETUP">
<kw name="Open Browser" library="SeleniumLibrary">
<arg>${url}</arg>
<arg>${browser}</arg>
<doc>Opens a new browser instance to the optional ``url``.</doc>
<msg timestamp="20220112 12:09:43.150" level="INFO">Opening browser 'chrome' to base url 'https://admin-demo.nopcommerce.com/login?ReturnUrl=%2Fadmin%2F'.</msg>
<status status="PASS" starttime="20220112 12:09:43.150" endtime="20220112 12:09:45.953"/>
</kw>
<kw name="Maximize Browser Window" library="SeleniumLibrary">
<doc>Maximizes current browser window.</doc>
<status status="PASS" starttime="20220112 12:09:45.953" endtime="20220112 12:09:46.075"/>
</kw>
<status status="PASS" starttime="20220112 12:09:43.150" endtime="20220112 12:09:46.075"/>
</kw>
<test id="s1-s1-t1" name="LogintestwithExcel using">
<kw name="invalid login">
<arg>${username}</arg>
<arg>${password}</arg>
<msg timestamp="20220112 12:09:46.075" level="FAIL">Variable '${username}' not found.</msg>
<status status="FAIL" starttime="20220112 12:09:46.075" endtime="20220112 12:09:46.075"/>
</kw>
<status status="FAIL" starttime="20220112 12:09:46.075" endtime="20220112 12:09:46.075">Variable '${username}' not found.</status>
</test>
<kw name="close my browser" library="login_resources" type="TEARDOWN">
<kw name="Close All Browsers" library="SeleniumLibrary">
<doc>Closes all open browsers and resets the browser cache.</doc>
<status status="PASS" starttime="20220112 12:09:46.075" endtime="20220112 12:09:48.209"/>
</kw>
<status status="PASS" starttime="20220112 12:09:46.075" endtime="20220112 12:09:48.209"/>
</kw>
<status status="FAIL" starttime="20220112 12:09:42.954" endtime="20220112 12:09:48.209"/>
</suite>
<status status="FAIL" starttime="20220112 12:09:42.938" endtime="20220112 12:09:48.209"/>
</suite>
<statistics>
<total>
<stat pass="0" fail="1" skip="0">All Tests</stat>
</total>
<tag>
</tag>
<suite>
<stat pass="0" fail="1" skip="0" id="s1" name="Suites">Suites</stat>
<stat pass="0" fail="1" skip="0" id="s1-s1" name="Tc Xcel">Suites.Tc Xcel</stat>
</suite>
</statistics>
<errors>
</errors>
</robot>
