<?xml version="1.0" encoding="UTF-8"?>
<robot generator="Robot 4.1.3 (Python 3.10.0 on win32)" generated="20220117 17:11:10.464" rpa="false" schemaversion="2">
<suite id="s1" name="Suites">
<suite id="s1-s1" name="Tc1" source="C:\Users\Harsha\PycharmProjects\pythonProject3\Testcases\tc1.robot">
<test id="s1-s1-t1" name="logintest">
<kw name="Open Browser" library="SeleniumLibrary">
<arg>${url}</arg>
<arg>${browser}</arg>
<doc>Opens a new browser instance to the optional ``url``.</doc>
<msg timestamp="20220117 17:11:10.840" level="INFO">Opening browser 'chrome' to base url 'https://www.facebook.com/'.</msg>
<status status="PASS" starttime="20220117 17:11:10.840" endtime="20220117 17:11:13.600"/>
</kw>
<kw name="Input Text" library="SeleniumLibrary">
<arg>id:email</arg>
<arg>sriharshasaikamesh@gmail.com</arg>
<doc>Types the given ``text`` into the text field identified by ``locator``.</doc>
<msg timestamp="20220117 17:11:13.600" level="INFO">Typing text 'sriharshasaikamesh@gmail.com' into text field 'id:email'.</msg>
<status status="PASS" starttime="20220117 17:11:13.600" endtime="20220117 17:11:13.776"/>
</kw>
<kw name="Input Text" library="SeleniumLibrary">
<arg>id:pass</arg>
<arg>Harsha@123</arg>
<doc>Types the given ``text`` into the text field identified by ``locator``.</doc>
<msg timestamp="20220117 17:11:13.784" level="INFO">Typing text 'Harsha@123' into text field 'id:pass'.</msg>
<status status="PASS" starttime="20220117 17:11:13.776" endtime="20220117 17:11:13.936"/>
</kw>
<kw name="Sleep" library="BuiltIn">
<arg>3</arg>
<doc>Pauses the test executed for the given time.</doc>
<msg timestamp="20220117 17:11:16.945" level="INFO">Slept 3 seconds</msg>
<status status="PASS" starttime="20220117 17:11:13.936" endtime="20220117 17:11:16.945"/>
</kw>
<kw name="Title Should Be" library="SeleniumLibrary">
<arg>Facebook – log in or sign up</arg>
<doc>Verifies that the current page title equals ``title``.</doc>
<msg timestamp="20220117 17:11:16.945" level="INFO">Page title is 'Facebook – log in or sign up'.</msg>
<status status="PASS" starttime="20220117 17:11:16.945" endtime="20220117 17:11:16.945"/>
</kw>
<kw name="Set Variable" library="BuiltIn">
<var>${"email_txt"}</var>
<arg>id:email</arg>
<doc>Returns the given values which can then be assigned to a variables.</doc>
<msg timestamp="20220117 17:11:16.945" level="INFO">${"email_txt"} = id:email</msg>
<status status="PASS" starttime="20220117 17:11:16.945" endtime="20220117 17:11:16.945"/>
</kw>
<kw name="Element Should Be Visible" library="SeleniumLibrary">
<arg>${"email_txt"}</arg>
<doc>Verifies that the element identified by ``locator`` is visible.</doc>
<msg timestamp="20220117 17:11:16.977" level="INFO">Element 'id:email' is displayed.</msg>
<status status="PASS" starttime="20220117 17:11:16.945" endtime="20220117 17:11:16.977"/>
</kw>
<kw name="Element Should Be Enabled" library="SeleniumLibrary">
<arg>${"email_txt"}</arg>
<doc>Verifies that element identified by ``locator`` is enabled.</doc>
<status status="PASS" starttime="20220117 17:11:16.977" endtime="20220117 17:11:17.009"/>
</kw>
<status status="PASS" starttime="20220117 17:11:10.832" endtime="20220117 17:11:17.009"/>
</test>
<test id="s1-s1-t2" name="radiobuttonstest">
<kw name="Open Browser" library="SeleniumLibrary">
<arg>${url}</arg>
<arg>${browser}</arg>
<doc>Opens a new browser instance to the optional ``url``.</doc>
<msg timestamp="20220117 17:11:17.009" level="INFO">Opening browser 'chrome' to base url 'https://www.facebook.com/'.</msg>
<status status="PASS" starttime="20220117 17:11:17.009" endtime="20220117 17:11:19.381"/>
</kw>
<kw name="Click Element" library="SeleniumLibrary">
<doc>Click the element identified by ``locator``.</doc>
<msg timestamp="20220117 17:11:19.381" level="FAIL">Keyword 'SeleniumLibrary.Click Element' expected 1 to 3 arguments, got 0.</msg>
<status status="FAIL" starttime="20220117 17:11:19.381" endtime="20220117 17:11:19.381"/>
</kw>
<status status="FAIL" starttime="20220117 17:11:17.009" endtime="20220117 17:11:19.381">Keyword 'SeleniumLibrary.Click Element' expected 1 to 3 arguments, got 0.</status>
</test>
<status status="FAIL" starttime="20220117 17:11:10.504" endtime="20220117 17:11:19.381"/>
</suite>
<status status="FAIL" starttime="20220117 17:11:10.480" endtime="20220117 17:11:19.389"/>
</suite>
<statistics>
<total>
<stat pass="1" fail="1" skip="0">All Tests</stat>
</total>
<tag>
</tag>
<suite>
<stat pass="1" fail="1" skip="0" id="s1" name="Suites">Suites</stat>
<stat pass="1" fail="1" skip="0" id="s1-s1" name="Tc1">Suites.Tc1</stat>
</suite>
</statistics>
<errors>
</errors>
</robot>
