<?xml version="1.0" encoding="UTF-8"?>
<robot generator="Robot 4.1.3 (Python 3.10.0 on win32)" generated="20220117 17:10:42.112" rpa="false" schemaversion="2">
<suite id="s1" name="Suites">
<suite id="s1-s1" name="Tc Setup Teardown" source="C:\Users\Harsha\PycharmProjects\pythonProject3\Testcases\tc_setup_teardown.robot">
<kw name="Log To Console" library="BuiltIn" type="SETUP">
<arg>open my browser</arg>
<doc>Logs the given message to the console.</doc>
<status status="PASS" starttime="20220117 17:10:42.541" endtime="20220117 17:10:42.541"/>
</kw>
<test id="s1-s1-t1" name="TC1">
<kw name="Log To Console" library="BuiltIn" type="SETUP">
<arg>harsha</arg>
<doc>Logs the given message to the console.</doc>
<status status="PASS" starttime="20220117 17:10:42.541" endtime="20220117 17:10:42.541"/>
</kw>
<kw name="Log To Console" library="BuiltIn">
<arg>SRI</arg>
<doc>Logs the given message to the console.</doc>
<status status="PASS" starttime="20220117 17:10:42.541" endtime="20220117 17:10:42.541"/>
</kw>
<kw name="Log To Console" library="BuiltIn" type="TEARDOWN">
<arg>kamesh</arg>
<doc>Logs the given message to the console.</doc>
<status status="PASS" starttime="20220117 17:10:42.541" endtime="20220117 17:10:42.541"/>
</kw>
<status status="PASS" starttime="20220117 17:10:42.541" endtime="20220117 17:10:42.541"/>
</test>
<test id="s1-s1-t2" name="TC2">
<kw name="Log To Console" library="BuiltIn" type="SETUP">
<arg>harsha</arg>
<doc>Logs the given message to the console.</doc>
<status status="PASS" starttime="20220117 17:10:42.541" endtime="20220117 17:10:42.541"/>
</kw>
<kw name="Log To Console" library="BuiltIn">
<arg>SAI</arg>
<doc>Logs the given message to the console.</doc>
<status status="PASS" starttime="20220117 17:10:42.541" endtime="20220117 17:10:42.541"/>
</kw>
<kw name="Log To Console" library="BuiltIn" type="TEARDOWN">
<arg>kamesh</arg>
<doc>Logs the given message to the console.</doc>
<status status="PASS" starttime="20220117 17:10:42.541" endtime="20220117 17:10:42.541"/>
</kw>
<status status="PASS" starttime="20220117 17:10:42.541" endtime="20220117 17:10:42.541"/>
</test>
<kw name="Log To Console" library="BuiltIn" type="TEARDOWN">
<arg>close</arg>
<doc>Logs the given message to the console.</doc>
<status status="PASS" starttime="20220117 17:10:42.541" endtime="20220117 17:10:42.541"/>
</kw>
<status status="PASS" starttime="20220117 17:10:42.161" endtime="20220117 17:10:42.541"/>
</suite>
<status status="PASS" starttime="20220117 17:10:42.128" endtime="20220117 17:10:42.541"/>
</suite>
<statistics>
<total>
<stat pass="2" fail="0" skip="0">All Tests</stat>
</total>
<tag>
</tag>
<suite>
<stat pass="2" fail="0" skip="0" id="s1" name="Suites">Suites</stat>
<stat pass="2" fail="0" skip="0" id="s1-s1" name="Tc Setup Teardown">Suites.Tc Setup Teardown</stat>
</suite>
</statistics>
<errors>
</errors>
</robot>
