<?xml version="1.0" encoding="UTF-8"?>
<robot generator="Robot 4.1.3 (Python 3.10.0 on win32)" generated="20220323 20:35:04.011" rpa="false" schemaversion="2">
<suite id="s1" name="Testcases" source="C:\Users\Harsha\PycharmProjects\pythonProject3\orange\Testcases.robot">
<kw name="open my browser" library="key" type="SETUP">
<kw name="Open Browser" library="SeleniumLibrary">
<arg>${url}</arg>
<arg>${browser}</arg>
<doc>Opens a new browser instance to the optional ``url``.</doc>
<msg timestamp="20220323 20:35:04.636" level="INFO">Opening browser 'chrome' to base url 'https://opensource-demo.orangehrmlive.com/'.</msg>
<status status="PASS" starttime="20220323 20:35:04.636" endtime="20220323 20:35:29.112"/>
</kw>
<kw name="Maximize Browser Window" library="SeleniumLibrary">
<doc>Maximizes current browser window.</doc>
<status status="PASS" starttime="20220323 20:35:29.112" endtime="20220323 20:35:29.379"/>
</kw>
<status status="PASS" starttime="20220323 20:35:04.636" endtime="20220323 20:35:29.379"/>
</kw>
<test id="s1-t1" name="tc01">
<kw name="/index.php/pim/viewMyDetails">
<var>${myinfolink}</var>
<msg timestamp="20220323 20:35:29.379" level="FAIL">No keyword with name '/index.php/pim/viewMyDetails' found.</msg>
<status status="FAIL" starttime="20220323 20:35:29.379" endtime="20220323 20:35:29.379"/>
</kw>
<kw name="${myinfolink} should be equal as strings">
<arg>/index.php/pim/viewMyDetails</arg>
<status status="NOT RUN" starttime="20220323 20:35:29.379" endtime="20220323 20:35:29.379"/>
</kw>
<status status="FAIL" starttime="20220323 20:35:29.379" endtime="20220323 20:35:29.379">No keyword with name '/index.php/pim/viewMyDetails' found.</status>
</test>
<status status="FAIL" starttime="20220323 20:35:04.011" endtime="20220323 20:35:29.394"/>
</suite>
<statistics>
<total>
<stat pass="0" fail="1" skip="0">All Tests</stat>
</total>
<tag>
</tag>
<suite>
<stat pass="0" fail="1" skip="0" id="s1" name="Testcases">Testcases</stat>
</suite>
</statistics>
<errors>
<msg timestamp="20220323 20:35:03.995" level="ERROR">Error in file 'C:\Users\Harsha\PycharmProjects\pythonProject3\orange\Testcases.robot' on line 5: Setting 'Suite Setup' is allowed only once. Only the first value is used.</msg>
</errors>
</robot>
