<?xml version="1.0" encoding="UTF-8"?>
<robot generator="Robot 4.1.3 (Python 3.10.0 on win32)" generated="20220117 17:48:56.730" rpa="false" schemaversion="2">
<suite id="s1" name="Sanitysuite" source="C:\Users\Harsha\PycharmProjects\pythonProject3\testcases\orange\sanitysuite.robot">
<kw name="open my browser" library="orange_resources" type="SETUP">
<kw name="Open Browser" library="SeleniumLibrary">
<arg>${url}</arg>
<arg>${browser}</arg>
<doc>Opens a new browser instance to the optional ``url``.</doc>
<msg timestamp="20220117 17:48:57.182" level="INFO">Opening browser 'chrome' to base url 'https://opensource-demo.orangehrmlive.com/'.</msg>
<status status="PASS" starttime="20220117 17:48:57.182" endtime="20220117 17:49:08.325"/>
</kw>
<kw name="Maximize Browser Window" library="SeleniumLibrary">
<doc>Maximizes current browser window.</doc>
<status status="PASS" starttime="20220117 17:49:08.325" endtime="20220117 17:49:08.461"/>
</kw>
<status status="PASS" starttime="20220117 17:48:57.182" endtime="20220117 17:49:08.461"/>
</kw>
<test id="s1-t1" name="right user empty password">
<kw name="invalid login">
<arg>Admin</arg>
<arg>${EMPTY}</arg>
<msg timestamp="20220117 17:49:08.461" level="FAIL">No keyword with name 'invalid login' found.</msg>
<status status="FAIL" starttime="20220117 17:49:08.461" endtime="20220117 17:49:08.461"/>
</kw>
<status status="FAIL" starttime="20220117 17:49:08.461" endtime="20220117 17:49:08.461">No keyword with name 'invalid login' found.</status>
</test>
<test id="s1-t2" name="right user wrong password">
<kw name="invalid login">
<arg>Admin</arg>
<arg>amin</arg>
<msg timestamp="20220117 17:49:08.477" level="FAIL">No keyword with name 'invalid login' found.</msg>
<status status="FAIL" starttime="20220117 17:49:08.477" endtime="20220117 17:49:08.477"/>
</kw>
<status status="FAIL" starttime="20220117 17:49:08.461" endtime="20220117 17:49:08.477">No keyword with name 'invalid login' found.</status>
</test>
<test id="s1-t3" name="wrong user empty password">
<kw name="invalid login">
<arg>dmin@</arg>
<arg>${EMPTY}</arg>
<msg timestamp="20220117 17:49:08.477" level="FAIL">No keyword with name 'invalid login' found.</msg>
<status status="FAIL" starttime="20220117 17:49:08.477" endtime="20220117 17:49:08.477"/>
</kw>
<status status="FAIL" starttime="20220117 17:49:08.477" endtime="20220117 17:49:08.477">No keyword with name 'invalid login' found.</status>
</test>
<test id="s1-t4" name="wrong user wrong password">
<kw name="invalid login">
<arg>admine.co</arg>
<arg>admin</arg>
<msg timestamp="20220117 17:49:08.497" level="FAIL">No keyword with name 'invalid login' found.</msg>
<status status="FAIL" starttime="20220117 17:49:08.497" endtime="20220117 17:49:08.497"/>
</kw>
<status status="FAIL" starttime="20220117 17:49:08.477" endtime="20220117 17:49:08.497">No keyword with name 'invalid login' found.</status>
</test>
<test id="s1-t5" name="wrong user right password">
<kw name="invalid login">
<arg>adyourstore.om</arg>
<arg>admin</arg>
<msg timestamp="20220117 17:49:08.505" level="FAIL">No keyword with name 'invalid login' found.</msg>
<status status="FAIL" starttime="20220117 17:49:08.505" endtime="20220117 17:49:08.505"/>
</kw>
<status status="FAIL" starttime="20220117 17:49:08.497" endtime="20220117 17:49:08.505">No keyword with name 'invalid login' found.</status>
</test>
<kw name="close my browser" library="orange_resources" type="TEARDOWN">
<kw name="Close All Browsers" library="SeleniumLibrary">
<doc>Closes all open browsers and resets the browser cache.</doc>
<status status="PASS" starttime="20220117 17:49:08.505" endtime="20220117 17:49:10.730"/>
</kw>
<status status="PASS" starttime="20220117 17:49:08.505" endtime="20220117 17:49:10.730"/>
</kw>
<status status="FAIL" starttime="20220117 17:48:56.738" endtime="20220117 17:49:10.730"/>
</suite>
<statistics>
<total>
<stat pass="0" fail="5" skip="0">All Tests</stat>
</total>
<tag>
</tag>
<suite>
<stat pass="0" fail="5" skip="0" id="s1" name="Sanitysuite">Sanitysuite</stat>
</suite>
</statistics>
<errors>
</errors>
</robot>
