<?xml version="1.0" encoding="UTF-8"?>
<robot generator="Robot 4.1.3 (Python 3.10.0 on win32)" generated="20220117 17:09:54.691" rpa="false" schemaversion="2">
<suite id="s1" name="Suites">
<suite id="s1-s1" name="Tc Links" source="C:\Users\Harsha\PycharmProjects\pythonProject3\Testcases\tc_links.robot">
<test id="s1-s1-t1" name="links">
<kw name="Open Browser" library="SeleniumLibrary">
<arg>http://testautomationpractice.blogspot.com/</arg>
<arg>chrome</arg>
<doc>Opens a new browser instance to the optional ``url``.</doc>
<msg timestamp="20220117 17:09:54.947" level="INFO">Opening browser 'chrome' to base url 'http://testautomationpractice.blogspot.com/'.</msg>
<status status="PASS" starttime="20220117 17:09:54.947" endtime="20220117 17:10:03.184"/>
</kw>
<kw name="Maximize Browser Window" library="SeleniumLibrary">
<doc>Maximizes current browser window.</doc>
<status status="PASS" starttime="20220117 17:10:03.184" endtime="20220117 17:10:03.307"/>
</kw>
<kw name="Get Element Count" library="SeleniumLibrary">
<var>${links_count}</var>
<arg>xpath://a</arg>
<doc>Returns the number of elements matching ``locator``.</doc>
<msg timestamp="20220117 17:10:03.315" level="INFO">${links_count} = 9</msg>
<status status="PASS" starttime="20220117 17:10:03.307" endtime="20220117 17:10:03.315"/>
</kw>
<kw name="Log To Console" library="BuiltIn">
<arg>${links_count}</arg>
<doc>Logs the given message to the console.</doc>
<status status="PASS" starttime="20220117 17:10:03.315" endtime="20220117 17:10:03.323"/>
</kw>
<kw name="Close Browser" library="SeleniumLibrary">
<doc>Closes the current browser.</doc>
<status status="PASS" starttime="20220117 17:10:03.323" endtime="20220117 17:10:05.451"/>
</kw>
<status status="PASS" starttime="20220117 17:09:54.947" endtime="20220117 17:10:05.451"/>
</test>
<test id="s1-s1-t2" name="linklist">
<kw name="Open Browser" library="SeleniumLibrary">
<arg>http://testautomationpractice.blogspot.com/</arg>
<arg>chrome</arg>
<doc>Opens a new browser instance to the optional ``url``.</doc>
<msg timestamp="20220117 17:10:05.458" level="INFO">Opening browser 'chrome' to base url 'http://testautomationpractice.blogspot.com/'.</msg>
<status status="PASS" starttime="20220117 17:10:05.458" endtime="20220117 17:10:16.004"/>
</kw>
<kw name="Maximize Browser Window" library="SeleniumLibrary">
<doc>Maximizes current browser window.</doc>
<status status="PASS" starttime="20220117 17:10:16.004" endtime="20220117 17:10:16.140"/>
</kw>
<kw name="Get Element Count" library="SeleniumLibrary">
<var>${links_count}</var>
<arg>xpath://a</arg>
<doc>Returns the number of elements matching ``locator``.</doc>
<msg timestamp="20220117 17:10:16.156" level="INFO">${links_count} = 9</msg>
<status status="PASS" starttime="20220117 17:10:16.140" endtime="20220117 17:10:16.156"/>
</kw>
<kw name="Log To Console" library="BuiltIn">
<arg>${links_count}</arg>
<doc>Logs the given message to the console.</doc>
<status status="PASS" starttime="20220117 17:10:16.156" endtime="20220117 17:10:16.164"/>
</kw>
<kw name="Create List" library="BuiltIn">
<var>@{linkurl}</var>
<doc>Returns a list containing given items.</doc>
<msg timestamp="20220117 17:10:16.164" level="INFO">@{linkurl} = [ ]</msg>
<status status="PASS" starttime="20220117 17:10:16.164" endtime="20220117 17:10:16.164"/>
</kw>
<for flavor="IN RANGE">
<var>${i}</var>
<value>1</value>
<value>${links_count}+1</value>
<iter>
<var name="${i}">1</var>
<kw name="Get Text" library="SeleniumLibrary">
<var>${testlinks}</var>
<arg>xpath:(//a)[${i}]</arg>
<doc>Returns the text value of the element identified by ``locator``.</doc>
<msg timestamp="20220117 17:10:16.196" level="INFO">${testlinks} = </msg>
<status status="PASS" starttime="20220117 17:10:16.164" endtime="20220117 17:10:16.196"/>
</kw>
<kw name="Log To Console" library="BuiltIn">
<arg>${testlinks}</arg>
<doc>Logs the given message to the console.</doc>
<status status="PASS" starttime="20220117 17:10:16.196" endtime="20220117 17:10:16.196"/>
</kw>
<status status="PASS" starttime="20220117 17:10:16.164" endtime="20220117 17:10:16.196"/>
</iter>
<iter>
<var name="${i}">2</var>
<kw name="Get Text" library="SeleniumLibrary">
<var>${testlinks}</var>
<arg>xpath:(//a)[${i}]</arg>
<doc>Returns the text value of the element identified by ``locator``.</doc>
<msg timestamp="20220117 17:10:16.228" level="INFO">${testlinks} = </msg>
<status status="PASS" starttime="20220117 17:10:16.196" endtime="20220117 17:10:16.228"/>
</kw>
<kw name="Log To Console" library="BuiltIn">
<arg>${testlinks}</arg>
<doc>Logs the given message to the console.</doc>
<status status="PASS" starttime="20220117 17:10:16.228" endtime="20220117 17:10:16.228"/>
</kw>
<status status="PASS" starttime="20220117 17:10:16.196" endtime="20220117 17:10:16.228"/>
</iter>
<iter>
<var name="${i}">3</var>
<kw name="Get Text" library="SeleniumLibrary">
<var>${testlinks}</var>
<arg>xpath:(//a)[${i}]</arg>
<doc>Returns the text value of the element identified by ``locator``.</doc>
<msg timestamp="20220117 17:10:16.260" level="INFO">${testlinks} = Home</msg>
<status status="PASS" starttime="20220117 17:10:16.228" endtime="20220117 17:10:16.260"/>
</kw>
<kw name="Log To Console" library="BuiltIn">
<arg>${testlinks}</arg>
<doc>Logs the given message to the console.</doc>
<status status="PASS" starttime="20220117 17:10:16.260" endtime="20220117 17:10:16.260"/>
</kw>
<status status="PASS" starttime="20220117 17:10:16.228" endtime="20220117 17:10:16.260"/>
</iter>
<iter>
<var name="${i}">4</var>
<kw name="Get Text" library="SeleniumLibrary">
<var>${testlinks}</var>
<arg>xpath:(//a)[${i}]</arg>
<doc>Returns the text value of the element identified by ``locator``.</doc>
<msg timestamp="20220117 17:10:16.287" level="INFO">${testlinks} = Posts (Atom)</msg>
<status status="PASS" starttime="20220117 17:10:16.260" endtime="20220117 17:10:16.287"/>
</kw>
<kw name="Log To Console" library="BuiltIn">
<arg>${testlinks}</arg>
<doc>Logs the given message to the console.</doc>
<status status="PASS" starttime="20220117 17:10:16.287" endtime="20220117 17:10:16.287"/>
</kw>
<status status="PASS" starttime="20220117 17:10:16.260" endtime="20220117 17:10:16.287"/>
</iter>
<iter>
<var name="${i}">5</var>
<kw name="Get Text" library="SeleniumLibrary">
<var>${testlinks}</var>
<arg>xpath:(//a)[${i}]</arg>
<doc>Returns the text value of the element identified by ``locator``.</doc>
<msg timestamp="20220117 17:10:16.318" level="INFO">${testlinks} = </msg>
<status status="PASS" starttime="20220117 17:10:16.287" endtime="20220117 17:10:16.318"/>
</kw>
<kw name="Log To Console" library="BuiltIn">
<arg>${testlinks}</arg>
<doc>Logs the given message to the console.</doc>
<status status="PASS" starttime="20220117 17:10:16.334" endtime="20220117 17:10:16.334"/>
</kw>
<status status="PASS" starttime="20220117 17:10:16.287" endtime="20220117 17:10:16.334"/>
</iter>
<iter>
<var name="${i}">6</var>
<kw name="Get Text" library="SeleniumLibrary">
<var>${testlinks}</var>
<arg>xpath:(//a)[${i}]</arg>
<doc>Returns the text value of the element identified by ``locator``.</doc>
<msg timestamp="20220117 17:10:16.361" level="INFO">${testlinks} = Tooltips</msg>
<status status="PASS" starttime="20220117 17:10:16.334" endtime="20220117 17:10:16.361"/>
</kw>
<kw name="Log To Console" library="BuiltIn">
<arg>${testlinks}</arg>
<doc>Logs the given message to the console.</doc>
<status status="PASS" starttime="20220117 17:10:16.361" endtime="20220117 17:10:16.361"/>
</kw>
<status status="PASS" starttime="20220117 17:10:16.334" endtime="20220117 17:10:16.361"/>
</iter>
<iter>
<var name="${i}">7</var>
<kw name="Get Text" library="SeleniumLibrary">
<var>${testlinks}</var>
<arg>xpath:(//a)[${i}]</arg>
<doc>Returns the text value of the element identified by ``locator``.</doc>
<msg timestamp="20220117 17:10:16.386" level="INFO">${testlinks} = ThemeRoller</msg>
<status status="PASS" starttime="20220117 17:10:16.361" endtime="20220117 17:10:16.386"/>
</kw>
<kw name="Log To Console" library="BuiltIn">
<arg>${testlinks}</arg>
<doc>Logs the given message to the console.</doc>
<status status="PASS" starttime="20220117 17:10:16.386" endtime="20220117 17:10:16.386"/>
</kw>
<status status="PASS" starttime="20220117 17:10:16.361" endtime="20220117 17:10:16.386"/>
</iter>
<iter>
<var name="${i}">8</var>
<kw name="Get Text" library="SeleniumLibrary">
<var>${testlinks}</var>
<arg>xpath:(//a)[${i}]</arg>
<doc>Returns the text value of the element identified by ``locator``.</doc>
<msg timestamp="20220117 17:10:16.427" level="INFO">${testlinks} = mariusFM77</msg>
<status status="PASS" starttime="20220117 17:10:16.386" endtime="20220117 17:10:16.427"/>
</kw>
<kw name="Log To Console" library="BuiltIn">
<arg>${testlinks}</arg>
<doc>Logs the given message to the console.</doc>
<status status="PASS" starttime="20220117 17:10:16.427" endtime="20220117 17:10:16.427"/>
</kw>
<status status="PASS" starttime="20220117 17:10:16.386" endtime="20220117 17:10:16.427"/>
</iter>
<iter>
<var name="${i}">9</var>
<kw name="Get Text" library="SeleniumLibrary">
<var>${testlinks}</var>
<arg>xpath:(//a)[${i}]</arg>
<doc>Returns the text value of the element identified by ``locator``.</doc>
<msg timestamp="20220117 17:10:16.452" level="INFO">${testlinks} = Blogger</msg>
<status status="PASS" starttime="20220117 17:10:16.427" endtime="20220117 17:10:16.452"/>
</kw>
<kw name="Log To Console" library="BuiltIn">
<arg>${testlinks}</arg>
<doc>Logs the given message to the console.</doc>
<status status="PASS" starttime="20220117 17:10:16.452" endtime="20220117 17:10:16.452"/>
</kw>
<status status="PASS" starttime="20220117 17:10:16.427" endtime="20220117 17:10:16.452"/>
</iter>
<status status="PASS" starttime="20220117 17:10:16.164" endtime="20220117 17:10:16.452"/>
</for>
<kw name="Close Browser" library="SeleniumLibrary">
<doc>Closes the current browser.</doc>
<status status="PASS" starttime="20220117 17:10:16.452" endtime="20220117 17:10:18.660"/>
</kw>
<status status="PASS" starttime="20220117 17:10:05.451" endtime="20220117 17:10:18.660"/>
</test>
<status status="PASS" starttime="20220117 17:09:54.723" endtime="20220117 17:10:18.660"/>
</suite>
<status status="PASS" starttime="20220117 17:09:54.707" endtime="20220117 17:10:18.660"/>
</suite>
<statistics>
<total>
<stat pass="2" fail="0" skip="0">All Tests</stat>
</total>
<tag>
</tag>
<suite>
<stat pass="2" fail="0" skip="0" id="s1" name="Suites">Suites</stat>
<stat pass="2" fail="0" skip="0" id="s1-s1" name="Tc Links">Suites.Tc Links</stat>
</suite>
</statistics>
<errors>
</errors>
</robot>
