<?xml version="1.0" encoding="UTF-8"?>
<robot generator="Robot 4.1.3 (Python 3.10.0 on win32)" generated="20220112 12:09:27.479" rpa="false" schemaversion="2">
<suite id="s1" name="Suites">
<suite id="s1-s1" name="Tc Wb" source="C:\Users\Harsha\PycharmProjects\pythonProject3\Testcases\tc_wb.robot">
<test id="s1-s1-t1" name="windowbrowser">
<kw name="Open Browser" library="SeleniumLibrary">
<arg>${url}</arg>
<arg>${browser}</arg>
<doc>Opens a new browser instance to the optional ``url``.</doc>
<msg timestamp="20220112 12:09:27.656" level="INFO">Opening browser 'chrome' to base url 'http://demo.automationtesting.in/Windows.html'.</msg>
<status status="PASS" starttime="20220112 12:09:27.656" endtime="20220112 12:09:32.280"/>
</kw>
<kw name="Get Title" library="SeleniumLibrary">
<var>${title}</var>
<doc>Returns the title of the current page.</doc>
<msg timestamp="20220112 12:09:32.300" level="INFO">${title} = Frames &amp; windows</msg>
<status status="PASS" starttime="20220112 12:09:32.280" endtime="20220112 12:09:32.300"/>
</kw>
<kw name="Log To Console" library="BuiltIn">
<arg>${title}</arg>
<doc>Logs the given message to the console.</doc>
<status status="PASS" starttime="20220112 12:09:32.300" endtime="20220112 12:09:32.301"/>
</kw>
<kw name="Sleep" library="BuiltIn">
<arg>10</arg>
<doc>Pauses the test executed for the given time.</doc>
<msg timestamp="20220112 12:09:42.309" level="INFO">Slept 10 seconds</msg>
<status status="PASS" starttime="20220112 12:09:32.301" endtime="20220112 12:09:42.309"/>
</kw>
<kw name="Click Element" library="SeleniumLibrary">
<arg>xpath://*[@id="Tabbed"]/a/button</arg>
<doc>Click the element identified by ``locator``.</doc>
<msg timestamp="20220112 12:09:42.310" level="INFO">Clicking element 'xpath://*[@id="Tabbed"]/a/button'.</msg>
<status status="PASS" starttime="20220112 12:09:42.310" endtime="20220112 12:09:42.384"/>
</kw>
<status status="PASS" starttime="20220112 12:09:27.656" endtime="20220112 12:09:42.385"/>
</test>
<status status="PASS" starttime="20220112 12:09:27.495" endtime="20220112 12:09:42.386"/>
</suite>
<status status="PASS" starttime="20220112 12:09:27.479" endtime="20220112 12:09:42.389"/>
</suite>
<statistics>
<total>
<stat pass="1" fail="0" skip="0">All Tests</stat>
</total>
<tag>
</tag>
<suite>
<stat pass="1" fail="0" skip="0" id="s1" name="Suites">Suites</stat>
<stat pass="1" fail="0" skip="0" id="s1-s1" name="Tc Wb">Suites.Tc Wb</stat>
</suite>
</statistics>
<errors>
</errors>
</robot>
