<?xml version="1.0" encoding="UTF-8"?>
<robot generator="Robot 4.1.3 (Python 3.10.0 on win32)" generated="20220112 12:09:56.859" rpa="false" schemaversion="2">
<suite id="s1" name="Suites">
<suite id="s1-s1" name="Tc3" source="C:\Users\Harsha\PycharmProjects\pythonProject3\Testcases\tc3.robot">
<test id="s1-s1-t1" name="inputtest1">
<kw name="Open Browser" library="SeleniumLibrary">
<arg>${url}</arg>
<arg>${browser}</arg>
<doc>Opens a new browser instance to the optional ``url``.</doc>
<msg timestamp="20220112 12:09:57.055" level="INFO">Opening browser 'chrome' to base url 'https://www.tutorialspoint.com/selenium/selenium_automation_practice.htm'.</msg>
<status status="PASS" starttime="20220112 12:09:57.055" endtime="20220112 12:10:01.933"/>
</kw>
<kw name="Maximize Browser Window" library="SeleniumLibrary">
<doc>Maximizes current browser window.</doc>
<status status="PASS" starttime="20220112 12:10:01.934" endtime="20220112 12:10:02.072"/>
</kw>
<kw name="Sleep" library="BuiltIn">
<arg>2</arg>
<doc>Pauses the test executed for the given time.</doc>
<msg timestamp="20220112 12:10:04.087" level="INFO">Slept 2 seconds</msg>
<status status="PASS" starttime="20220112 12:10:02.072" endtime="20220112 12:10:04.087"/>
</kw>
<kw name="Input Text" library="SeleniumLibrary">
<arg>name:firstname</arg>
<arg>sri_harsha</arg>
<doc>Types the given ``text`` into the text field identified by ``locator``.</doc>
<msg timestamp="20220112 12:10:04.088" level="INFO">Typing text 'sri_harsha' into text field 'name:firstname'.</msg>
<status status="PASS" starttime="20220112 12:10:04.087" endtime="20220112 12:10:04.176"/>
</kw>
<kw name="Input Text" library="SeleniumLibrary">
<arg>name:lastname</arg>
<arg>sai_kamesh</arg>
<doc>Types the given ``text`` into the text field identified by ``locator``.</doc>
<msg timestamp="20220112 12:10:04.176" level="INFO">Typing text 'sai_kamesh' into text field 'name:lastname'.</msg>
<status status="PASS" starttime="20220112 12:10:04.176" endtime="20220112 12:10:04.245"/>
</kw>
<kw name="Select Radio Button" library="SeleniumLibrary">
<arg>sex</arg>
<arg>Male</arg>
<doc>Sets the radio button group ``group_name`` to ``value``.</doc>
<msg timestamp="20220112 12:10:04.246" level="INFO">Selecting 'Male' from radio button 'sex'.</msg>
<status status="PASS" starttime="20220112 12:10:04.245" endtime="20220112 12:10:04.297"/>
</kw>
<kw name="Select Radio Button" library="SeleniumLibrary">
<arg>exp</arg>
<arg>3</arg>
<doc>Sets the radio button group ``group_name`` to ``value``.</doc>
<msg timestamp="20220112 12:10:04.298" level="INFO">Selecting '3' from radio button 'exp'.</msg>
<status status="PASS" starttime="20220112 12:10:04.298" endtime="20220112 12:10:04.347"/>
</kw>
<kw name="Select From List By Index" library="SeleniumLibrary">
<arg>name:continents</arg>
<arg>3</arg>
<doc>Selects options from selection list ``locator`` by ``indexes``.</doc>
<msg timestamp="20220112 12:10:04.347" level="INFO">Selecting options from selection list 'name:continents' by index 3.</msg>
<status status="PASS" starttime="20220112 12:10:04.347" endtime="20220112 12:10:04.430"/>
</kw>
<kw name="Select From List By Label" library="SeleniumLibrary">
<arg>selenium_commands</arg>
<arg>Wait Commands</arg>
<doc>Selects options from selection list ``locator`` by ``labels``.</doc>
<msg timestamp="20220112 12:10:04.430" level="INFO">Selecting options from selection list 'selenium_commands' by label Wait Commands.</msg>
<status status="PASS" starttime="20220112 12:10:04.430" endtime="20220112 12:10:04.479"/>
</kw>
<kw name="Click Element" library="SeleniumLibrary">
<arg>xpath:/html/body/div[1]/div/div[2]/div[4]/div/form/table/tbody/tr[11]/td[2]/button</arg>
<doc>Click the element identified by ``locator``.</doc>
<msg timestamp="20220112 12:10:04.480" level="INFO">Clicking element 'xpath:/html/body/div[1]/div/div[2]/div[4]/div/form/table/tbody/tr[11]/td[2]/button'.</msg>
<status status="PASS" starttime="20220112 12:10:04.480" endtime="20220112 12:10:04.524"/>
</kw>
<status status="PASS" starttime="20220112 12:09:57.054" endtime="20220112 12:10:04.525"/>
</test>
<status status="PASS" starttime="20220112 12:09:56.883" endtime="20220112 12:10:04.525"/>
</suite>
<status status="PASS" starttime="20220112 12:09:56.866" endtime="20220112 12:10:04.527"/>
</suite>
<statistics>
<total>
<stat pass="1" fail="0" skip="0">All Tests</stat>
</total>
<tag>
</tag>
<suite>
<stat pass="1" fail="0" skip="0" id="s1" name="Suites">Suites</stat>
<stat pass="1" fail="0" skip="0" id="s1-s1" name="Tc3">Suites.Tc3</stat>
</suite>
</statistics>
<errors>
</errors>
</robot>
