<?xml version="1.0" encoding="UTF-8"?>
<robot generator="Robot 4.1.3 (Python 3.10.0 on win32)" generated="20220117 17:09:41.009" rpa="false" schemaversion="2">
<suite id="s1" name="Suites">
<suite id="s1-s1" name="Tc Forloop" source="C:\Users\Harsha\PycharmProjects\pythonProject3\Testcases\tc_forloop.robot">
<test id="s1-s1-t1" name="for_loop1">
<for flavor="IN RANGE">
<var>${i}</var>
<value>1</value>
<value>10</value>
<iter>
<var name="${i}">1</var>
<kw name="Log To Console" library="BuiltIn">
<arg>${i}</arg>
<doc>Logs the given message to the console.</doc>
<status status="PASS" starttime="20220117 17:09:41.369" endtime="20220117 17:09:41.369"/>
</kw>
<status status="PASS" starttime="20220117 17:09:41.369" endtime="20220117 17:09:41.369"/>
</iter>
<iter>
<var name="${i}">2</var>
<kw name="Log To Console" library="BuiltIn">
<arg>${i}</arg>
<doc>Logs the given message to the console.</doc>
<status status="PASS" starttime="20220117 17:09:41.377" endtime="20220117 17:09:41.377"/>
</kw>
<status status="PASS" starttime="20220117 17:09:41.377" endtime="20220117 17:09:41.377"/>
</iter>
<iter>
<var name="${i}">3</var>
<kw name="Log To Console" library="BuiltIn">
<arg>${i}</arg>
<doc>Logs the given message to the console.</doc>
<status status="PASS" starttime="20220117 17:09:41.377" endtime="20220117 17:09:41.377"/>
</kw>
<status status="PASS" starttime="20220117 17:09:41.377" endtime="20220117 17:09:41.377"/>
</iter>
<iter>
<var name="${i}">4</var>
<kw name="Log To Console" library="BuiltIn">
<arg>${i}</arg>
<doc>Logs the given message to the console.</doc>
<status status="PASS" starttime="20220117 17:09:41.377" endtime="20220117 17:09:41.377"/>
</kw>
<status status="PASS" starttime="20220117 17:09:41.377" endtime="20220117 17:09:41.377"/>
</iter>
<iter>
<var name="${i}">5</var>
<kw name="Log To Console" library="BuiltIn">
<arg>${i}</arg>
<doc>Logs the given message to the console.</doc>
<status status="PASS" starttime="20220117 17:09:41.377" endtime="20220117 17:09:41.377"/>
</kw>
<status status="PASS" starttime="20220117 17:09:41.377" endtime="20220117 17:09:41.377"/>
</iter>
<iter>
<var name="${i}">6</var>
<kw name="Log To Console" library="BuiltIn">
<arg>${i}</arg>
<doc>Logs the given message to the console.</doc>
<status status="PASS" starttime="20220117 17:09:41.377" endtime="20220117 17:09:41.377"/>
</kw>
<status status="PASS" starttime="20220117 17:09:41.377" endtime="20220117 17:09:41.377"/>
</iter>
<iter>
<var name="${i}">7</var>
<kw name="Log To Console" library="BuiltIn">
<arg>${i}</arg>
<doc>Logs the given message to the console.</doc>
<status status="PASS" starttime="20220117 17:09:41.377" endtime="20220117 17:09:41.385"/>
</kw>
<status status="PASS" starttime="20220117 17:09:41.377" endtime="20220117 17:09:41.385"/>
</iter>
<iter>
<var name="${i}">8</var>
<kw name="Log To Console" library="BuiltIn">
<arg>${i}</arg>
<doc>Logs the given message to the console.</doc>
<status status="PASS" starttime="20220117 17:09:41.385" endtime="20220117 17:09:41.385"/>
</kw>
<status status="PASS" starttime="20220117 17:09:41.385" endtime="20220117 17:09:41.385"/>
</iter>
<iter>
<var name="${i}">9</var>
<kw name="Log To Console" library="BuiltIn">
<arg>${i}</arg>
<doc>Logs the given message to the console.</doc>
<status status="PASS" starttime="20220117 17:09:41.385" endtime="20220117 17:09:41.385"/>
</kw>
<status status="PASS" starttime="20220117 17:09:41.385" endtime="20220117 17:09:41.385"/>
</iter>
<status status="PASS" starttime="20220117 17:09:41.369" endtime="20220117 17:09:41.385"/>
</for>
<status status="PASS" starttime="20220117 17:09:41.369" endtime="20220117 17:09:41.385"/>
</test>
<status status="PASS" starttime="20220117 17:09:41.048" endtime="20220117 17:09:41.385"/>
</suite>
<status status="PASS" starttime="20220117 17:09:41.016" endtime="20220117 17:09:41.395"/>
</suite>
<statistics>
<total>
<stat pass="1" fail="0" skip="0">All Tests</stat>
</total>
<tag>
</tag>
<suite>
<stat pass="1" fail="0" skip="0" id="s1" name="Suites">Suites</stat>
<stat pass="1" fail="0" skip="0" id="s1-s1" name="Tc Forloop">Suites.Tc Forloop</stat>
</suite>
</statistics>
<errors>
</errors>
</robot>
