<?xml version="1.0" encoding="UTF-8"?>
<robot generator="Robot 4.1.3 (Python 3.10.0 on win32)" generated="20220117 17:10:08.214" rpa="false" schemaversion="2">
<suite id="s1" name="Suites">
<suite id="s1-s1" name="Tc Mouse" source="C:\Users\Harsha\PycharmProjects\pythonProject3\Testcases\tc_mouse.robot">
<test id="s1-s1-t1" name="Mouserightclick">
<kw name="Open Browser" library="SeleniumLibrary">
<arg>https://swisnl.github.io/jQuery-contextMenu/demo.html</arg>
<arg>chrome</arg>
<doc>Opens a new browser instance to the optional ``url``.</doc>
<msg timestamp="20220117 17:10:08.597" level="INFO">Opening browser 'chrome' to base url 'https://swisnl.github.io/jQuery-contextMenu/demo.html'.</msg>
<status status="PASS" starttime="20220117 17:10:08.597" endtime="20220117 17:10:14.395"/>
</kw>
<kw name="Maximize Browser Window" library="SeleniumLibrary">
<doc>Maximizes current browser window.</doc>
<status status="PASS" starttime="20220117 17:10:14.395" endtime="20220117 17:10:14.527"/>
</kw>
<kw name="Sleep" library="BuiltIn">
<arg>1</arg>
<doc>Pauses the test executed for the given time.</doc>
<msg timestamp="20220117 17:10:15.540" level="INFO">Slept 1 second</msg>
<status status="PASS" starttime="20220117 17:10:14.527" endtime="20220117 17:10:15.540"/>
</kw>
<kw name="Open Context Menu" library="SeleniumLibrary">
<arg>xpath:/html/body/div/section/div/div/div/p/span</arg>
<doc>Opens the context menu on the element identified by ``locator``.</doc>
<status status="PASS" starttime="20220117 17:10:15.540" endtime="20220117 17:10:15.868"/>
</kw>
<kw name="Close Browser" library="SeleniumLibrary">
<doc>Closes the current browser.</doc>
<status status="PASS" starttime="20220117 17:10:15.868" endtime="20220117 17:10:18.117"/>
</kw>
<status status="PASS" starttime="20220117 17:10:08.589" endtime="20220117 17:10:18.117"/>
</test>
<test id="s1-s1-t2" name="double click element">
<kw name="Open Browser" library="SeleniumLibrary">
<arg>http://testautomationpractice.blogspot.com/</arg>
<arg>chrome</arg>
<doc>Opens a new browser instance to the optional ``url``.</doc>
<msg timestamp="20220117 17:10:18.125" level="INFO">Opening browser 'chrome' to base url 'http://testautomationpractice.blogspot.com/'.</msg>
<status status="PASS" starttime="20220117 17:10:18.125" endtime="20220117 17:10:25.079"/>
</kw>
<kw name="Maximize Browser Window" library="SeleniumLibrary">
<doc>Maximizes current browser window.</doc>
<status status="PASS" starttime="20220117 17:10:25.079" endtime="20220117 17:10:25.215"/>
</kw>
<kw name="Sleep" library="BuiltIn">
<arg>1</arg>
<doc>Pauses the test executed for the given time.</doc>
<msg timestamp="20220117 17:10:26.231" level="INFO">Slept 1 second</msg>
<status status="PASS" starttime="20220117 17:10:25.215" endtime="20220117 17:10:26.231"/>
</kw>
<kw name="Double Click Element" library="SeleniumLibrary">
<arg>xpath://*[@id="HTML10"]/div[1]/button</arg>
<doc>Double clicks the element identified by ``locator``.</doc>
<msg timestamp="20220117 17:10:26.231" level="INFO">Double clicking element 'xpath://*[@id="HTML10"]/div[1]/button'.</msg>
<status status="PASS" starttime="20220117 17:10:26.231" endtime="20220117 17:10:26.529"/>
</kw>
<kw name="Sleep" library="BuiltIn">
<arg>1</arg>
<doc>Pauses the test executed for the given time.</doc>
<msg timestamp="20220117 17:10:27.532" level="INFO">Slept 1 second</msg>
<status status="PASS" starttime="20220117 17:10:26.529" endtime="20220117 17:10:27.532"/>
</kw>
<kw name="Close Browser" library="SeleniumLibrary">
<doc>Closes the current browser.</doc>
<status status="PASS" starttime="20220117 17:10:27.532" endtime="20220117 17:10:29.712"/>
</kw>
<status status="PASS" starttime="20220117 17:10:18.117" endtime="20220117 17:10:29.712"/>
</test>
<test id="s1-s1-t3" name="dragdrop">
<kw name="Open Browser" library="SeleniumLibrary">
<arg>http://testautomationpractice.blogspot.com/</arg>
<arg>chrome</arg>
<doc>Opens a new browser instance to the optional ``url``.</doc>
<msg timestamp="20220117 17:10:29.715" level="INFO">Opening browser 'chrome' to base url 'http://testautomationpractice.blogspot.com/'.</msg>
<status status="PASS" starttime="20220117 17:10:29.712" endtime="20220117 17:10:35.659"/>
</kw>
<kw name="Maximize Browser Window" library="SeleniumLibrary">
<doc>Maximizes current browser window.</doc>
<status status="PASS" starttime="20220117 17:10:35.659" endtime="20220117 17:10:35.795"/>
</kw>
<kw name="Sleep" library="BuiltIn">
<arg>1</arg>
<doc>Pauses the test executed for the given time.</doc>
<msg timestamp="20220117 17:10:36.806" level="INFO">Slept 1 second</msg>
<status status="PASS" starttime="20220117 17:10:35.795" endtime="20220117 17:10:36.806"/>
</kw>
<kw name="Drag And Drop" library="SeleniumLibrary">
<arg>id:draggable</arg>
<arg>id:droppable</arg>
<doc>Drags the element identified by ``locator`` into the ``target`` element.</doc>
<status status="PASS" starttime="20220117 17:10:36.806" endtime="20220117 17:10:37.391"/>
</kw>
<kw name="Sleep" library="BuiltIn">
<arg>1</arg>
<doc>Pauses the test executed for the given time.</doc>
<msg timestamp="20220117 17:10:38.392" level="INFO">Slept 1 second</msg>
<status status="PASS" starttime="20220117 17:10:37.391" endtime="20220117 17:10:38.392"/>
</kw>
<kw name="Close Browser" library="SeleniumLibrary">
<doc>Closes the current browser.</doc>
<status status="PASS" starttime="20220117 17:10:38.392" endtime="20220117 17:10:41.393"/>
</kw>
<status status="PASS" starttime="20220117 17:10:29.712" endtime="20220117 17:10:41.393"/>
</test>
<status status="PASS" starttime="20220117 17:10:08.262" endtime="20220117 17:10:41.393"/>
</suite>
<status status="PASS" starttime="20220117 17:10:08.230" endtime="20220117 17:10:41.393"/>
</suite>
<statistics>
<total>
<stat pass="3" fail="0" skip="0">All Tests</stat>
</total>
<tag>
</tag>
<suite>
<stat pass="3" fail="0" skip="0" id="s1" name="Suites">Suites</stat>
<stat pass="3" fail="0" skip="0" id="s1-s1" name="Tc Mouse">Suites.Tc Mouse</stat>
</suite>
</statistics>
<errors>
</errors>
</robot>
