<?xml version="1.0" encoding="UTF-8"?>
<robot generator="Robot 4.1.3 (Python 3.10.0 on win32)" generated="20220112 12:08:32.653" rpa="false" schemaversion="2">
<suite id="s1" name="Suites">
<suite id="s1-s1" name="Tc Forloop" source="C:\Users\Harsha\PycharmProjects\pythonProject3\Testcases\tc_forloop.robot">
<test id="s1-s1-t1" name="for_loop1">
<for flavor="IN RANGE">
<var>${i}</var>
<value>1</value>
<value>10</value>
<iter>
<var name="${i}">1</var>
<kw name="Log To Console" library="BuiltIn">
<arg>${i}</arg>
<doc>Logs the given message to the console.</doc>
<status status="PASS" starttime="20220112 12:08:32.875" endtime="20220112 12:08:32.875"/>
</kw>
<status status="PASS" starttime="20220112 12:08:32.874" endtime="20220112 12:08:32.875"/>
</iter>
<iter>
<var name="${i}">2</var>
<kw name="Log To Console" library="BuiltIn">
<arg>${i}</arg>
<doc>Logs the given message to the console.</doc>
<status status="PASS" starttime="20220112 12:08:32.876" endtime="20220112 12:08:32.876"/>
</kw>
<status status="PASS" starttime="20220112 12:08:32.876" endtime="20220112 12:08:32.876"/>
</iter>
<iter>
<var name="${i}">3</var>
<kw name="Log To Console" library="BuiltIn">
<arg>${i}</arg>
<doc>Logs the given message to the console.</doc>
<status status="PASS" starttime="20220112 12:08:32.877" endtime="20220112 12:08:32.877"/>
</kw>
<status status="PASS" starttime="20220112 12:08:32.877" endtime="20220112 12:08:32.877"/>
</iter>
<iter>
<var name="${i}">4</var>
<kw name="Log To Console" library="BuiltIn">
<arg>${i}</arg>
<doc>Logs the given message to the console.</doc>
<status status="PASS" starttime="20220112 12:08:32.878" endtime="20220112 12:08:32.879"/>
</kw>
<status status="PASS" starttime="20220112 12:08:32.877" endtime="20220112 12:08:32.879"/>
</iter>
<iter>
<var name="${i}">5</var>
<kw name="Log To Console" library="BuiltIn">
<arg>${i}</arg>
<doc>Logs the given message to the console.</doc>
<status status="PASS" starttime="20220112 12:08:32.879" endtime="20220112 12:08:32.879"/>
</kw>
<status status="PASS" starttime="20220112 12:08:32.879" endtime="20220112 12:08:32.879"/>
</iter>
<iter>
<var name="${i}">6</var>
<kw name="Log To Console" library="BuiltIn">
<arg>${i}</arg>
<doc>Logs the given message to the console.</doc>
<status status="PASS" starttime="20220112 12:08:32.880" endtime="20220112 12:08:32.880"/>
</kw>
<status status="PASS" starttime="20220112 12:08:32.880" endtime="20220112 12:08:32.880"/>
</iter>
<iter>
<var name="${i}">7</var>
<kw name="Log To Console" library="BuiltIn">
<arg>${i}</arg>
<doc>Logs the given message to the console.</doc>
<status status="PASS" starttime="20220112 12:08:32.881" endtime="20220112 12:08:32.881"/>
</kw>
<status status="PASS" starttime="20220112 12:08:32.880" endtime="20220112 12:08:32.881"/>
</iter>
<iter>
<var name="${i}">8</var>
<kw name="Log To Console" library="BuiltIn">
<arg>${i}</arg>
<doc>Logs the given message to the console.</doc>
<status status="PASS" starttime="20220112 12:08:32.881" endtime="20220112 12:08:32.882"/>
</kw>
<status status="PASS" starttime="20220112 12:08:32.881" endtime="20220112 12:08:32.882"/>
</iter>
<iter>
<var name="${i}">9</var>
<kw name="Log To Console" library="BuiltIn">
<arg>${i}</arg>
<doc>Logs the given message to the console.</doc>
<status status="PASS" starttime="20220112 12:08:32.882" endtime="20220112 12:08:32.883"/>
</kw>
<status status="PASS" starttime="20220112 12:08:32.882" endtime="20220112 12:08:32.883"/>
</iter>
<status status="PASS" starttime="20220112 12:08:32.874" endtime="20220112 12:08:32.883"/>
</for>
<status status="PASS" starttime="20220112 12:08:32.873" endtime="20220112 12:08:32.883"/>
</test>
<status status="PASS" starttime="20220112 12:08:32.679" endtime="20220112 12:08:32.884"/>
</suite>
<status status="PASS" starttime="20220112 12:08:32.662" endtime="20220112 12:08:32.885"/>
</suite>
<statistics>
<total>
<stat pass="1" fail="0" skip="0">All Tests</stat>
</total>
<tag>
</tag>
<suite>
<stat pass="1" fail="0" skip="0" id="s1" name="Suites">Suites</stat>
<stat pass="1" fail="0" skip="0" id="s1-s1" name="Tc Forloop">Suites.Tc Forloop</stat>
</suite>
</statistics>
<errors>
</errors>
</robot>
