<?xml version="1.0" encoding="UTF-8"?>
<robot generator="Robot 4.1.3 (Python 3.10.0 on win32)" generated="20220112 12:08:18.056" rpa="false" schemaversion="2">
<suite id="s1" name="Suites">
<suite id="s1-s1" name="Tc Browser" source="C:\Users\Harsha\PycharmProjects\pythonProject3\Testcases\tc_browser.robot">
<test id="s1-s1-t1" name="browsertest">
<kw name="Open Browser" library="SeleniumLibrary">
<arg>https://www.google.com/</arg>
<arg>chrome</arg>
<doc>Opens a new browser instance to the optional ``url``.</doc>
<msg timestamp="20220112 12:08:18.260" level="INFO">Opening browser 'chrome' to base url 'https://www.google.com/'.</msg>
<status status="PASS" starttime="20220112 12:08:18.260" endtime="20220112 12:08:21.264"/>
</kw>
<kw name="Maximize Browser Window" library="SeleniumLibrary">
<doc>Maximizes current browser window.</doc>
<status status="PASS" starttime="20220112 12:08:21.264" endtime="20220112 12:08:21.394"/>
</kw>
<kw name="Sleep" library="BuiltIn">
<arg>2</arg>
<doc>Pauses the test executed for the given time.</doc>
<msg timestamp="20220112 12:08:23.406" level="INFO">Slept 2 seconds</msg>
<status status="PASS" starttime="20220112 12:08:21.395" endtime="20220112 12:08:23.406"/>
</kw>
<kw name="Open Browser" library="SeleniumLibrary">
<arg>https://www.bing.com/</arg>
<arg>chrome</arg>
<doc>Opens a new browser instance to the optional ``url``.</doc>
<msg timestamp="20220112 12:08:23.407" level="INFO">Opening browser 'chrome' to base url 'https://www.bing.com/'.</msg>
<status status="PASS" starttime="20220112 12:08:23.406" endtime="20220112 12:08:29.450"/>
</kw>
<kw name="Maximize Browser Window" library="SeleniumLibrary">
<doc>Maximizes current browser window.</doc>
<status status="PASS" starttime="20220112 12:08:29.451" endtime="20220112 12:08:29.571"/>
</kw>
<kw name="Sleep" library="BuiltIn">
<arg>2</arg>
<doc>Pauses the test executed for the given time.</doc>
<msg timestamp="20220112 12:08:31.580" level="INFO">Slept 2 seconds</msg>
<status status="PASS" starttime="20220112 12:08:29.571" endtime="20220112 12:08:31.580"/>
</kw>
<kw name="Switch Browser" library="SeleniumLibrary">
<arg>1</arg>
<doc>Switches between active browsers using ``index_or_alias``.</doc>
<status status="PASS" starttime="20220112 12:08:31.581" endtime="20220112 12:08:31.581"/>
</kw>
<kw name="Get Title" library="SeleniumLibrary">
<var>${title1}</var>
<doc>Returns the title of the current page.</doc>
<msg timestamp="20220112 12:08:31.588" level="INFO">${title1} = Google</msg>
<status status="PASS" starttime="20220112 12:08:31.581" endtime="20220112 12:08:31.588"/>
</kw>
<kw name="Log To Console" library="BuiltIn">
<arg>${title1}</arg>
<doc>Logs the given message to the console.</doc>
<status status="PASS" starttime="20220112 12:08:31.588" endtime="20220112 12:08:31.589"/>
</kw>
<kw name="Switch Browser" library="SeleniumLibrary">
<arg>2</arg>
<doc>Switches between active browsers using ``index_or_alias``.</doc>
<status status="PASS" starttime="20220112 12:08:31.589" endtime="20220112 12:08:31.590"/>
</kw>
<kw name="Get Title" library="SeleniumLibrary">
<var>${title2}</var>
<doc>Returns the title of the current page.</doc>
<msg timestamp="20220112 12:08:31.629" level="INFO">${title2} = Bing</msg>
<status status="PASS" starttime="20220112 12:08:31.590" endtime="20220112 12:08:31.629"/>
</kw>
<kw name="Log To Console" library="BuiltIn">
<arg>${title2}</arg>
<doc>Logs the given message to the console.</doc>
<status status="PASS" starttime="20220112 12:08:31.629" endtime="20220112 12:08:31.630"/>
</kw>
<kw name="Close All Browsers" library="SeleniumLibrary">
<doc>Closes all open browsers and resets the browser cache.</doc>
<status status="PASS" starttime="20220112 12:08:31.630" endtime="20220112 12:08:35.926"/>
</kw>
<status status="PASS" starttime="20220112 12:08:18.260" endtime="20220112 12:08:35.927"/>
</test>
<status status="PASS" starttime="20220112 12:08:18.087" endtime="20220112 12:08:35.928"/>
</suite>
<status status="PASS" starttime="20220112 12:08:18.071" endtime="20220112 12:08:35.930"/>
</suite>
<statistics>
<total>
<stat pass="1" fail="0" skip="0">All Tests</stat>
</total>
<tag>
</tag>
<suite>
<stat pass="1" fail="0" skip="0" id="s1" name="Suites">Suites</stat>
<stat pass="1" fail="0" skip="0" id="s1-s1" name="Tc Browser">Suites.Tc Browser</stat>
</suite>
</statistics>
<errors>
</errors>
</robot>
