<?xml version="1.0" encoding="UTF-8"?>
<robot generator="Robot 4.1.3 (Python 3.10.0 on win32)" generated="20220117 17:10:19.521" rpa="false" schemaversion="2">
<suite id="s1" name="Suites">
<suite id="s1-s1" name="Tc Navigation" source="C:\Users\Harsha\PycharmProjects\pythonProject3\Testcases\tc_navigation.robot">
<test id="s1-s1-t1" name="navigationtest">
<kw name="Open Browser" library="SeleniumLibrary">
<arg>https://www.google.com/</arg>
<arg>chrome</arg>
<doc>Opens a new browser instance to the optional ``url``.</doc>
<msg timestamp="20220117 17:10:19.887" level="INFO">Opening browser 'chrome' to base url 'https://www.google.com/'.</msg>
<status status="PASS" starttime="20220117 17:10:19.887" endtime="20220117 17:10:22.460"/>
</kw>
<kw name="Sleep" library="BuiltIn">
<arg>2</arg>
<doc>Pauses the test executed for the given time.</doc>
<msg timestamp="20220117 17:10:24.467" level="INFO">Slept 2 seconds</msg>
<status status="PASS" starttime="20220117 17:10:22.460" endtime="20220117 17:10:24.467"/>
</kw>
<kw name="Get Location" library="SeleniumLibrary">
<var>${loc}</var>
<doc>Returns the current browser window URL.</doc>
<msg timestamp="20220117 17:10:24.475" level="INFO">${loc} = https://www.google.com/</msg>
<status status="PASS" starttime="20220117 17:10:24.467" endtime="20220117 17:10:24.475"/>
</kw>
<kw name="Log To Console" library="BuiltIn">
<arg>${loc}</arg>
<doc>Logs the given message to the console.</doc>
<status status="PASS" starttime="20220117 17:10:24.475" endtime="20220117 17:10:24.475"/>
</kw>
<kw name="Open Browser" library="SeleniumLibrary">
<arg>https://www.bing.com/</arg>
<arg>chrome</arg>
<doc>Opens a new browser instance to the optional ``url``.</doc>
<msg timestamp="20220117 17:10:24.475" level="INFO">Opening browser 'chrome' to base url 'https://www.bing.com/'.</msg>
<status status="PASS" starttime="20220117 17:10:24.475" endtime="20220117 17:10:26.295"/>
</kw>
<kw name="Get Location" library="SeleniumLibrary">
<var>${loc}</var>
<doc>Returns the current browser window URL.</doc>
<msg timestamp="20220117 17:10:26.303" level="INFO">${loc} = https://www.bing.com/</msg>
<status status="PASS" starttime="20220117 17:10:26.295" endtime="20220117 17:10:26.303"/>
</kw>
<kw name="Log To Console" library="BuiltIn">
<arg>${loc}</arg>
<doc>Logs the given message to the console.</doc>
<status status="PASS" starttime="20220117 17:10:26.303" endtime="20220117 17:10:26.303"/>
</kw>
<kw name="Go Back" library="SeleniumLibrary">
<doc>Simulates the user clicking the back button on their browser.</doc>
<status status="PASS" starttime="20220117 17:10:26.303" endtime="20220117 17:10:26.375"/>
</kw>
<kw name="Get Location" library="SeleniumLibrary">
<var>${loc}</var>
<doc>Returns the current browser window URL.</doc>
<msg timestamp="20220117 17:10:26.383" level="INFO">${loc} = data:,</msg>
<status status="PASS" starttime="20220117 17:10:26.375" endtime="20220117 17:10:26.383"/>
</kw>
<kw name="Log To Console" library="BuiltIn">
<arg>${loc}</arg>
<doc>Logs the given message to the console.</doc>
<status status="PASS" starttime="20220117 17:10:26.383" endtime="20220117 17:10:26.383"/>
</kw>
<kw name="Sleep" library="BuiltIn">
<arg>2</arg>
<doc>Pauses the test executed for the given time.</doc>
<msg timestamp="20220117 17:10:28.394" level="INFO">Slept 2 seconds</msg>
<status status="PASS" starttime="20220117 17:10:26.383" endtime="20220117 17:10:28.394"/>
</kw>
<kw name="Close All Browsers" library="SeleniumLibrary">
<doc>Closes all open browsers and resets the browser cache.</doc>
<status status="PASS" starttime="20220117 17:10:28.394" endtime="20220117 17:10:32.778"/>
</kw>
<status status="PASS" starttime="20220117 17:10:19.880" endtime="20220117 17:10:32.778"/>
</test>
<status status="PASS" starttime="20220117 17:10:19.561" endtime="20220117 17:10:32.785"/>
</suite>
<status status="PASS" starttime="20220117 17:10:19.529" endtime="20220117 17:10:32.785"/>
</suite>
<statistics>
<total>
<stat pass="1" fail="0" skip="0">All Tests</stat>
</total>
<tag>
</tag>
<suite>
<stat pass="1" fail="0" skip="0" id="s1" name="Suites">Suites</stat>
<stat pass="1" fail="0" skip="0" id="s1-s1" name="Tc Navigation">Suites.Tc Navigation</stat>
</suite>
</statistics>
<errors>
</errors>
</robot>
