<?xml version="1.0" encoding="UTF-8"?>
<robot generator="Robot 4.1.3 (Python 3.10.0 on win32)" generated="20220112 12:08:33.465" rpa="false" schemaversion="2">
<suite id="s1" name="Suites">
<suite id="s1-s1" name="Tc Frames" source="C:\Users\Harsha\PycharmProjects\pythonProject3\Testcases\tc_frames.robot">
<test id="s1-s1-t1" name="testframes">
<kw name="Open Browser" library="SeleniumLibrary">
<arg>${url}</arg>
<arg>${browser}</arg>
<doc>Opens a new browser instance to the optional ``url``.</doc>
<msg timestamp="20220112 12:08:33.652" level="INFO">Opening browser 'chrome' to base url 'https://www.selenium.dev/selenium/docs/api/java/index.html?overview-summary.html'.</msg>
<status status="PASS" starttime="20220112 12:08:33.652" endtime="20220112 12:08:36.578"/>
</kw>
<kw name="Maximize Browser Window" library="SeleniumLibrary">
<doc>Maximizes current browser window.</doc>
<status status="PASS" starttime="20220112 12:08:36.578" endtime="20220112 12:08:36.708"/>
</kw>
<kw name="Select Frame" library="SeleniumLibrary">
<arg>packageListFrame</arg>
<doc>Sets frame identified by ``locator`` as the current frame.</doc>
<msg timestamp="20220112 12:08:36.709" level="INFO">Selecting frame 'packageListFrame'.</msg>
<status status="PASS" starttime="20220112 12:08:36.708" endtime="20220112 12:08:36.737"/>
</kw>
<kw name="Click Link" library="SeleniumLibrary">
<arg>org.openqa.selenium</arg>
<doc>Clicks a link identified by ``locator``.</doc>
<msg timestamp="20220112 12:08:36.738" level="INFO">Clicking link 'org.openqa.selenium'.</msg>
<status status="PASS" starttime="20220112 12:08:36.737" endtime="20220112 12:08:36.806"/>
</kw>
<kw name="Sleep" library="BuiltIn">
<arg>5</arg>
<doc>Pauses the test executed for the given time.</doc>
<msg timestamp="20220112 12:08:41.822" level="INFO">Slept 5 seconds</msg>
<status status="PASS" starttime="20220112 12:08:36.807" endtime="20220112 12:08:41.822"/>
</kw>
<kw name="Unselect Frame" library="SeleniumLibrary">
<doc>Sets the main frame as the current frame.</doc>
<status status="PASS" starttime="20220112 12:08:41.822" endtime="20220112 12:08:41.825"/>
</kw>
<kw name="Close Browser" library="SeleniumLibrary">
<doc>Closes the current browser.</doc>
<status status="PASS" starttime="20220112 12:08:41.826" endtime="20220112 12:08:43.942"/>
</kw>
<kw name="v">
<msg timestamp="20220112 12:08:43.942" level="FAIL">No keyword with name 'v' found.</msg>
<status status="FAIL" starttime="20220112 12:08:43.942" endtime="20220112 12:08:43.942"/>
</kw>
<kw name="Select Frame" library="SeleniumLibrary">
<arg>packageFrame</arg>
<doc>Sets frame identified by ``locator`` as the current frame.</doc>
<status status="NOT RUN" starttime="20220112 12:08:43.942" endtime="20220112 12:08:43.942"/>
</kw>
<kw name="Sleep" library="BuiltIn">
<arg>1</arg>
<doc>Pauses the test executed for the given time.</doc>
<status status="NOT RUN" starttime="20220112 12:08:43.942" endtime="20220112 12:08:43.942"/>
</kw>
<kw name="Click Element" library="SeleniumLibrary">
<arg>xpath:/html/body/main/ul/li[1]/a</arg>
<doc>Click the element identified by ``locator``.</doc>
<status status="NOT RUN" starttime="20220112 12:08:43.942" endtime="20220112 12:08:43.942"/>
</kw>
<kw name="Sleep" library="BuiltIn">
<arg>5</arg>
<doc>Pauses the test executed for the given time.</doc>
<status status="NOT RUN" starttime="20220112 12:08:43.942" endtime="20220112 12:08:43.942"/>
</kw>
<kw name="Unselect Frame" library="SeleniumLibrary">
<doc>Sets the main frame as the current frame.</doc>
<status status="NOT RUN" starttime="20220112 12:08:43.942" endtime="20220112 12:08:43.942"/>
</kw>
<kw name="Close Browser" library="SeleniumLibrary">
<doc>Closes the current browser.</doc>
<status status="NOT RUN" starttime="20220112 12:08:43.942" endtime="20220112 12:08:43.942"/>
</kw>
<kw name="Open Browser" library="SeleniumLibrary">
<arg>${url}</arg>
<arg>${browser}</arg>
<doc>Opens a new browser instance to the optional ``url``.</doc>
<status status="NOT RUN" starttime="20220112 12:08:43.942" endtime="20220112 12:08:43.942"/>
</kw>
<kw name="Select Frame" library="SeleniumLibrary">
<arg>classFrame</arg>
<doc>Sets frame identified by ``locator`` as the current frame.</doc>
<status status="NOT RUN" starttime="20220112 12:08:43.942" endtime="20220112 12:08:43.942"/>
</kw>
<kw name="Click Link" library="SeleniumLibrary">
<arg>org.openqa.selenium</arg>
<doc>Clicks a link identified by ``locator``.</doc>
<status status="NOT RUN" starttime="20220112 12:08:43.942" endtime="20220112 12:08:43.942"/>
</kw>
<kw name="Unselect Frame" library="SeleniumLibrary">
<doc>Sets the main frame as the current frame.</doc>
<status status="NOT RUN" starttime="20220112 12:08:43.942" endtime="20220112 12:08:43.942"/>
</kw>
<kw name="Close Browser" library="SeleniumLibrary">
<doc>Closes the current browser.</doc>
<status status="NOT RUN" starttime="20220112 12:08:43.942" endtime="20220112 12:08:43.942"/>
</kw>
<status status="FAIL" starttime="20220112 12:08:33.651" endtime="20220112 12:08:43.942">No keyword with name 'v' found.</status>
</test>
<status status="FAIL" starttime="20220112 12:08:33.487" endtime="20220112 12:08:43.953"/>
</suite>
<status status="FAIL" starttime="20220112 12:08:33.470" endtime="20220112 12:08:43.953"/>
</suite>
<statistics>
<total>
<stat pass="0" fail="1" skip="0">All Tests</stat>
</total>
<tag>
</tag>
<suite>
<stat pass="0" fail="1" skip="0" id="s1" name="Suites">Suites</stat>
<stat pass="0" fail="1" skip="0" id="s1-s1" name="Tc Frames">Suites.Tc Frames</stat>
</suite>
</statistics>
<errors>
</errors>
</robot>
