<?xml version="1.0" encoding="UTF-8"?>
<robot generator="Robot 4.1.3 (Python 3.10.0 on win32)" generated="20220112 12:08:36.409" rpa="false" schemaversion="2">
<suite id="s1" name="Suites">
<suite id="s1-s1" name="Tc Htmltable" source="C:\Users\Harsha\PycharmProjects\pythonProject3\Testcases\tc_htmltable.robot">
<test id="s1-s1-t1" name="html_table">
<kw name="Open Browser" library="SeleniumLibrary">
<arg>http://testautomationpractice.blogspot.com/</arg>
<arg>chrome</arg>
<doc>Opens a new browser instance to the optional ``url``.</doc>
<msg timestamp="20220112 12:08:36.639" level="INFO">Opening browser 'chrome' to base url 'http://testautomationpractice.blogspot.com/'.</msg>
<status status="PASS" starttime="20220112 12:08:36.638" endtime="20220112 12:08:42.386"/>
</kw>
<kw name="Maximize Browser Window" library="SeleniumLibrary">
<doc>Maximizes current browser window.</doc>
<status status="PASS" starttime="20220112 12:08:42.386" endtime="20220112 12:08:42.509"/>
</kw>
<kw name="Get Element Count" library="SeleniumLibrary">
<var>${rows}</var>
<arg>xpath://*[@id="HTML1"]/div[1]/table/tbody/tr</arg>
<doc>Returns the number of elements matching ``locator``.</doc>
<msg timestamp="20220112 12:08:42.519" level="INFO">${rows} = 7</msg>
<status status="PASS" starttime="20220112 12:08:42.509" endtime="20220112 12:08:42.519"/>
</kw>
<kw name="Log To Console" library="BuiltIn">
<arg>${rows}</arg>
<doc>Logs the given message to the console.</doc>
<status status="PASS" starttime="20220112 12:08:42.520" endtime="20220112 12:08:42.520"/>
</kw>
<kw name="Get Element Count" library="SeleniumLibrary">
<var>${cols}</var>
<arg>xpath://*[@id="HTML1"]/div[1]/table/tbody/tr[1]/th</arg>
<doc>Returns the number of elements matching ``locator``.</doc>
<msg timestamp="20220112 12:08:42.530" level="INFO">${cols} = 4</msg>
<status status="PASS" starttime="20220112 12:08:42.520" endtime="20220112 12:08:42.530"/>
</kw>
<kw name="Log To Console" library="BuiltIn">
<arg>${cols}</arg>
<doc>Logs the given message to the console.</doc>
<status status="PASS" starttime="20220112 12:08:42.530" endtime="20220112 12:08:42.531"/>
</kw>
<kw name="Get Text" library="SeleniumLibrary">
<var>${data}</var>
<arg>xpath://*[@id="HTML1"]/div[1]/table/tbody/tr[2]/td[2]</arg>
<doc>Returns the text value of the element identified by ``locator``.</doc>
<msg timestamp="20220112 12:08:42.537" level="INFO">${data} = Amit</msg>
<status status="PASS" starttime="20220112 12:08:42.531" endtime="20220112 12:08:42.537"/>
</kw>
<kw name="Log To Console" library="BuiltIn">
<arg>${data}</arg>
<doc>Logs the given message to the console.</doc>
<status status="PASS" starttime="20220112 12:08:42.537" endtime="20220112 12:08:42.552"/>
</kw>
<kw name="Table Column Should Contain" library="SeleniumLibrary">
<arg>xpath://*[@id="HTML1"]/div[1]/table</arg>
<arg>2</arg>
<arg>Author</arg>
<doc>Verifies table column contains text ``expected``.</doc>
<status status="PASS" starttime="20220112 12:08:42.552" endtime="20220112 12:08:42.583"/>
</kw>
<kw name="Table Row Should Contain" library="SeleniumLibrary">
<arg>xpath://*[@id="HTML1"]/div[1]/table</arg>
<arg>4</arg>
<arg>Learn JS</arg>
<doc>Verifies that table row contains text ``expected``.</doc>
<status status="PASS" starttime="20220112 12:08:42.583" endtime="20220112 12:08:42.615"/>
</kw>
<kw name="Table Cell Should Contain" library="SeleniumLibrary">
<arg>xpath://*[@id="HTML1"]/div[1]/table</arg>
<arg>5</arg>
<arg>2</arg>
<arg>Mukesh</arg>
<doc>Verifies table cell contains text ``expected``.</doc>
<msg timestamp="20220112 12:08:42.660" level="INFO">Table cell contains 'Mukesh'.</msg>
<status status="PASS" starttime="20220112 12:08:42.615" endtime="20220112 12:08:42.660"/>
</kw>
<kw name="Close Browser" library="SeleniumLibrary">
<doc>Closes the current browser.</doc>
<status status="PASS" starttime="20220112 12:08:42.660" endtime="20220112 12:08:44.793"/>
</kw>
<status status="PASS" starttime="20220112 12:08:36.637" endtime="20220112 12:08:44.793"/>
</test>
<status status="PASS" starttime="20220112 12:08:36.443" endtime="20220112 12:08:44.793"/>
</suite>
<status status="PASS" starttime="20220112 12:08:36.423" endtime="20220112 12:08:44.793"/>
</suite>
<statistics>
<total>
<stat pass="1" fail="0" skip="0">All Tests</stat>
</total>
<tag>
</tag>
<suite>
<stat pass="1" fail="0" skip="0" id="s1" name="Suites">Suites</stat>
<stat pass="1" fail="0" skip="0" id="s1-s1" name="Tc Htmltable">Suites.Tc Htmltable</stat>
</suite>
</statistics>
<errors>
</errors>
</robot>
