<?xml version="1.0" encoding="UTF-8"?>
<robot generator="Robot 4.1.3 (Python 3.10.0 on win32)" generated="20220117 17:09:41.537" rpa="false" schemaversion="2">
<suite id="s1" name="Suites">
<suite id="s1-s1" name="Tc Frames" source="C:\Users\Harsha\PycharmProjects\pythonProject3\Testcases\tc_frames.robot">
<test id="s1-s1-t1" name="testframes">
<kw name="Open Browser" library="SeleniumLibrary">
<arg>${url}</arg>
<arg>${browser}</arg>
<doc>Opens a new browser instance to the optional ``url``.</doc>
<msg timestamp="20220117 17:09:41.917" level="INFO">Opening browser 'chrome' to base url 'https://www.selenium.dev/selenium/docs/api/java/index.html?overview-summary.html'.</msg>
<status status="PASS" starttime="20220117 17:09:41.917" endtime="20220117 17:09:46.643"/>
</kw>
<kw name="Maximize Browser Window" library="SeleniumLibrary">
<doc>Maximizes current browser window.</doc>
<status status="PASS" starttime="20220117 17:09:46.643" endtime="20220117 17:09:46.771"/>
</kw>
<kw name="Select Frame" library="SeleniumLibrary">
<arg>packageListFrame</arg>
<doc>Sets frame identified by ``locator`` as the current frame.</doc>
<msg timestamp="20220117 17:09:46.771" level="INFO">Selecting frame 'packageListFrame'.</msg>
<status status="PASS" starttime="20220117 17:09:46.771" endtime="20220117 17:09:46.803"/>
</kw>
<kw name="Click Link" library="SeleniumLibrary">
<arg>org.openqa.selenium</arg>
<doc>Clicks a link identified by ``locator``.</doc>
<msg timestamp="20220117 17:09:46.803" level="INFO">Clicking link 'org.openqa.selenium'.</msg>
<status status="PASS" starttime="20220117 17:09:46.803" endtime="20220117 17:09:46.915"/>
</kw>
<kw name="Sleep" library="BuiltIn">
<arg>5</arg>
<doc>Pauses the test executed for the given time.</doc>
<msg timestamp="20220117 17:09:51.921" level="INFO">Slept 5 seconds</msg>
<status status="PASS" starttime="20220117 17:09:46.915" endtime="20220117 17:09:51.921"/>
</kw>
<kw name="Unselect Frame" library="SeleniumLibrary">
<doc>Sets the main frame as the current frame.</doc>
<status status="PASS" starttime="20220117 17:09:51.921" endtime="20220117 17:09:51.921"/>
</kw>
<kw name="Close Browser" library="SeleniumLibrary">
<doc>Closes the current browser.</doc>
<status status="PASS" starttime="20220117 17:09:51.921" endtime="20220117 17:09:54.049"/>
</kw>
<kw name="Select Frame" library="SeleniumLibrary">
<arg>packageFrame</arg>
<doc>Sets frame identified by ``locator`` as the current frame.</doc>
<msg timestamp="20220117 17:09:54.049" level="INFO">Selecting frame 'packageFrame'.</msg>
<kw name="Capture Page Screenshot" library="SeleniumLibrary">
<doc>Takes a screenshot of the current page and embeds it into a log file.</doc>
<msg timestamp="20220117 17:09:54.049" level="INFO">Cannot capture screenshot because no browser is open.</msg>
<status status="PASS" starttime="20220117 17:09:54.049" endtime="20220117 17:09:54.049"/>
</kw>
<msg timestamp="20220117 17:09:54.049" level="FAIL">No browser is open.</msg>
<status status="FAIL" starttime="20220117 17:09:54.049" endtime="20220117 17:09:54.049"/>
</kw>
<kw name="Sleep" library="BuiltIn">
<arg>1</arg>
<doc>Pauses the test executed for the given time.</doc>
<status status="NOT RUN" starttime="20220117 17:09:54.049" endtime="20220117 17:09:54.049"/>
</kw>
<kw name="Click Element" library="SeleniumLibrary">
<arg>xpath:/html/body/main/ul/li[1]/a</arg>
<doc>Click the element identified by ``locator``.</doc>
<status status="NOT RUN" starttime="20220117 17:09:54.049" endtime="20220117 17:09:54.049"/>
</kw>
<kw name="Sleep" library="BuiltIn">
<arg>5</arg>
<doc>Pauses the test executed for the given time.</doc>
<status status="NOT RUN" starttime="20220117 17:09:54.049" endtime="20220117 17:09:54.057"/>
</kw>
<kw name="Unselect Frame" library="SeleniumLibrary">
<doc>Sets the main frame as the current frame.</doc>
<status status="NOT RUN" starttime="20220117 17:09:54.057" endtime="20220117 17:09:54.057"/>
</kw>
<kw name="Close Browser" library="SeleniumLibrary">
<doc>Closes the current browser.</doc>
<status status="NOT RUN" starttime="20220117 17:09:54.057" endtime="20220117 17:09:54.057"/>
</kw>
<kw name="Open Browser" library="SeleniumLibrary">
<arg>${url}</arg>
<arg>${browser}</arg>
<doc>Opens a new browser instance to the optional ``url``.</doc>
<status status="NOT RUN" starttime="20220117 17:09:54.057" endtime="20220117 17:09:54.057"/>
</kw>
<kw name="Select Frame" library="SeleniumLibrary">
<arg>classFrame</arg>
<doc>Sets frame identified by ``locator`` as the current frame.</doc>
<status status="NOT RUN" starttime="20220117 17:09:54.057" endtime="20220117 17:09:54.057"/>
</kw>
<kw name="Click Link" library="SeleniumLibrary">
<arg>org.openqa.selenium</arg>
<doc>Clicks a link identified by ``locator``.</doc>
<status status="NOT RUN" starttime="20220117 17:09:54.057" endtime="20220117 17:09:54.057"/>
</kw>
<kw name="Unselect Frame" library="SeleniumLibrary">
<doc>Sets the main frame as the current frame.</doc>
<status status="NOT RUN" starttime="20220117 17:09:54.057" endtime="20220117 17:09:54.057"/>
</kw>
<kw name="Close Browser" library="SeleniumLibrary">
<doc>Closes the current browser.</doc>
<status status="NOT RUN" starttime="20220117 17:09:54.057" endtime="20220117 17:09:54.057"/>
</kw>
<status status="FAIL" starttime="20220117 17:09:41.910" endtime="20220117 17:09:54.057">No browser is open.</status>
</test>
<status status="FAIL" starttime="20220117 17:09:41.577" endtime="20220117 17:09:54.057"/>
</suite>
<status status="FAIL" starttime="20220117 17:09:41.553" endtime="20220117 17:09:54.065"/>
</suite>
<statistics>
<total>
<stat pass="0" fail="1" skip="0">All Tests</stat>
</total>
<tag>
</tag>
<suite>
<stat pass="0" fail="1" skip="0" id="s1" name="Suites">Suites</stat>
<stat pass="0" fail="1" skip="0" id="s1-s1" name="Tc Frames">Suites.Tc Frames</stat>
</suite>
</statistics>
<errors>
</errors>
</robot>
