<?xml version="1.0" encoding="UTF-8"?>
<robot generator="Robot 4.1.3 (Python 3.10.0 on win32)" generated="20220117 17:09:53.161" rpa="false" schemaversion="2">
<suite id="s1" name="Suites">
<suite id="s1-s1" name="Tc Keywords" source="C:\Users\Harsha\PycharmProjects\pythonProject3\Testcases\tc_keywords.robot">
<test id="s1-s1-t1" name="keyy">
<kw name="LaunchBrowser" library="resources">
<var>${pl}</var>
<arg>${url}</arg>
<arg>${browser}</arg>
<kw name="Open Browser" library="SeleniumLibrary">
<arg>${appurl}</arg>
<arg>${appbrowser}</arg>
<doc>Opens a new browser instance to the optional ``url``.</doc>
<msg timestamp="20220117 17:09:53.416" level="INFO">Opening browser 'chrome' to base url 'http://testautomationpractice.blogspot.com/'.</msg>
<status status="PASS" starttime="20220117 17:09:53.416" endtime="20220117 17:10:02.679"/>
</kw>
<kw name="Maximize Browser Window" library="SeleniumLibrary">
<doc>Maximizes current browser window.</doc>
<status status="PASS" starttime="20220117 17:10:02.679" endtime="20220117 17:10:02.802"/>
</kw>
<kw name="Get Title" library="SeleniumLibrary">
<var>${title}</var>
<doc>Returns the title of the current page.</doc>
<msg timestamp="20220117 17:10:02.810" level="INFO">${title} = Automation Testing Practice</msg>
<status status="PASS" starttime="20220117 17:10:02.802" endtime="20220117 17:10:02.810"/>
</kw>
<msg timestamp="20220117 17:10:02.810" level="INFO">${pl} = Automation Testing Practice</msg>
<status status="PASS" starttime="20220117 17:09:53.416" endtime="20220117 17:10:02.810"/>
</kw>
<kw name="Get Title" library="SeleniumLibrary">
<var>${pl}</var>
<doc>Returns the title of the current page.</doc>
<msg timestamp="20220117 17:10:02.810" level="INFO">${pl} = Automation Testing Practice</msg>
<status status="PASS" starttime="20220117 17:10:02.810" endtime="20220117 17:10:02.810"/>
</kw>
<kw name="Log To Console" library="BuiltIn">
<arg>${pl}</arg>
<doc>Logs the given message to the console.</doc>
<status status="PASS" starttime="20220117 17:10:02.818" endtime="20220117 17:10:02.818"/>
</kw>
<kw name="Sleep" library="BuiltIn">
<arg>1</arg>
<doc>Pauses the test executed for the given time.</doc>
<msg timestamp="20220117 17:10:03.819" level="INFO">Slept 1 second</msg>
<status status="PASS" starttime="20220117 17:10:02.818" endtime="20220117 17:10:03.819"/>
</kw>
<kw name="Double Click Element" library="SeleniumLibrary">
<arg>xpath://*[@id="HTML10"]/div[1]/button</arg>
<doc>Double clicks the element identified by ``locator``.</doc>
<msg timestamp="20220117 17:10:03.819" level="INFO">Double clicking element 'xpath://*[@id="HTML10"]/div[1]/button'.</msg>
<status status="PASS" starttime="20220117 17:10:03.819" endtime="20220117 17:10:04.107"/>
</kw>
<kw name="Sleep" library="BuiltIn">
<arg>1</arg>
<doc>Pauses the test executed for the given time.</doc>
<msg timestamp="20220117 17:10:05.120" level="INFO">Slept 1 second</msg>
<status status="PASS" starttime="20220117 17:10:04.107" endtime="20220117 17:10:05.120"/>
</kw>
<kw name="Close Browser" library="SeleniumLibrary">
<doc>Closes the current browser.</doc>
<status status="PASS" starttime="20220117 17:10:05.120" endtime="20220117 17:10:07.335"/>
</kw>
<status status="PASS" starttime="20220117 17:09:53.416" endtime="20220117 17:10:07.335"/>
</test>
<status status="PASS" starttime="20220117 17:09:53.201" endtime="20220117 17:10:07.335"/>
</suite>
<status status="PASS" starttime="20220117 17:09:53.169" endtime="20220117 17:10:07.343"/>
</suite>
<statistics>
<total>
<stat pass="1" fail="0" skip="0">All Tests</stat>
</total>
<tag>
</tag>
<suite>
<stat pass="1" fail="0" skip="0" id="s1" name="Suites">Suites</stat>
<stat pass="1" fail="0" skip="0" id="s1-s1" name="Tc Keywords">Suites.Tc Keywords</stat>
</suite>
</statistics>
<errors>
</errors>
</robot>
