<?xml version="1.0" encoding="UTF-8"?>
<robot generator="Robot 4.1.3 (Python 3.10.0 on win32)" generated="20220117 17:10:33.567" rpa="false" schemaversion="2">
<suite id="s1" name="Suites">
<suite id="s1-s1" name="Tc Scroll" source="C:\Users\Harsha\PycharmProjects\pythonProject3\Testcases\tc_scroll.robot">
<test id="s1-s1-t1" name="scrollingpixel">
<kw name="Open Browser" library="SeleniumLibrary">
<arg>http://testautomationpractice.blogspot.com/</arg>
<arg>chrome</arg>
<doc>Opens a new browser instance to the optional ``url``.</doc>
<msg timestamp="20220117 17:10:33.974" level="INFO">Opening browser 'chrome' to base url 'http://testautomationpractice.blogspot.com/'.</msg>
<status status="PASS" starttime="20220117 17:10:33.974" endtime="20220117 17:10:42.168"/>
</kw>
<kw name="Maximize Browser Window" library="SeleniumLibrary">
<doc>Maximizes current browser window.</doc>
<status status="PASS" starttime="20220117 17:10:42.168" endtime="20220117 17:10:42.315"/>
</kw>
<kw name="Execute Javascript" library="SeleniumLibrary">
<arg>window.scrollTo(0,1000)</arg>
<doc>Executes the given JavaScript code with possible arguments.</doc>
<msg timestamp="20220117 17:10:42.315" level="INFO">Executing JavaScript:
window.scrollTo(0,1000)
Without any arguments.</msg>
<status status="PASS" starttime="20220117 17:10:42.315" endtime="20220117 17:10:42.323"/>
</kw>
<kw name="Close Browser" library="SeleniumLibrary">
<doc>Closes the current browser.</doc>
<status status="PASS" starttime="20220117 17:10:42.323" endtime="20220117 17:10:44.540"/>
</kw>
<status status="PASS" starttime="20220117 17:10:33.974" endtime="20220117 17:10:44.540"/>
</test>
<test id="s1-s1-t2" name="scrollingelement">
<kw name="Open Browser" library="SeleniumLibrary">
<arg>http://testautomationpractice.blogspot.com/</arg>
<arg>chrome</arg>
<doc>Opens a new browser instance to the optional ``url``.</doc>
<msg timestamp="20220117 17:10:44.540" level="INFO">Opening browser 'chrome' to base url 'http://testautomationpractice.blogspot.com/'.</msg>
<status status="PASS" starttime="20220117 17:10:44.540" endtime="20220117 17:10:53.758"/>
</kw>
<kw name="Maximize Browser Window" library="SeleniumLibrary">
<doc>Maximizes current browser window.</doc>
<status status="PASS" starttime="20220117 17:10:53.758" endtime="20220117 17:10:53.894"/>
</kw>
<kw name="Scroll Element Into View" library="SeleniumLibrary">
<arg>xpath://*[@id="HTML1"]/div[1]/table/tbody/tr[7]/td[2]</arg>
<doc>Scrolls the element identified by ``locator`` into view.</doc>
<status status="PASS" starttime="20220117 17:10:53.894" endtime="20220117 17:10:54.204"/>
</kw>
<kw name="Close Browser" library="SeleniumLibrary">
<doc>Closes the current browser.</doc>
<status status="PASS" starttime="20220117 17:10:54.204" endtime="20220117 17:10:56.416"/>
</kw>
<status status="PASS" starttime="20220117 17:10:44.540" endtime="20220117 17:10:56.416"/>
</test>
<test id="s1-s1-t3" name="scrolling_bottom">
<kw name="Open Browser" library="SeleniumLibrary">
<arg>http://testautomationpractice.blogspot.com/</arg>
<arg>chrome</arg>
<doc>Opens a new browser instance to the optional ``url``.</doc>
<msg timestamp="20220117 17:10:56.416" level="INFO">Opening browser 'chrome' to base url 'http://testautomationpractice.blogspot.com/'.</msg>
<status status="PASS" starttime="20220117 17:10:56.416" endtime="20220117 17:11:03.424"/>
</kw>
<kw name="Maximize Browser Window" library="SeleniumLibrary">
<doc>Maximizes current browser window.</doc>
<status status="PASS" starttime="20220117 17:11:03.424" endtime="20220117 17:11:03.559"/>
</kw>
<kw name="Execute Javascript" library="SeleniumLibrary">
<arg>window.scrollTo(0,document.body.scrollHeight)</arg>
<doc>Executes the given JavaScript code with possible arguments.</doc>
<msg timestamp="20220117 17:11:03.559" level="INFO">Executing JavaScript:
window.scrollTo(0,document.body.scrollHeight)
Without any arguments.</msg>
<status status="PASS" starttime="20220117 17:11:03.559" endtime="20220117 17:11:03.575"/>
</kw>
<kw name="Sleep" library="BuiltIn">
<arg>2</arg>
<doc>Pauses the test executed for the given time.</doc>
<msg timestamp="20220117 17:11:05.582" level="INFO">Slept 2 seconds</msg>
<status status="PASS" starttime="20220117 17:11:03.575" endtime="20220117 17:11:05.582"/>
</kw>
<kw name="Execute Javascript" library="SeleniumLibrary">
<arg>window.scrollTo(0,-document.body.scrollHeight)</arg>
<doc>Executes the given JavaScript code with possible arguments.</doc>
<msg timestamp="20220117 17:11:05.582" level="INFO">Executing JavaScript:
window.scrollTo(0,-document.body.scrollHeight)
Without any arguments.</msg>
<status status="PASS" starttime="20220117 17:11:05.582" endtime="20220117 17:11:05.590"/>
</kw>
<kw name="Sleep" library="BuiltIn">
<arg>2</arg>
<doc>Pauses the test executed for the given time.</doc>
<msg timestamp="20220117 17:11:07.599" level="INFO">Slept 2 seconds</msg>
<status status="PASS" starttime="20220117 17:11:05.590" endtime="20220117 17:11:07.599"/>
</kw>
<kw name="Close Browser" library="SeleniumLibrary">
<doc>Closes the current browser.</doc>
<status status="PASS" starttime="20220117 17:11:07.599" endtime="20220117 17:11:09.811"/>
</kw>
<status status="PASS" starttime="20220117 17:10:56.416" endtime="20220117 17:11:09.811"/>
</test>
<status status="PASS" starttime="20220117 17:10:33.623" endtime="20220117 17:11:09.811"/>
</suite>
<status status="PASS" starttime="20220117 17:10:33.583" endtime="20220117 17:11:09.811"/>
</suite>
<statistics>
<total>
<stat pass="3" fail="0" skip="0">All Tests</stat>
</total>
<tag>
</tag>
<suite>
<stat pass="3" fail="0" skip="0" id="s1" name="Suites">Suites</stat>
<stat pass="3" fail="0" skip="0" id="s1-s1" name="Tc Scroll">Suites.Tc Scroll</stat>
</suite>
</statistics>
<errors>
</errors>
</robot>
