<?xml version="1.0" encoding="UTF-8"?>
<robot generator="Robot 4.1.3 (Python 3.10.0 on win32)" generated="20220112 12:09:06.903" rpa="false" schemaversion="2">
<suite id="s1" name="Suites">
<suite id="s1-s1" name="Tc Navigation" source="C:\Users\Harsha\PycharmProjects\pythonProject3\Testcases\tc_navigation.robot">
<test id="s1-s1-t1" name="navigationtest">
<kw name="Open Browser" library="SeleniumLibrary">
<arg>https://www.google.com/</arg>
<arg>chrome</arg>
<doc>Opens a new browser instance to the optional ``url``.</doc>
<msg timestamp="20220112 12:09:07.191" level="INFO">Opening browser 'chrome' to base url 'https://www.google.com/'.</msg>
<status status="PASS" starttime="20220112 12:09:07.191" endtime="20220112 12:09:11.115"/>
</kw>
<kw name="Sleep" library="BuiltIn">
<arg>2</arg>
<doc>Pauses the test executed for the given time.</doc>
<msg timestamp="20220112 12:09:13.122" level="INFO">Slept 2 seconds</msg>
<status status="PASS" starttime="20220112 12:09:11.116" endtime="20220112 12:09:13.122"/>
</kw>
<kw name="Get Location" library="SeleniumLibrary">
<var>${loc}</var>
<doc>Returns the current browser window URL.</doc>
<msg timestamp="20220112 12:09:13.122" level="INFO">${loc} = https://www.google.com/</msg>
<status status="PASS" starttime="20220112 12:09:13.122" endtime="20220112 12:09:13.122"/>
</kw>
<kw name="Log To Console" library="BuiltIn">
<arg>${loc}</arg>
<doc>Logs the given message to the console.</doc>
<status status="PASS" starttime="20220112 12:09:13.122" endtime="20220112 12:09:13.122"/>
</kw>
<kw name="Open Browser" library="SeleniumLibrary">
<arg>https://www.bing.com/</arg>
<arg>chrome</arg>
<doc>Opens a new browser instance to the optional ``url``.</doc>
<msg timestamp="20220112 12:09:13.122" level="INFO">Opening browser 'chrome' to base url 'https://www.bing.com/'.</msg>
<status status="PASS" starttime="20220112 12:09:13.122" endtime="20220112 12:09:14.592"/>
</kw>
<kw name="Get Location" library="SeleniumLibrary">
<var>${loc}</var>
<doc>Returns the current browser window URL.</doc>
<msg timestamp="20220112 12:09:14.596" level="INFO">${loc} = https://www.bing.com/</msg>
<status status="PASS" starttime="20220112 12:09:14.593" endtime="20220112 12:09:14.597"/>
</kw>
<kw name="Log To Console" library="BuiltIn">
<arg>${loc}</arg>
<doc>Logs the given message to the console.</doc>
<status status="PASS" starttime="20220112 12:09:14.597" endtime="20220112 12:09:14.597"/>
</kw>
<kw name="Go Back" library="SeleniumLibrary">
<doc>Simulates the user clicking the back button on their browser.</doc>
<status status="PASS" starttime="20220112 12:09:14.597" endtime="20220112 12:09:14.746"/>
</kw>
<kw name="Get Location" library="SeleniumLibrary">
<var>${loc}</var>
<doc>Returns the current browser window URL.</doc>
<msg timestamp="20220112 12:09:14.754" level="INFO">${loc} = data:,</msg>
<status status="PASS" starttime="20220112 12:09:14.746" endtime="20220112 12:09:14.754"/>
</kw>
<kw name="Log To Console" library="BuiltIn">
<arg>${loc}</arg>
<doc>Logs the given message to the console.</doc>
<status status="PASS" starttime="20220112 12:09:14.754" endtime="20220112 12:09:14.755"/>
</kw>
<kw name="Sleep" library="BuiltIn">
<arg>2</arg>
<doc>Pauses the test executed for the given time.</doc>
<msg timestamp="20220112 12:09:16.759" level="INFO">Slept 2 seconds</msg>
<status status="PASS" starttime="20220112 12:09:14.756" endtime="20220112 12:09:16.759"/>
</kw>
<kw name="Close All Browsers" library="SeleniumLibrary">
<doc>Closes all open browsers and resets the browser cache.</doc>
<status status="PASS" starttime="20220112 12:09:16.759" endtime="20220112 12:09:21.020"/>
</kw>
<status status="PASS" starttime="20220112 12:09:07.191" endtime="20220112 12:09:21.021"/>
</test>
<status status="PASS" starttime="20220112 12:09:06.918" endtime="20220112 12:09:21.022"/>
</suite>
<status status="PASS" starttime="20220112 12:09:06.903" endtime="20220112 12:09:21.023"/>
</suite>
<statistics>
<total>
<stat pass="1" fail="0" skip="0">All Tests</stat>
</total>
<tag>
</tag>
<suite>
<stat pass="1" fail="0" skip="0" id="s1" name="Suites">Suites</stat>
<stat pass="1" fail="0" skip="0" id="s1-s1" name="Tc Navigation">Suites.Tc Navigation</stat>
</suite>
</statistics>
<errors>
</errors>
</robot>
