<?xml version="1.0" encoding="UTF-8"?>
<robot generator="Robot 4.1.3 (Python 3.10.0 on win32)" generated="20220112 12:08:58.725" rpa="false" schemaversion="2">
<suite id="s1" name="Suites">
<suite id="s1-s1" name="Tc Mouse" source="C:\Users\Harsha\PycharmProjects\pythonProject3\Testcases\tc_mouse.robot">
<test id="s1-s1-t1" name="Mouserightclick">
<kw name="Open Browser" library="SeleniumLibrary">
<arg>https://swisnl.github.io/jQuery-contextMenu/demo.html</arg>
<arg>chrome</arg>
<doc>Opens a new browser instance to the optional ``url``.</doc>
<msg timestamp="20220112 12:08:58.938" level="INFO">Opening browser 'chrome' to base url 'https://swisnl.github.io/jQuery-contextMenu/demo.html'.</msg>
<status status="PASS" starttime="20220112 12:08:58.938" endtime="20220112 12:09:02.740"/>
</kw>
<kw name="Maximize Browser Window" library="SeleniumLibrary">
<doc>Maximizes current browser window.</doc>
<status status="PASS" starttime="20220112 12:09:02.740" endtime="20220112 12:09:02.863"/>
</kw>
<kw name="Sleep" library="BuiltIn">
<arg>1</arg>
<doc>Pauses the test executed for the given time.</doc>
<msg timestamp="20220112 12:09:03.880" level="INFO">Slept 1 second</msg>
<status status="PASS" starttime="20220112 12:09:02.863" endtime="20220112 12:09:03.880"/>
</kw>
<kw name="Open Context Menu" library="SeleniumLibrary">
<arg>xpath:/html/body/div/section/div/div/div/p/span</arg>
<doc>Opens the context menu on the element identified by ``locator``.</doc>
<status status="PASS" starttime="20220112 12:09:03.880" endtime="20220112 12:09:04.173"/>
</kw>
<kw name="Close Browser" library="SeleniumLibrary">
<doc>Closes the current browser.</doc>
<status status="PASS" starttime="20220112 12:09:04.174" endtime="20220112 12:09:06.309"/>
</kw>
<status status="PASS" starttime="20220112 12:08:58.937" endtime="20220112 12:09:06.309"/>
</test>
<test id="s1-s1-t2" name="double click element">
<kw name="Open Browser" library="SeleniumLibrary">
<arg>http://testautomationpractice.blogspot.com/</arg>
<arg>chrome</arg>
<doc>Opens a new browser instance to the optional ``url``.</doc>
<msg timestamp="20220112 12:09:06.315" level="INFO">Opening browser 'chrome' to base url 'http://testautomationpractice.blogspot.com/'.</msg>
<status status="PASS" starttime="20220112 12:09:06.315" endtime="20220112 12:09:10.647"/>
</kw>
<kw name="Maximize Browser Window" library="SeleniumLibrary">
<doc>Maximizes current browser window.</doc>
<status status="PASS" starttime="20220112 12:09:10.647" endtime="20220112 12:09:10.774"/>
</kw>
<kw name="Sleep" library="BuiltIn">
<arg>1</arg>
<doc>Pauses the test executed for the given time.</doc>
<msg timestamp="20220112 12:09:11.789" level="INFO">Slept 1 second</msg>
<status status="PASS" starttime="20220112 12:09:10.774" endtime="20220112 12:09:11.789"/>
</kw>
<kw name="Double Click Element" library="SeleniumLibrary">
<arg>xpath://*[@id="HTML10"]/div[1]/button</arg>
<doc>Double clicks the element identified by ``locator``.</doc>
<msg timestamp="20220112 12:09:11.790" level="INFO">Double clicking element 'xpath://*[@id="HTML10"]/div[1]/button'.</msg>
<status status="PASS" starttime="20220112 12:09:11.789" endtime="20220112 12:09:12.079"/>
</kw>
<kw name="Sleep" library="BuiltIn">
<arg>1</arg>
<doc>Pauses the test executed for the given time.</doc>
<msg timestamp="20220112 12:09:13.090" level="INFO">Slept 1 second</msg>
<status status="PASS" starttime="20220112 12:09:12.079" endtime="20220112 12:09:13.090"/>
</kw>
<kw name="Close Browser" library="SeleniumLibrary">
<doc>Closes the current browser.</doc>
<status status="PASS" starttime="20220112 12:09:13.090" endtime="20220112 12:09:15.480"/>
</kw>
<status status="PASS" starttime="20220112 12:09:06.309" endtime="20220112 12:09:15.480"/>
</test>
<test id="s1-s1-t3" name="dragdrop">
<kw name="Open Browser" library="SeleniumLibrary">
<arg>http://testautomationpractice.blogspot.com/</arg>
<arg>chrome</arg>
<doc>Opens a new browser instance to the optional ``url``.</doc>
<msg timestamp="20220112 12:09:15.480" level="INFO">Opening browser 'chrome' to base url 'http://testautomationpractice.blogspot.com/'.</msg>
<status status="PASS" starttime="20220112 12:09:15.480" endtime="20220112 12:09:21.135"/>
</kw>
<kw name="Maximize Browser Window" library="SeleniumLibrary">
<doc>Maximizes current browser window.</doc>
<status status="PASS" starttime="20220112 12:09:21.135" endtime="20220112 12:09:21.256"/>
</kw>
<kw name="Sleep" library="BuiltIn">
<arg>1</arg>
<doc>Pauses the test executed for the given time.</doc>
<msg timestamp="20220112 12:09:22.263" level="INFO">Slept 1 second</msg>
<status status="PASS" starttime="20220112 12:09:21.256" endtime="20220112 12:09:22.263"/>
</kw>
<kw name="Drag And Drop" library="SeleniumLibrary">
<arg>id:draggable</arg>
<arg>id:droppable</arg>
<doc>Drags the element identified by ``locator`` into the ``target`` element.</doc>
<status status="PASS" starttime="20220112 12:09:22.263" endtime="20220112 12:09:22.817"/>
</kw>
<kw name="Sleep" library="BuiltIn">
<arg>1</arg>
<doc>Pauses the test executed for the given time.</doc>
<msg timestamp="20220112 12:09:23.827" level="INFO">Slept 1 second</msg>
<status status="PASS" starttime="20220112 12:09:22.818" endtime="20220112 12:09:23.827"/>
</kw>
<kw name="Close Browser" library="SeleniumLibrary">
<doc>Closes the current browser.</doc>
<status status="PASS" starttime="20220112 12:09:23.827" endtime="20220112 12:09:26.263"/>
</kw>
<status status="PASS" starttime="20220112 12:09:15.480" endtime="20220112 12:09:26.264"/>
</test>
<status status="PASS" starttime="20220112 12:08:58.755" endtime="20220112 12:09:26.265"/>
</suite>
<status status="PASS" starttime="20220112 12:08:58.735" endtime="20220112 12:09:26.266"/>
</suite>
<statistics>
<total>
<stat pass="3" fail="0" skip="0">All Tests</stat>
</total>
<tag>
</tag>
<suite>
<stat pass="3" fail="0" skip="0" id="s1" name="Suites">Suites</stat>
<stat pass="3" fail="0" skip="0" id="s1-s1" name="Tc Mouse">Suites.Tc Mouse</stat>
</suite>
</statistics>
<errors>
</errors>
</robot>
