<?xml version="1.0" encoding="UTF-8"?>
<robot generator="Rebot 4.1.3 (Python 3.10.0 on win32)" generated="20220117 17:11:26.789" rpa="false" schemaversion="2">
<suite id="s1" name="Suites">
<suite id="s1-s1" name="Tc Browser" source="C:\Users\Harsha\PycharmProjects\pythonProject3\Testcases\tc_browser.robot">
<test id="s1-s1-t1" name="browsertest">
<kw name="Open Browser" library="SeleniumLibrary">
<arg>https://www.google.com/</arg>
<arg>chrome</arg>
<doc>Opens a new browser instance to the optional ``url``.</doc>
<msg timestamp="20220117 17:09:27.420" level="INFO">Opening browser 'chrome' to base url 'https://www.google.com/'.</msg>
<status status="PASS" starttime="20220117 17:09:27.420" endtime="20220117 17:09:29.820"/>
</kw>
<kw name="Maximize Browser Window" library="SeleniumLibrary">
<doc>Maximizes current browser window.</doc>
<status status="PASS" starttime="20220117 17:09:29.820" endtime="20220117 17:09:29.948"/>
</kw>
<kw name="Sleep" library="BuiltIn">
<arg>2</arg>
<doc>Pauses the test executed for the given time.</doc>
<msg timestamp="20220117 17:09:31.963" level="INFO">Slept 2 seconds</msg>
<status status="PASS" starttime="20220117 17:09:29.948" endtime="20220117 17:09:31.963"/>
</kw>
<kw name="Open Browser" library="SeleniumLibrary">
<arg>https://www.bing.com/</arg>
<arg>chrome</arg>
<doc>Opens a new browser instance to the optional ``url``.</doc>
<msg timestamp="20220117 17:09:31.963" level="INFO">Opening browser 'chrome' to base url 'https://www.bing.com/'.</msg>
<status status="PASS" starttime="20220117 17:09:31.963" endtime="20220117 17:09:33.627"/>
</kw>
<kw name="Maximize Browser Window" library="SeleniumLibrary">
<doc>Maximizes current browser window.</doc>
<status status="PASS" starttime="20220117 17:09:33.627" endtime="20220117 17:09:33.843"/>
</kw>
<kw name="Sleep" library="BuiltIn">
<arg>2</arg>
<doc>Pauses the test executed for the given time.</doc>
<msg timestamp="20220117 17:09:35.854" level="INFO">Slept 2 seconds</msg>
<status status="PASS" starttime="20220117 17:09:33.843" endtime="20220117 17:09:35.854"/>
</kw>
<kw name="Switch Browser" library="SeleniumLibrary">
<arg>1</arg>
<doc>Switches between active browsers using ``index_or_alias``.</doc>
<status status="PASS" starttime="20220117 17:09:35.854" endtime="20220117 17:09:35.854"/>
</kw>
<kw name="Get Title" library="SeleniumLibrary">
<var>${title1}</var>
<doc>Returns the title of the current page.</doc>
<msg timestamp="20220117 17:09:35.859" level="INFO">${title1} = Google</msg>
<status status="PASS" starttime="20220117 17:09:35.854" endtime="20220117 17:09:35.859"/>
</kw>
<kw name="Log To Console" library="BuiltIn">
<arg>${title1}</arg>
<doc>Logs the given message to the console.</doc>
<status status="PASS" starttime="20220117 17:09:35.859" endtime="20220117 17:09:35.859"/>
</kw>
<kw name="Switch Browser" library="SeleniumLibrary">
<arg>2</arg>
<doc>Switches between active browsers using ``index_or_alias``.</doc>
<status status="PASS" starttime="20220117 17:09:35.859" endtime="20220117 17:09:35.859"/>
</kw>
<kw name="Get Title" library="SeleniumLibrary">
<var>${title2}</var>
<doc>Returns the title of the current page.</doc>
<msg timestamp="20220117 17:09:36.210" level="INFO">${title2} = Bing</msg>
<status status="PASS" starttime="20220117 17:09:35.859" endtime="20220117 17:09:36.210"/>
</kw>
<kw name="Log To Console" library="BuiltIn">
<arg>${title2}</arg>
<doc>Logs the given message to the console.</doc>
<status status="PASS" starttime="20220117 17:09:36.210" endtime="20220117 17:09:36.210"/>
</kw>
<kw name="Close All Browsers" library="SeleniumLibrary">
<doc>Closes all open browsers and resets the browser cache.</doc>
<status status="PASS" starttime="20220117 17:09:36.210" endtime="20220117 17:09:40.736"/>
</kw>
<status status="PASS" starttime="20220117 17:09:27.412" endtime="20220117 17:09:40.736"/>
</test>
<status status="PASS" starttime="20220117 17:09:27.078" endtime="20220117 17:09:40.736"/>
</suite>
<suite id="s1-s2" name="Tc Setup Teardown" source="C:\Users\Harsha\PycharmProjects\pythonProject3\Testcases\tc_setup_teardown.robot">
<kw name="Log To Console" library="BuiltIn" type="SETUP">
<arg>open my browser</arg>
<doc>Logs the given message to the console.</doc>
<status status="PASS" starttime="20220117 17:10:42.541" endtime="20220117 17:10:42.541"/>
</kw>
<test id="s1-s2-t1" name="TC1">
<kw name="Log To Console" library="BuiltIn" type="SETUP">
<arg>harsha</arg>
<doc>Logs the given message to the console.</doc>
<status status="PASS" starttime="20220117 17:10:42.541" endtime="20220117 17:10:42.541"/>
</kw>
<kw name="Log To Console" library="BuiltIn">
<arg>SRI</arg>
<doc>Logs the given message to the console.</doc>
<status status="PASS" starttime="20220117 17:10:42.541" endtime="20220117 17:10:42.541"/>
</kw>
<kw name="Log To Console" library="BuiltIn" type="TEARDOWN">
<arg>kamesh</arg>
<doc>Logs the given message to the console.</doc>
<status status="PASS" starttime="20220117 17:10:42.541" endtime="20220117 17:10:42.541"/>
</kw>
<status status="PASS" starttime="20220117 17:10:42.541" endtime="20220117 17:10:42.541"/>
</test>
<test id="s1-s2-t2" name="TC2">
<kw name="Log To Console" library="BuiltIn" type="SETUP">
<arg>harsha</arg>
<doc>Logs the given message to the console.</doc>
<status status="PASS" starttime="20220117 17:10:42.541" endtime="20220117 17:10:42.541"/>
</kw>
<kw name="Log To Console" library="BuiltIn">
<arg>SAI</arg>
<doc>Logs the given message to the console.</doc>
<status status="PASS" starttime="20220117 17:10:42.541" endtime="20220117 17:10:42.541"/>
</kw>
<kw name="Log To Console" library="BuiltIn" type="TEARDOWN">
<arg>kamesh</arg>
<doc>Logs the given message to the console.</doc>
<status status="PASS" starttime="20220117 17:10:42.541" endtime="20220117 17:10:42.541"/>
</kw>
<status status="PASS" starttime="20220117 17:10:42.541" endtime="20220117 17:10:42.541"/>
</test>
<kw name="Log To Console" library="BuiltIn" type="TEARDOWN">
<arg>close</arg>
<doc>Logs the given message to the console.</doc>
<status status="PASS" starttime="20220117 17:10:42.541" endtime="20220117 17:10:42.541"/>
</kw>
<status status="PASS" starttime="20220117 17:10:42.161" endtime="20220117 17:10:42.541"/>
</suite>
<suite id="s1-s3" name="Tc Wb" source="C:\Users\Harsha\PycharmProjects\pythonProject3\Testcases\tc_wb.robot">
<test id="s1-s3-t1" name="windowbrowser">
<kw name="Open Browser" library="SeleniumLibrary">
<arg>${url}</arg>
<arg>${browser}</arg>
<doc>Opens a new browser instance to the optional ``url``.</doc>
<msg timestamp="20220117 17:10:43.571" level="INFO">Opening browser 'chrome' to base url 'http://demo.automationtesting.in/Windows.html'.</msg>
<status status="PASS" starttime="20220117 17:10:43.571" endtime="20220117 17:10:53.211"/>
</kw>
<kw name="Get Title" library="SeleniumLibrary">
<var>${title}</var>
<doc>Returns the title of the current page.</doc>
<msg timestamp="20220117 17:10:53.249" level="INFO">${title} = Frames &amp; windows</msg>
<status status="PASS" starttime="20220117 17:10:53.219" endtime="20220117 17:10:53.249"/>
</kw>
<kw name="Log To Console" library="BuiltIn">
<arg>${title}</arg>
<doc>Logs the given message to the console.</doc>
<status status="PASS" starttime="20220117 17:10:53.249" endtime="20220117 17:10:53.249"/>
</kw>
<kw name="Sleep" library="BuiltIn">
<arg>10</arg>
<doc>Pauses the test executed for the given time.</doc>
<msg timestamp="20220117 17:11:03.251" level="INFO">Slept 10 seconds</msg>
<status status="PASS" starttime="20220117 17:10:53.249" endtime="20220117 17:11:03.251"/>
</kw>
<kw name="Click Element" library="SeleniumLibrary">
<arg>xpath://*[@id="Tabbed"]/a/button</arg>
<doc>Click the element identified by ``locator``.</doc>
<msg timestamp="20220117 17:11:03.251" level="INFO">Clicking element 'xpath://*[@id="Tabbed"]/a/button'.</msg>
<status status="PASS" starttime="20220117 17:11:03.251" endtime="20220117 17:11:03.376"/>
</kw>
<status status="PASS" starttime="20220117 17:10:43.571" endtime="20220117 17:11:03.376"/>
</test>
<status status="PASS" starttime="20220117 17:10:43.290" endtime="20220117 17:11:03.384"/>
</suite>
<suite id="s1-s4" name="Tc Xcel" source="C:\Users\Harsha\PycharmProjects\pythonProject3\Testcases\tc_xcel.robot">
<kw name="open my browser" library="login_resources" type="SETUP">
<kw name="Open Browser" library="SeleniumLibrary">
<arg>${url}</arg>
<arg>${browser}</arg>
<doc>Opens a new browser instance to the optional ``url``.</doc>
<msg timestamp="20220117 17:11:04.541" level="INFO">Opening browser 'chrome' to base url 'https://admin-demo.nopcommerce.com/login?ReturnUrl=%2Fadmin%2F'.</msg>
<status status="PASS" starttime="20220117 17:11:04.541" endtime="20220117 17:11:07.439"/>
</kw>
<kw name="Maximize Browser Window" library="SeleniumLibrary">
<doc>Maximizes current browser window.</doc>
<status status="PASS" starttime="20220117 17:11:07.439" endtime="20220117 17:11:07.567"/>
</kw>
<status status="PASS" starttime="20220117 17:11:04.541" endtime="20220117 17:11:07.567"/>
</kw>
<test id="s1-s4-t1" name="LogintestwithExcel using">
<kw name="invalid login">
<arg>${username}</arg>
<arg>${password}</arg>
<msg timestamp="20220117 17:11:07.567" level="FAIL">Variable '${username}' not found.</msg>
<status status="FAIL" starttime="20220117 17:11:07.567" endtime="20220117 17:11:07.567"/>
</kw>
<status status="FAIL" starttime="20220117 17:11:07.567" endtime="20220117 17:11:07.575">Variable '${username}' not found.</status>
</test>
<kw name="close my browser" library="login_resources" type="TEARDOWN">
<kw name="Close All Browsers" library="SeleniumLibrary">
<doc>Closes all open browsers and resets the browser cache.</doc>
<status status="PASS" starttime="20220117 17:11:07.575" endtime="20220117 17:11:09.746"/>
</kw>
<status status="PASS" starttime="20220117 17:11:07.575" endtime="20220117 17:11:09.746"/>
</kw>
<status status="FAIL" starttime="20220117 17:11:04.205" endtime="20220117 17:11:09.746"/>
</suite>
<suite id="s1-s5" name="Tc1" source="C:\Users\Harsha\PycharmProjects\pythonProject3\Testcases\tc1.robot">
<test id="s1-s5-t1" name="logintest">
<kw name="Open Browser" library="SeleniumLibrary">
<arg>${url}</arg>
<arg>${browser}</arg>
<doc>Opens a new browser instance to the optional ``url``.</doc>
<msg timestamp="20220117 17:11:10.840" level="INFO">Opening browser 'chrome' to base url 'https://www.facebook.com/'.</msg>
<status status="PASS" starttime="20220117 17:11:10.840" endtime="20220117 17:11:13.600"/>
</kw>
<kw name="Input Text" library="SeleniumLibrary">
<arg>id:email</arg>
<arg>sriharshasaikamesh@gmail.com</arg>
<doc>Types the given ``text`` into the text field identified by ``locator``.</doc>
<msg timestamp="20220117 17:11:13.600" level="INFO">Typing text 'sriharshasaikamesh@gmail.com' into text field 'id:email'.</msg>
<status status="PASS" starttime="20220117 17:11:13.600" endtime="20220117 17:11:13.776"/>
</kw>
<kw name="Input Text" library="SeleniumLibrary">
<arg>id:pass</arg>
<arg>Harsha@123</arg>
<doc>Types the given ``text`` into the text field identified by ``locator``.</doc>
<msg timestamp="20220117 17:11:13.784" level="INFO">Typing text 'Harsha@123' into text field 'id:pass'.</msg>
<status status="PASS" starttime="20220117 17:11:13.776" endtime="20220117 17:11:13.936"/>
</kw>
<kw name="Sleep" library="BuiltIn">
<arg>3</arg>
<doc>Pauses the test executed for the given time.</doc>
<msg timestamp="20220117 17:11:16.945" level="INFO">Slept 3 seconds</msg>
<status status="PASS" starttime="20220117 17:11:13.936" endtime="20220117 17:11:16.945"/>
</kw>
<kw name="Title Should Be" library="SeleniumLibrary">
<arg>Facebook – log in or sign up</arg>
<doc>Verifies that the current page title equals ``title``.</doc>
<msg timestamp="20220117 17:11:16.945" level="INFO">Page title is 'Facebook – log in or sign up'.</msg>
<status status="PASS" starttime="20220117 17:11:16.945" endtime="20220117 17:11:16.945"/>
</kw>
<kw name="Set Variable" library="BuiltIn">
<var>${"email_txt"}</var>
<arg>id:email</arg>
<doc>Returns the given values which can then be assigned to a variables.</doc>
<msg timestamp="20220117 17:11:16.945" level="INFO">${"email_txt"} = id:email</msg>
<status status="PASS" starttime="20220117 17:11:16.945" endtime="20220117 17:11:16.945"/>
</kw>
<kw name="Element Should Be Visible" library="SeleniumLibrary">
<arg>${"email_txt"}</arg>
<doc>Verifies that the element identified by ``locator`` is visible.</doc>
<msg timestamp="20220117 17:11:16.977" level="INFO">Element 'id:email' is displayed.</msg>
<status status="PASS" starttime="20220117 17:11:16.945" endtime="20220117 17:11:16.977"/>
</kw>
<kw name="Element Should Be Enabled" library="SeleniumLibrary">
<arg>${"email_txt"}</arg>
<doc>Verifies that element identified by ``locator`` is enabled.</doc>
<status status="PASS" starttime="20220117 17:11:16.977" endtime="20220117 17:11:17.009"/>
</kw>
<status status="PASS" starttime="20220117 17:11:10.832" endtime="20220117 17:11:17.009"/>
</test>
<test id="s1-s5-t2" name="radiobuttonstest">
<kw name="Open Browser" library="SeleniumLibrary">
<arg>${url}</arg>
<arg>${browser}</arg>
<doc>Opens a new browser instance to the optional ``url``.</doc>
<msg timestamp="20220117 17:11:17.009" level="INFO">Opening browser 'chrome' to base url 'https://www.facebook.com/'.</msg>
<status status="PASS" starttime="20220117 17:11:17.009" endtime="20220117 17:11:19.381"/>
</kw>
<kw name="Click Element" library="SeleniumLibrary">
<doc>Click the element identified by ``locator``.</doc>
<msg timestamp="20220117 17:11:19.381" level="FAIL">Keyword 'SeleniumLibrary.Click Element' expected 1 to 3 arguments, got 0.</msg>
<status status="FAIL" starttime="20220117 17:11:19.381" endtime="20220117 17:11:19.381"/>
</kw>
<status status="FAIL" starttime="20220117 17:11:17.009" endtime="20220117 17:11:19.381">Keyword 'SeleniumLibrary.Click Element' expected 1 to 3 arguments, got 0.</status>
</test>
<status status="FAIL" starttime="20220117 17:11:10.504" endtime="20220117 17:11:19.381"/>
</suite>
<suite id="s1-s6" name="Tc2" source="C:\Users\Harsha\PycharmProjects\pythonProject3\Testcases\tc2.robot">
<test id="s1-s6-t1" name="inputtest1">
<kw name="Open Browser" library="SeleniumLibrary">
<arg>${url}</arg>
<arg>${browser}</arg>
<doc>Opens a new browser instance to the optional ``url``.</doc>
<msg timestamp="20220117 17:11:10.880" level="INFO">Opening browser 'chrome' to base url 'https://www.techlistic.com/p/selenium-practice-form.html'.</msg>
<status status="PASS" starttime="20220117 17:11:10.872" endtime="20220117 17:11:19.859"/>
</kw>
<kw name="Sleep" library="BuiltIn">
<arg>5</arg>
<doc>Pauses the test executed for the given time.</doc>
<msg timestamp="20220117 17:11:24.860" level="INFO">Slept 5 seconds</msg>
<status status="PASS" starttime="20220117 17:11:19.859" endtime="20220117 17:11:24.860"/>
</kw>
<kw name="Input Text" library="SeleniumLibrary">
<arg>name:firstname</arg>
<arg>sriharsha</arg>
<doc>Types the given ``text`` into the text field identified by ``locator``.</doc>
<msg timestamp="20220117 17:11:24.860" level="INFO">Typing text 'sriharsha' into text field 'name:firstname'.</msg>
<status status="PASS" starttime="20220117 17:11:24.860" endtime="20220117 17:11:25.052"/>
</kw>
<kw name="Input Text" library="SeleniumLibrary">
<arg>name:lastname</arg>
<arg>saikamesh</arg>
<doc>Types the given ``text`` into the text field identified by ``locator``.</doc>
<msg timestamp="20220117 17:11:25.052" level="INFO">Typing text 'saikamesh' into text field 'name:lastname'.</msg>
<status status="PASS" starttime="20220117 17:11:25.052" endtime="20220117 17:11:25.137"/>
</kw>
<kw name="Sleep" library="BuiltIn">
<arg>1</arg>
<doc>Pauses the test executed for the given time.</doc>
<msg timestamp="20220117 17:11:26.142" level="INFO">Slept 1 second</msg>
<status status="PASS" starttime="20220117 17:11:25.137" endtime="20220117 17:11:26.142"/>
</kw>
<kw name="Select Radio Button" library="SeleniumLibrary">
<arg>sex</arg>
<arg>Male</arg>
<doc>Sets the radio button group ``group_name`` to ``value``.</doc>
<msg timestamp="20220117 17:11:26.142" level="INFO">Selecting 'Male' from radio button 'sex'.</msg>
<status status="PASS" starttime="20220117 17:11:26.142" endtime="20220117 17:11:26.206"/>
</kw>
<kw name="Select Radio Button" library="SeleniumLibrary">
<arg>exp</arg>
<arg>1</arg>
<doc>Sets the radio button group ``group_name`` to ``value``.</doc>
<msg timestamp="20220117 17:11:26.206" level="INFO">Selecting '1' from radio button 'exp'.</msg>
<status status="PASS" starttime="20220117 17:11:26.206" endtime="20220117 17:11:26.270"/>
</kw>
<kw name="Select Checkbox" library="SeleniumLibrary">
<arg>profession</arg>
<arg>Automation Tester</arg>
<doc>Selects the checkbox identified by ``locator``.</doc>
<msg timestamp="20220117 17:11:26.270" level="FAIL">Keyword 'SeleniumLibrary.Select Checkbox' expected 1 argument, got 2.</msg>
<status status="FAIL" starttime="20220117 17:11:26.270" endtime="20220117 17:11:26.270"/>
</kw>
<kw name="Select Checkbox" library="SeleniumLibrary">
<arg>tool</arg>
<arg>Selenium Webdriver</arg>
<doc>Selects the checkbox identified by ``locator``.</doc>
<status status="NOT RUN" starttime="20220117 17:11:26.270" endtime="20220117 17:11:26.270"/>
</kw>
<kw name="Select From List By Index" library="SeleniumLibrary">
<arg>continents</arg>
<arg>2</arg>
<doc>Selects options from selection list ``locator`` by ``indexes``.</doc>
<status status="NOT RUN" starttime="20220117 17:11:26.270" endtime="20220117 17:11:26.270"/>
</kw>
<kw name="Click Element" library="SeleniumLibrary">
<arg>id:submit</arg>
<doc>Click the element identified by ``locator``.</doc>
<status status="NOT RUN" starttime="20220117 17:11:26.270" endtime="20220117 17:11:26.270"/>
</kw>
<kw name="Sleep" library="BuiltIn">
<arg>5</arg>
<doc>Pauses the test executed for the given time.</doc>
<status status="NOT RUN" starttime="20220117 17:11:26.270" endtime="20220117 17:11:26.270"/>
</kw>
<status status="FAIL" starttime="20220117 17:11:10.872" endtime="20220117 17:11:26.270">Keyword 'SeleniumLibrary.Select Checkbox' expected 1 argument, got 2.</status>
</test>
<status status="FAIL" starttime="20220117 17:11:10.568" endtime="20220117 17:11:26.270"/>
</suite>
<suite id="s1-s7" name="Tc3" source="C:\Users\Harsha\PycharmProjects\pythonProject3\Testcases\tc3.robot">
<test id="s1-s7-t1" name="inputtest1">
<kw name="Open Browser" library="SeleniumLibrary">
<arg>${url}</arg>
<arg>${browser}</arg>
<doc>Opens a new browser instance to the optional ``url``.</doc>
<msg timestamp="20220117 17:11:20.375" level="INFO">Opening browser 'chrome' to base url 'https://www.tutorialspoint.com/selenium/selenium_automation_practice.htm'.</msg>
<status status="PASS" starttime="20220117 17:11:20.375" endtime="20220117 17:11:23.194"/>
</kw>
<kw name="Maximize Browser Window" library="SeleniumLibrary">
<doc>Maximizes current browser window.</doc>
<status status="PASS" starttime="20220117 17:11:23.194" endtime="20220117 17:11:23.354"/>
</kw>
<kw name="Sleep" library="BuiltIn">
<arg>2</arg>
<doc>Pauses the test executed for the given time.</doc>
<msg timestamp="20220117 17:11:25.369" level="INFO">Slept 2 seconds</msg>
<status status="PASS" starttime="20220117 17:11:23.354" endtime="20220117 17:11:25.369"/>
</kw>
<kw name="Input Text" library="SeleniumLibrary">
<arg>name:firstname</arg>
<arg>sri_harsha</arg>
<doc>Types the given ``text`` into the text field identified by ``locator``.</doc>
<msg timestamp="20220117 17:11:25.369" level="INFO">Typing text 'sri_harsha' into text field 'name:firstname'.</msg>
<status status="PASS" starttime="20220117 17:11:25.369" endtime="20220117 17:11:25.457"/>
</kw>
<kw name="Input Text" library="SeleniumLibrary">
<arg>name:lastname</arg>
<arg>sai_kamesh</arg>
<doc>Types the given ``text`` into the text field identified by ``locator``.</doc>
<msg timestamp="20220117 17:11:25.465" level="INFO">Typing text 'sai_kamesh' into text field 'name:lastname'.</msg>
<status status="PASS" starttime="20220117 17:11:25.465" endtime="20220117 17:11:25.550"/>
</kw>
<kw name="Select Radio Button" library="SeleniumLibrary">
<arg>sex</arg>
<arg>Male</arg>
<doc>Sets the radio button group ``group_name`` to ``value``.</doc>
<msg timestamp="20220117 17:11:25.550" level="INFO">Selecting 'Male' from radio button 'sex'.</msg>
<status status="PASS" starttime="20220117 17:11:25.550" endtime="20220117 17:11:25.742"/>
</kw>
<kw name="Select Radio Button" library="SeleniumLibrary">
<arg>exp</arg>
<arg>3</arg>
<doc>Sets the radio button group ``group_name`` to ``value``.</doc>
<msg timestamp="20220117 17:11:25.742" level="INFO">Selecting '3' from radio button 'exp'.</msg>
<status status="PASS" starttime="20220117 17:11:25.742" endtime="20220117 17:11:25.822"/>
</kw>
<kw name="Select From List By Index" library="SeleniumLibrary">
<arg>name:continents</arg>
<arg>3</arg>
<doc>Selects options from selection list ``locator`` by ``indexes``.</doc>
<msg timestamp="20220117 17:11:25.822" level="INFO">Selecting options from selection list 'name:continents' by index 3.</msg>
<status status="PASS" starttime="20220117 17:11:25.822" endtime="20220117 17:11:26.134"/>
</kw>
<kw name="Select From List By Label" library="SeleniumLibrary">
<arg>selenium_commands</arg>
<arg>Wait Commands</arg>
<doc>Selects options from selection list ``locator`` by ``labels``.</doc>
<msg timestamp="20220117 17:11:26.134" level="INFO">Selecting options from selection list 'selenium_commands' by label Wait Commands.</msg>
<status status="PASS" starttime="20220117 17:11:26.134" endtime="20220117 17:11:26.350"/>
</kw>
<kw name="Click Element" library="SeleniumLibrary">
<arg>xpath:/html/body/div[1]/div/div[2]/div[4]/div/form/table/tbody/tr[11]/td[2]/button</arg>
<doc>Click the element identified by ``locator``.</doc>
<msg timestamp="20220117 17:11:26.350" level="INFO">Clicking element 'xpath:/html/body/div[1]/div/div[2]/div[4]/div/form/table/tbody/tr[11]/td[2]/button'.</msg>
<status status="PASS" starttime="20220117 17:11:26.350" endtime="20220117 17:11:26.406"/>
</kw>
<status status="PASS" starttime="20220117 17:11:20.367" endtime="20220117 17:11:26.406"/>
</test>
<status status="PASS" starttime="20220117 17:11:20.059" endtime="20220117 17:11:26.406"/>
</suite>
<suite id="s1-s8" name="Tc Datadriven" source="C:\Users\Harsha\PycharmProjects\pythonProject3\Testcases\tc_datadriven.robot">
<kw name="open my browser" library="login_resources" type="SETUP">
<kw name="Open Browser" library="SeleniumLibrary">
<arg>${url}</arg>
<arg>${browser}</arg>
<doc>Opens a new browser instance to the optional ``url``.</doc>
<msg timestamp="20220117 17:09:27.428" level="INFO">Opening browser 'chrome' to base url 'https://admin-demo.nopcommerce.com/login?ReturnUrl=%2Fadmin%2F'.</msg>
<status status="PASS" starttime="20220117 17:09:27.428" endtime="20220117 17:09:30.341"/>
</kw>
<kw name="Maximize Browser Window" library="SeleniumLibrary">
<doc>Maximizes current browser window.</doc>
<status status="PASS" starttime="20220117 17:09:30.341" endtime="20220117 17:09:30.469"/>
</kw>
<status status="PASS" starttime="20220117 17:09:27.428" endtime="20220117 17:09:30.469"/>
</kw>
<test id="s1-s8-t1" name="right user empty password">
<kw name="invalid login">
<arg>admin@yourstore.com</arg>
<arg>${EMPTY}</arg>
<kw name="Username" library="login_resources">
<arg>${username}</arg>
<kw name="Input Text" library="SeleniumLibrary">
<arg>id:Email</arg>
<arg>${username}</arg>
<doc>Types the given ``text`` into the text field identified by ``locator``.</doc>
<msg timestamp="20220117 17:09:30.477" level="INFO">Typing text 'admin@yourstore.com' into text field 'id:Email'.</msg>
<status status="PASS" starttime="20220117 17:09:30.477" endtime="20220117 17:09:30.597"/>
</kw>
<status status="PASS" starttime="20220117 17:09:30.469" endtime="20220117 17:09:30.597"/>
</kw>
<kw name="Password" library="login_resources">
<arg>${password}</arg>
<kw name="Input Text" library="SeleniumLibrary">
<arg>id:Password</arg>
<arg>${password}</arg>
<doc>Types the given ``text`` into the text field identified by ``locator``.</doc>
<msg timestamp="20220117 17:09:30.597" level="INFO">Typing text '' into text field 'id:Password'.</msg>
<status status="PASS" starttime="20220117 17:09:30.597" endtime="20220117 17:09:30.689"/>
</kw>
<status status="PASS" starttime="20220117 17:09:30.597" endtime="20220117 17:09:30.689"/>
</kw>
<kw name="click login" library="login_resources">
<kw name="Click Button" library="SeleniumLibrary">
<arg>xpath://button[contains(text(),'Log in')]</arg>
<doc>Clicks the button identified by ``locator``.</doc>
<msg timestamp="20220117 17:09:30.689" level="INFO">Clicking button 'xpath://button[contains(text(),'Log in')]'.</msg>
<status status="PASS" starttime="20220117 17:09:30.689" endtime="20220117 17:09:32.171"/>
</kw>
<status status="PASS" starttime="20220117 17:09:30.689" endtime="20220117 17:09:32.171"/>
</kw>
<kw name="error msg should be visible" library="login_resources">
<kw name="Page Should Contain" library="SeleniumLibrary">
<arg>Login was unsuccessful. Please correct the errors and try again.</arg>
<doc>Verifies that current page contains ``text``.</doc>
<msg timestamp="20220117 17:09:32.195" level="INFO">Current page contains text 'Login was unsuccessful. Please correct the errors and try again.'.</msg>
<status status="PASS" starttime="20220117 17:09:32.179" endtime="20220117 17:09:32.195"/>
</kw>
<status status="PASS" starttime="20220117 17:09:32.171" endtime="20220117 17:09:32.195"/>
</kw>
<status status="PASS" starttime="20220117 17:09:30.469" endtime="20220117 17:09:32.195"/>
</kw>
<status status="PASS" starttime="20220117 17:09:30.469" endtime="20220117 17:09:32.195"/>
</test>
<test id="s1-s8-t2" name="right user wrong password">
<kw name="invalid login">
<arg>admin@yourstore.com</arg>
<arg>amin</arg>
<kw name="Username" library="login_resources">
<arg>${username}</arg>
<kw name="Input Text" library="SeleniumLibrary">
<arg>id:Email</arg>
<arg>${username}</arg>
<doc>Types the given ``text`` into the text field identified by ``locator``.</doc>
<msg timestamp="20220117 17:09:32.203" level="INFO">Typing text 'admin@yourstore.com' into text field 'id:Email'.</msg>
<status status="PASS" starttime="20220117 17:09:32.195" endtime="20220117 17:09:32.307"/>
</kw>
<status status="PASS" starttime="20220117 17:09:32.195" endtime="20220117 17:09:32.307"/>
</kw>
<kw name="Password" library="login_resources">
<arg>${password}</arg>
<kw name="Input Text" library="SeleniumLibrary">
<arg>id:Password</arg>
<arg>${password}</arg>
<doc>Types the given ``text`` into the text field identified by ``locator``.</doc>
<msg timestamp="20220117 17:09:32.307" level="INFO">Typing text 'amin' into text field 'id:Password'.</msg>
<status status="PASS" starttime="20220117 17:09:32.307" endtime="20220117 17:09:32.402"/>
</kw>
<status status="PASS" starttime="20220117 17:09:32.307" endtime="20220117 17:09:32.402"/>
</kw>
<kw name="click login" library="login_resources">
<kw name="Click Button" library="SeleniumLibrary">
<arg>xpath://button[contains(text(),'Log in')]</arg>
<doc>Clicks the button identified by ``locator``.</doc>
<msg timestamp="20220117 17:09:32.402" level="INFO">Clicking button 'xpath://button[contains(text(),'Log in')]'.</msg>
<status status="PASS" starttime="20220117 17:09:32.402" endtime="20220117 17:09:33.819"/>
</kw>
<status status="PASS" starttime="20220117 17:09:32.402" endtime="20220117 17:09:33.819"/>
</kw>
<kw name="error msg should be visible" library="login_resources">
<kw name="Page Should Contain" library="SeleniumLibrary">
<arg>Login was unsuccessful. Please correct the errors and try again.</arg>
<doc>Verifies that current page contains ``text``.</doc>
<msg timestamp="20220117 17:09:33.835" level="INFO">Current page contains text 'Login was unsuccessful. Please correct the errors and try again.'.</msg>
<status status="PASS" starttime="20220117 17:09:33.827" endtime="20220117 17:09:33.835"/>
</kw>
<status status="PASS" starttime="20220117 17:09:33.819" endtime="20220117 17:09:33.835"/>
</kw>
<status status="PASS" starttime="20220117 17:09:32.195" endtime="20220117 17:09:33.835"/>
</kw>
<status status="PASS" starttime="20220117 17:09:32.195" endtime="20220117 17:09:33.835"/>
</test>
<test id="s1-s8-t3" name="wrong user empty password">
<kw name="invalid login">
<arg>dmin@yourstore.com</arg>
<arg>admin</arg>
<kw name="Username" library="login_resources">
<arg>${username}</arg>
<kw name="Input Text" library="SeleniumLibrary">
<arg>id:Email</arg>
<arg>${username}</arg>
<doc>Types the given ``text`` into the text field identified by ``locator``.</doc>
<msg timestamp="20220117 17:09:33.843" level="INFO">Typing text 'dmin@yourstore.com' into text field 'id:Email'.</msg>
<status status="PASS" starttime="20220117 17:09:33.843" endtime="20220117 17:09:33.963"/>
</kw>
<status status="PASS" starttime="20220117 17:09:33.843" endtime="20220117 17:09:33.963"/>
</kw>
<kw name="Password" library="login_resources">
<arg>${password}</arg>
<kw name="Input Text" library="SeleniumLibrary">
<arg>id:Password</arg>
<arg>${password}</arg>
<doc>Types the given ``text`` into the text field identified by ``locator``.</doc>
<msg timestamp="20220117 17:09:33.963" level="INFO">Typing text 'admin' into text field 'id:Password'.</msg>
<status status="PASS" starttime="20220117 17:09:33.963" endtime="20220117 17:09:34.083"/>
</kw>
<status status="PASS" starttime="20220117 17:09:33.963" endtime="20220117 17:09:34.083"/>
</kw>
<kw name="click login" library="login_resources">
<kw name="Click Button" library="SeleniumLibrary">
<arg>xpath://button[contains(text(),'Log in')]</arg>
<doc>Clicks the button identified by ``locator``.</doc>
<msg timestamp="20220117 17:09:34.083" level="INFO">Clicking button 'xpath://button[contains(text(),'Log in')]'.</msg>
<status status="PASS" starttime="20220117 17:09:34.083" endtime="20220117 17:09:35.470"/>
</kw>
<status status="PASS" starttime="20220117 17:09:34.083" endtime="20220117 17:09:35.470"/>
</kw>
<kw name="error msg should be visible" library="login_resources">
<kw name="Page Should Contain" library="SeleniumLibrary">
<arg>Login was unsuccessful. Please correct the errors and try again.</arg>
<doc>Verifies that current page contains ``text``.</doc>
<msg timestamp="20220117 17:09:35.485" level="INFO">Current page contains text 'Login was unsuccessful. Please correct the errors and try again.'.</msg>
<status status="PASS" starttime="20220117 17:09:35.470" endtime="20220117 17:09:35.485"/>
</kw>
<status status="PASS" starttime="20220117 17:09:35.470" endtime="20220117 17:09:35.485"/>
</kw>
<status status="PASS" starttime="20220117 17:09:33.843" endtime="20220117 17:09:35.485"/>
</kw>
<status status="PASS" starttime="20220117 17:09:33.843" endtime="20220117 17:09:35.485"/>
</test>
<test id="s1-s8-t4" name="wrong user wrong password">
<kw name="invalid login">
<arg>admin@yourstore.co</arg>
<arg>admin</arg>
<kw name="Username" library="login_resources">
<arg>${username}</arg>
<kw name="Input Text" library="SeleniumLibrary">
<arg>id:Email</arg>
<arg>${username}</arg>
<doc>Types the given ``text`` into the text field identified by ``locator``.</doc>
<msg timestamp="20220117 17:09:35.485" level="INFO">Typing text 'admin@yourstore.co' into text field 'id:Email'.</msg>
<status status="PASS" starttime="20220117 17:09:35.485" endtime="20220117 17:09:35.575"/>
</kw>
<status status="PASS" starttime="20220117 17:09:35.485" endtime="20220117 17:09:35.575"/>
</kw>
<kw name="Password" library="login_resources">
<arg>${password}</arg>
<kw name="Input Text" library="SeleniumLibrary">
<arg>id:Password</arg>
<arg>${password}</arg>
<doc>Types the given ``text`` into the text field identified by ``locator``.</doc>
<msg timestamp="20220117 17:09:35.575" level="INFO">Typing text 'admin' into text field 'id:Password'.</msg>
<status status="PASS" starttime="20220117 17:09:35.575" endtime="20220117 17:09:35.651"/>
</kw>
<status status="PASS" starttime="20220117 17:09:35.575" endtime="20220117 17:09:35.651"/>
</kw>
<kw name="click login" library="login_resources">
<kw name="Click Button" library="SeleniumLibrary">
<arg>xpath://button[contains(text(),'Log in')]</arg>
<doc>Clicks the button identified by ``locator``.</doc>
<msg timestamp="20220117 17:09:35.651" level="INFO">Clicking button 'xpath://button[contains(text(),'Log in')]'.</msg>
<status status="PASS" starttime="20220117 17:09:35.651" endtime="20220117 17:09:36.089"/>
</kw>
<status status="PASS" starttime="20220117 17:09:35.651" endtime="20220117 17:09:36.089"/>
</kw>
<kw name="error msg should be visible" library="login_resources">
<kw name="Page Should Contain" library="SeleniumLibrary">
<arg>Login was unsuccessful. Please correct the errors and try again.</arg>
<doc>Verifies that current page contains ``text``.</doc>
<msg timestamp="20220117 17:09:36.108" level="INFO">Current page contains text 'Login was unsuccessful. Please correct the errors and try again.'.</msg>
<status status="PASS" starttime="20220117 17:09:36.089" endtime="20220117 17:09:36.108"/>
</kw>
<status status="PASS" starttime="20220117 17:09:36.089" endtime="20220117 17:09:36.108"/>
</kw>
<status status="PASS" starttime="20220117 17:09:35.485" endtime="20220117 17:09:36.108"/>
</kw>
<status status="PASS" starttime="20220117 17:09:35.485" endtime="20220117 17:09:36.108"/>
</test>
<test id="s1-s8-t5" name="wrong user right password">
<kw name="invalid login">
<arg>admin@yourstore.om</arg>
<arg>admin</arg>
<kw name="Username" library="login_resources">
<arg>${username}</arg>
<kw name="Input Text" library="SeleniumLibrary">
<arg>id:Email</arg>
<arg>${username}</arg>
<doc>Types the given ``text`` into the text field identified by ``locator``.</doc>
<msg timestamp="20220117 17:09:36.116" level="INFO">Typing text 'admin@yourstore.om' into text field 'id:Email'.</msg>
<status status="PASS" starttime="20220117 17:09:36.116" endtime="20220117 17:09:36.202"/>
</kw>
<status status="PASS" starttime="20220117 17:09:36.108" endtime="20220117 17:09:36.210"/>
</kw>
<kw name="Password" library="login_resources">
<arg>${password}</arg>
<kw name="Input Text" library="SeleniumLibrary">
<arg>id:Password</arg>
<arg>${password}</arg>
<doc>Types the given ``text`` into the text field identified by ``locator``.</doc>
<msg timestamp="20220117 17:09:36.210" level="INFO">Typing text 'admin' into text field 'id:Password'.</msg>
<status status="PASS" starttime="20220117 17:09:36.210" endtime="20220117 17:09:36.301"/>
</kw>
<status status="PASS" starttime="20220117 17:09:36.210" endtime="20220117 17:09:36.301"/>
</kw>
<kw name="click login" library="login_resources">
<kw name="Click Button" library="SeleniumLibrary">
<arg>xpath://button[contains(text(),'Log in')]</arg>
<doc>Clicks the button identified by ``locator``.</doc>
<msg timestamp="20220117 17:09:36.301" level="INFO">Clicking button 'xpath://button[contains(text(),'Log in')]'.</msg>
<status status="PASS" starttime="20220117 17:09:36.301" endtime="20220117 17:09:38.056"/>
</kw>
<status status="PASS" starttime="20220117 17:09:36.301" endtime="20220117 17:09:38.056"/>
</kw>
<kw name="error msg should be visible" library="login_resources">
<kw name="Page Should Contain" library="SeleniumLibrary">
<arg>Login was unsuccessful. Please correct the errors and try again.</arg>
<doc>Verifies that current page contains ``text``.</doc>
<msg timestamp="20220117 17:09:38.071" level="INFO">Current page contains text 'Login was unsuccessful. Please correct the errors and try again.'.</msg>
<status status="PASS" starttime="20220117 17:09:38.056" endtime="20220117 17:09:38.071"/>
</kw>
<status status="PASS" starttime="20220117 17:09:38.056" endtime="20220117 17:09:38.071"/>
</kw>
<status status="PASS" starttime="20220117 17:09:36.108" endtime="20220117 17:09:38.071"/>
</kw>
<status status="PASS" starttime="20220117 17:09:36.108" endtime="20220117 17:09:38.071"/>
</test>
<kw name="close my browser" library="login_resources" type="TEARDOWN">
<kw name="Close All Browsers" library="SeleniumLibrary">
<doc>Closes all open browsers and resets the browser cache.</doc>
<status status="PASS" starttime="20220117 17:09:38.080" endtime="20220117 17:09:40.254"/>
</kw>
<status status="PASS" starttime="20220117 17:09:38.080" endtime="20220117 17:09:40.254"/>
</kw>
<status status="PASS" starttime="20220117 17:09:27.087" endtime="20220117 17:09:40.254"/>
</suite>
<suite id="s1-s9" name="Tc Forloop" source="C:\Users\Harsha\PycharmProjects\pythonProject3\Testcases\tc_forloop.robot">
<test id="s1-s9-t1" name="for_loop1">
<for flavor="IN RANGE">
<var>${i}</var>
<value>1</value>
<value>10</value>
<iter>
<var name="${i}">1</var>
<kw name="Log To Console" library="BuiltIn">
<arg>${i}</arg>
<doc>Logs the given message to the console.</doc>
<status status="PASS" starttime="20220117 17:09:41.369" endtime="20220117 17:09:41.369"/>
</kw>
<status status="PASS" starttime="20220117 17:09:41.369" endtime="20220117 17:09:41.369"/>
</iter>
<iter>
<var name="${i}">2</var>
<kw name="Log To Console" library="BuiltIn">
<arg>${i}</arg>
<doc>Logs the given message to the console.</doc>
<status status="PASS" starttime="20220117 17:09:41.377" endtime="20220117 17:09:41.377"/>
</kw>
<status status="PASS" starttime="20220117 17:09:41.377" endtime="20220117 17:09:41.377"/>
</iter>
<iter>
<var name="${i}">3</var>
<kw name="Log To Console" library="BuiltIn">
<arg>${i}</arg>
<doc>Logs the given message to the console.</doc>
<status status="PASS" starttime="20220117 17:09:41.377" endtime="20220117 17:09:41.377"/>
</kw>
<status status="PASS" starttime="20220117 17:09:41.377" endtime="20220117 17:09:41.377"/>
</iter>
<iter>
<var name="${i}">4</var>
<kw name="Log To Console" library="BuiltIn">
<arg>${i}</arg>
<doc>Logs the given message to the console.</doc>
<status status="PASS" starttime="20220117 17:09:41.377" endtime="20220117 17:09:41.377"/>
</kw>
<status status="PASS" starttime="20220117 17:09:41.377" endtime="20220117 17:09:41.377"/>
</iter>
<iter>
<var name="${i}">5</var>
<kw name="Log To Console" library="BuiltIn">
<arg>${i}</arg>
<doc>Logs the given message to the console.</doc>
<status status="PASS" starttime="20220117 17:09:41.377" endtime="20220117 17:09:41.377"/>
</kw>
<status status="PASS" starttime="20220117 17:09:41.377" endtime="20220117 17:09:41.377"/>
</iter>
<iter>
<var name="${i}">6</var>
<kw name="Log To Console" library="BuiltIn">
<arg>${i}</arg>
<doc>Logs the given message to the console.</doc>
<status status="PASS" starttime="20220117 17:09:41.377" endtime="20220117 17:09:41.377"/>
</kw>
<status status="PASS" starttime="20220117 17:09:41.377" endtime="20220117 17:09:41.377"/>
</iter>
<iter>
<var name="${i}">7</var>
<kw name="Log To Console" library="BuiltIn">
<arg>${i}</arg>
<doc>Logs the given message to the console.</doc>
<status status="PASS" starttime="20220117 17:09:41.377" endtime="20220117 17:09:41.385"/>
</kw>
<status status="PASS" starttime="20220117 17:09:41.377" endtime="20220117 17:09:41.385"/>
</iter>
<iter>
<var name="${i}">8</var>
<kw name="Log To Console" library="BuiltIn">
<arg>${i}</arg>
<doc>Logs the given message to the console.</doc>
<status status="PASS" starttime="20220117 17:09:41.385" endtime="20220117 17:09:41.385"/>
</kw>
<status status="PASS" starttime="20220117 17:09:41.385" endtime="20220117 17:09:41.385"/>
</iter>
<iter>
<var name="${i}">9</var>
<kw name="Log To Console" library="BuiltIn">
<arg>${i}</arg>
<doc>Logs the given message to the console.</doc>
<status status="PASS" starttime="20220117 17:09:41.385" endtime="20220117 17:09:41.385"/>
</kw>
<status status="PASS" starttime="20220117 17:09:41.385" endtime="20220117 17:09:41.385"/>
</iter>
<status status="PASS" starttime="20220117 17:09:41.369" endtime="20220117 17:09:41.385"/>
</for>
<status status="PASS" starttime="20220117 17:09:41.369" endtime="20220117 17:09:41.385"/>
</test>
<status status="PASS" starttime="20220117 17:09:41.048" endtime="20220117 17:09:41.385"/>
</suite>
<suite id="s1-s10" name="Tc Frames" source="C:\Users\Harsha\PycharmProjects\pythonProject3\Testcases\tc_frames.robot">
<test id="s1-s10-t1" name="testframes">
<kw name="Open Browser" library="SeleniumLibrary">
<arg>${url}</arg>
<arg>${browser}</arg>
<doc>Opens a new browser instance to the optional ``url``.</doc>
<msg timestamp="20220117 17:09:41.917" level="INFO">Opening browser 'chrome' to base url 'https://www.selenium.dev/selenium/docs/api/java/index.html?overview-summary.html'.</msg>
<status status="PASS" starttime="20220117 17:09:41.917" endtime="20220117 17:09:46.643"/>
</kw>
<kw name="Maximize Browser Window" library="SeleniumLibrary">
<doc>Maximizes current browser window.</doc>
<status status="PASS" starttime="20220117 17:09:46.643" endtime="20220117 17:09:46.771"/>
</kw>
<kw name="Select Frame" library="SeleniumLibrary">
<arg>packageListFrame</arg>
<doc>Sets frame identified by ``locator`` as the current frame.</doc>
<msg timestamp="20220117 17:09:46.771" level="INFO">Selecting frame 'packageListFrame'.</msg>
<status status="PASS" starttime="20220117 17:09:46.771" endtime="20220117 17:09:46.803"/>
</kw>
<kw name="Click Link" library="SeleniumLibrary">
<arg>org.openqa.selenium</arg>
<doc>Clicks a link identified by ``locator``.</doc>
<msg timestamp="20220117 17:09:46.803" level="INFO">Clicking link 'org.openqa.selenium'.</msg>
<status status="PASS" starttime="20220117 17:09:46.803" endtime="20220117 17:09:46.915"/>
</kw>
<kw name="Sleep" library="BuiltIn">
<arg>5</arg>
<doc>Pauses the test executed for the given time.</doc>
<msg timestamp="20220117 17:09:51.921" level="INFO">Slept 5 seconds</msg>
<status status="PASS" starttime="20220117 17:09:46.915" endtime="20220117 17:09:51.921"/>
</kw>
<kw name="Unselect Frame" library="SeleniumLibrary">
<doc>Sets the main frame as the current frame.</doc>
<status status="PASS" starttime="20220117 17:09:51.921" endtime="20220117 17:09:51.921"/>
</kw>
<kw name="Close Browser" library="SeleniumLibrary">
<doc>Closes the current browser.</doc>
<status status="PASS" starttime="20220117 17:09:51.921" endtime="20220117 17:09:54.049"/>
</kw>
<kw name="Select Frame" library="SeleniumLibrary">
<arg>packageFrame</arg>
<doc>Sets frame identified by ``locator`` as the current frame.</doc>
<msg timestamp="20220117 17:09:54.049" level="INFO">Selecting frame 'packageFrame'.</msg>
<kw name="Capture Page Screenshot" library="SeleniumLibrary">
<doc>Takes a screenshot of the current page and embeds it into a log file.</doc>
<msg timestamp="20220117 17:09:54.049" level="INFO">Cannot capture screenshot because no browser is open.</msg>
<status status="PASS" starttime="20220117 17:09:54.049" endtime="20220117 17:09:54.049"/>
</kw>
<msg timestamp="20220117 17:09:54.049" level="FAIL">No browser is open.</msg>
<status status="FAIL" starttime="20220117 17:09:54.049" endtime="20220117 17:09:54.049"/>
</kw>
<kw name="Sleep" library="BuiltIn">
<arg>1</arg>
<doc>Pauses the test executed for the given time.</doc>
<status status="NOT RUN" starttime="20220117 17:09:54.049" endtime="20220117 17:09:54.049"/>
</kw>
<kw name="Click Element" library="SeleniumLibrary">
<arg>xpath:/html/body/main/ul/li[1]/a</arg>
<doc>Click the element identified by ``locator``.</doc>
<status status="NOT RUN" starttime="20220117 17:09:54.049" endtime="20220117 17:09:54.049"/>
</kw>
<kw name="Sleep" library="BuiltIn">
<arg>5</arg>
<doc>Pauses the test executed for the given time.</doc>
<status status="NOT RUN" starttime="20220117 17:09:54.049" endtime="20220117 17:09:54.057"/>
</kw>
<kw name="Unselect Frame" library="SeleniumLibrary">
<doc>Sets the main frame as the current frame.</doc>
<status status="NOT RUN" starttime="20220117 17:09:54.057" endtime="20220117 17:09:54.057"/>
</kw>
<kw name="Close Browser" library="SeleniumLibrary">
<doc>Closes the current browser.</doc>
<status status="NOT RUN" starttime="20220117 17:09:54.057" endtime="20220117 17:09:54.057"/>
</kw>
<kw name="Open Browser" library="SeleniumLibrary">
<arg>${url}</arg>
<arg>${browser}</arg>
<doc>Opens a new browser instance to the optional ``url``.</doc>
<status status="NOT RUN" starttime="20220117 17:09:54.057" endtime="20220117 17:09:54.057"/>
</kw>
<kw name="Select Frame" library="SeleniumLibrary">
<arg>classFrame</arg>
<doc>Sets frame identified by ``locator`` as the current frame.</doc>
<status status="NOT RUN" starttime="20220117 17:09:54.057" endtime="20220117 17:09:54.057"/>
</kw>
<kw name="Click Link" library="SeleniumLibrary">
<arg>org.openqa.selenium</arg>
<doc>Clicks a link identified by ``locator``.</doc>
<status status="NOT RUN" starttime="20220117 17:09:54.057" endtime="20220117 17:09:54.057"/>
</kw>
<kw name="Unselect Frame" library="SeleniumLibrary">
<doc>Sets the main frame as the current frame.</doc>
<status status="NOT RUN" starttime="20220117 17:09:54.057" endtime="20220117 17:09:54.057"/>
</kw>
<kw name="Close Browser" library="SeleniumLibrary">
<doc>Closes the current browser.</doc>
<status status="NOT RUN" starttime="20220117 17:09:54.057" endtime="20220117 17:09:54.057"/>
</kw>
<status status="FAIL" starttime="20220117 17:09:41.910" endtime="20220117 17:09:54.057">No browser is open.</status>
</test>
<status status="FAIL" starttime="20220117 17:09:41.577" endtime="20220117 17:09:54.057"/>
</suite>
<suite id="s1-s11" name="Tc Htmltable" source="C:\Users\Harsha\PycharmProjects\pythonProject3\Testcases\tc_htmltable.robot">
<test id="s1-s11-t1" name="html_table">
<kw name="Open Browser" library="SeleniumLibrary">
<arg>http://testautomationpractice.blogspot.com/</arg>
<arg>chrome</arg>
<doc>Opens a new browser instance to the optional ``url``.</doc>
<msg timestamp="20220117 17:09:42.512" level="INFO">Opening browser 'chrome' to base url 'http://testautomationpractice.blogspot.com/'.</msg>
<status status="PASS" starttime="20220117 17:09:42.512" endtime="20220117 17:09:50.157"/>
</kw>
<kw name="Maximize Browser Window" library="SeleniumLibrary">
<doc>Maximizes current browser window.</doc>
<status status="PASS" starttime="20220117 17:09:50.157" endtime="20220117 17:09:50.283"/>
</kw>
<kw name="Get Element Count" library="SeleniumLibrary">
<var>${rows}</var>
<arg>xpath://*[@id="HTML1"]/div[1]/table/tbody/tr</arg>
<doc>Returns the number of elements matching ``locator``.</doc>
<msg timestamp="20220117 17:09:50.291" level="INFO">${rows} = 7</msg>
<status status="PASS" starttime="20220117 17:09:50.283" endtime="20220117 17:09:50.291"/>
</kw>
<kw name="Log To Console" library="BuiltIn">
<arg>${rows}</arg>
<doc>Logs the given message to the console.</doc>
<status status="PASS" starttime="20220117 17:09:50.291" endtime="20220117 17:09:50.291"/>
</kw>
<kw name="Get Element Count" library="SeleniumLibrary">
<var>${cols}</var>
<arg>xpath://*[@id="HTML1"]/div[1]/table/tbody/tr[1]/th</arg>
<doc>Returns the number of elements matching ``locator``.</doc>
<msg timestamp="20220117 17:09:50.307" level="INFO">${cols} = 4</msg>
<status status="PASS" starttime="20220117 17:09:50.299" endtime="20220117 17:09:50.307"/>
</kw>
<kw name="Log To Console" library="BuiltIn">
<arg>${cols}</arg>
<doc>Logs the given message to the console.</doc>
<status status="PASS" starttime="20220117 17:09:50.307" endtime="20220117 17:09:50.307"/>
</kw>
<kw name="Get Text" library="SeleniumLibrary">
<var>${data}</var>
<arg>xpath://*[@id="HTML1"]/div[1]/table/tbody/tr[2]/td[2]</arg>
<doc>Returns the text value of the element identified by ``locator``.</doc>
<msg timestamp="20220117 17:09:50.323" level="INFO">${data} = Amit</msg>
<status status="PASS" starttime="20220117 17:09:50.307" endtime="20220117 17:09:50.323"/>
</kw>
<kw name="Log To Console" library="BuiltIn">
<arg>${data}</arg>
<doc>Logs the given message to the console.</doc>
<status status="PASS" starttime="20220117 17:09:50.323" endtime="20220117 17:09:50.323"/>
</kw>
<kw name="Table Column Should Contain" library="SeleniumLibrary">
<arg>xpath://*[@id="HTML1"]/div[1]/table</arg>
<arg>2</arg>
<arg>Author</arg>
<doc>Verifies table column contains text ``expected``.</doc>
<status status="PASS" starttime="20220117 17:09:50.323" endtime="20220117 17:09:50.363"/>
</kw>
<kw name="Table Row Should Contain" library="SeleniumLibrary">
<arg>xpath://*[@id="HTML1"]/div[1]/table</arg>
<arg>4</arg>
<arg>Learn JS</arg>
<doc>Verifies that table row contains text ``expected``.</doc>
<status status="PASS" starttime="20220117 17:09:50.363" endtime="20220117 17:09:50.395"/>
</kw>
<kw name="Table Cell Should Contain" library="SeleniumLibrary">
<arg>xpath://*[@id="HTML1"]/div[1]/table</arg>
<arg>5</arg>
<arg>2</arg>
<arg>Mukesh</arg>
<doc>Verifies table cell contains text ``expected``.</doc>
<msg timestamp="20220117 17:09:50.443" level="INFO">Table cell contains 'Mukesh'.</msg>
<status status="PASS" starttime="20220117 17:09:50.395" endtime="20220117 17:09:50.443"/>
</kw>
<kw name="Close Browser" library="SeleniumLibrary">
<doc>Closes the current browser.</doc>
<status status="PASS" starttime="20220117 17:09:50.443" endtime="20220117 17:09:52.585"/>
</kw>
<status status="PASS" starttime="20220117 17:09:42.504" endtime="20220117 17:09:52.585"/>
</test>
<status status="PASS" starttime="20220117 17:09:42.216" endtime="20220117 17:09:52.585"/>
</suite>
<suite id="s1-s12" name="Tc Keywords" source="C:\Users\Harsha\PycharmProjects\pythonProject3\Testcases\tc_keywords.robot">
<test id="s1-s12-t1" name="keyy">
<kw name="LaunchBrowser" library="resources">
<var>${pl}</var>
<arg>${url}</arg>
<arg>${browser}</arg>
<kw name="Open Browser" library="SeleniumLibrary">
<arg>${appurl}</arg>
<arg>${appbrowser}</arg>
<doc>Opens a new browser instance to the optional ``url``.</doc>
<msg timestamp="20220117 17:09:53.416" level="INFO">Opening browser 'chrome' to base url 'http://testautomationpractice.blogspot.com/'.</msg>
<status status="PASS" starttime="20220117 17:09:53.416" endtime="20220117 17:10:02.679"/>
</kw>
<kw name="Maximize Browser Window" library="SeleniumLibrary">
<doc>Maximizes current browser window.</doc>
<status status="PASS" starttime="20220117 17:10:02.679" endtime="20220117 17:10:02.802"/>
</kw>
<kw name="Get Title" library="SeleniumLibrary">
<var>${title}</var>
<doc>Returns the title of the current page.</doc>
<msg timestamp="20220117 17:10:02.810" level="INFO">${title} = Automation Testing Practice</msg>
<status status="PASS" starttime="20220117 17:10:02.802" endtime="20220117 17:10:02.810"/>
</kw>
<msg timestamp="20220117 17:10:02.810" level="INFO">${pl} = Automation Testing Practice</msg>
<status status="PASS" starttime="20220117 17:09:53.416" endtime="20220117 17:10:02.810"/>
</kw>
<kw name="Get Title" library="SeleniumLibrary">
<var>${pl}</var>
<doc>Returns the title of the current page.</doc>
<msg timestamp="20220117 17:10:02.810" level="INFO">${pl} = Automation Testing Practice</msg>
<status status="PASS" starttime="20220117 17:10:02.810" endtime="20220117 17:10:02.810"/>
</kw>
<kw name="Log To Console" library="BuiltIn">
<arg>${pl}</arg>
<doc>Logs the given message to the console.</doc>
<status status="PASS" starttime="20220117 17:10:02.818" endtime="20220117 17:10:02.818"/>
</kw>
<kw name="Sleep" library="BuiltIn">
<arg>1</arg>
<doc>Pauses the test executed for the given time.</doc>
<msg timestamp="20220117 17:10:03.819" level="INFO">Slept 1 second</msg>
<status status="PASS" starttime="20220117 17:10:02.818" endtime="20220117 17:10:03.819"/>
</kw>
<kw name="Double Click Element" library="SeleniumLibrary">
<arg>xpath://*[@id="HTML10"]/div[1]/button</arg>
<doc>Double clicks the element identified by ``locator``.</doc>
<msg timestamp="20220117 17:10:03.819" level="INFO">Double clicking element 'xpath://*[@id="HTML10"]/div[1]/button'.</msg>
<status status="PASS" starttime="20220117 17:10:03.819" endtime="20220117 17:10:04.107"/>
</kw>
<kw name="Sleep" library="BuiltIn">
<arg>1</arg>
<doc>Pauses the test executed for the given time.</doc>
<msg timestamp="20220117 17:10:05.120" level="INFO">Slept 1 second</msg>
<status status="PASS" starttime="20220117 17:10:04.107" endtime="20220117 17:10:05.120"/>
</kw>
<kw name="Close Browser" library="SeleniumLibrary">
<doc>Closes the current browser.</doc>
<status status="PASS" starttime="20220117 17:10:05.120" endtime="20220117 17:10:07.335"/>
</kw>
<status status="PASS" starttime="20220117 17:09:53.416" endtime="20220117 17:10:07.335"/>
</test>
<status status="PASS" starttime="20220117 17:09:53.201" endtime="20220117 17:10:07.335"/>
</suite>
<suite id="s1-s13" name="Tc Links" source="C:\Users\Harsha\PycharmProjects\pythonProject3\Testcases\tc_links.robot">
<test id="s1-s13-t1" name="links">
<kw name="Open Browser" library="SeleniumLibrary">
<arg>http://testautomationpractice.blogspot.com/</arg>
<arg>chrome</arg>
<doc>Opens a new browser instance to the optional ``url``.</doc>
<msg timestamp="20220117 17:09:54.947" level="INFO">Opening browser 'chrome' to base url 'http://testautomationpractice.blogspot.com/'.</msg>
<status status="PASS" starttime="20220117 17:09:54.947" endtime="20220117 17:10:03.184"/>
</kw>
<kw name="Maximize Browser Window" library="SeleniumLibrary">
<doc>Maximizes current browser window.</doc>
<status status="PASS" starttime="20220117 17:10:03.184" endtime="20220117 17:10:03.307"/>
</kw>
<kw name="Get Element Count" library="SeleniumLibrary">
<var>${links_count}</var>
<arg>xpath://a</arg>
<doc>Returns the number of elements matching ``locator``.</doc>
<msg timestamp="20220117 17:10:03.315" level="INFO">${links_count} = 9</msg>
<status status="PASS" starttime="20220117 17:10:03.307" endtime="20220117 17:10:03.315"/>
</kw>
<kw name="Log To Console" library="BuiltIn">
<arg>${links_count}</arg>
<doc>Logs the given message to the console.</doc>
<status status="PASS" starttime="20220117 17:10:03.315" endtime="20220117 17:10:03.323"/>
</kw>
<kw name="Close Browser" library="SeleniumLibrary">
<doc>Closes the current browser.</doc>
<status status="PASS" starttime="20220117 17:10:03.323" endtime="20220117 17:10:05.451"/>
</kw>
<status status="PASS" starttime="20220117 17:09:54.947" endtime="20220117 17:10:05.451"/>
</test>
<test id="s1-s13-t2" name="linklist">
<kw name="Open Browser" library="SeleniumLibrary">
<arg>http://testautomationpractice.blogspot.com/</arg>
<arg>chrome</arg>
<doc>Opens a new browser instance to the optional ``url``.</doc>
<msg timestamp="20220117 17:10:05.458" level="INFO">Opening browser 'chrome' to base url 'http://testautomationpractice.blogspot.com/'.</msg>
<status status="PASS" starttime="20220117 17:10:05.458" endtime="20220117 17:10:16.004"/>
</kw>
<kw name="Maximize Browser Window" library="SeleniumLibrary">
<doc>Maximizes current browser window.</doc>
<status status="PASS" starttime="20220117 17:10:16.004" endtime="20220117 17:10:16.140"/>
</kw>
<kw name="Get Element Count" library="SeleniumLibrary">
<var>${links_count}</var>
<arg>xpath://a</arg>
<doc>Returns the number of elements matching ``locator``.</doc>
<msg timestamp="20220117 17:10:16.156" level="INFO">${links_count} = 9</msg>
<status status="PASS" starttime="20220117 17:10:16.140" endtime="20220117 17:10:16.156"/>
</kw>
<kw name="Log To Console" library="BuiltIn">
<arg>${links_count}</arg>
<doc>Logs the given message to the console.</doc>
<status status="PASS" starttime="20220117 17:10:16.156" endtime="20220117 17:10:16.164"/>
</kw>
<kw name="Create List" library="BuiltIn">
<var>@{linkurl}</var>
<doc>Returns a list containing given items.</doc>
<msg timestamp="20220117 17:10:16.164" level="INFO">@{linkurl} = [ ]</msg>
<status status="PASS" starttime="20220117 17:10:16.164" endtime="20220117 17:10:16.164"/>
</kw>
<for flavor="IN RANGE">
<var>${i}</var>
<value>1</value>
<value>${links_count}+1</value>
<iter>
<var name="${i}">1</var>
<kw name="Get Text" library="SeleniumLibrary">
<var>${testlinks}</var>
<arg>xpath:(//a)[${i}]</arg>
<doc>Returns the text value of the element identified by ``locator``.</doc>
<msg timestamp="20220117 17:10:16.196" level="INFO">${testlinks} = </msg>
<status status="PASS" starttime="20220117 17:10:16.164" endtime="20220117 17:10:16.196"/>
</kw>
<kw name="Log To Console" library="BuiltIn">
<arg>${testlinks}</arg>
<doc>Logs the given message to the console.</doc>
<status status="PASS" starttime="20220117 17:10:16.196" endtime="20220117 17:10:16.196"/>
</kw>
<status status="PASS" starttime="20220117 17:10:16.164" endtime="20220117 17:10:16.196"/>
</iter>
<iter>
<var name="${i}">2</var>
<kw name="Get Text" library="SeleniumLibrary">
<var>${testlinks}</var>
<arg>xpath:(//a)[${i}]</arg>
<doc>Returns the text value of the element identified by ``locator``.</doc>
<msg timestamp="20220117 17:10:16.228" level="INFO">${testlinks} = </msg>
<status status="PASS" starttime="20220117 17:10:16.196" endtime="20220117 17:10:16.228"/>
</kw>
<kw name="Log To Console" library="BuiltIn">
<arg>${testlinks}</arg>
<doc>Logs the given message to the console.</doc>
<status status="PASS" starttime="20220117 17:10:16.228" endtime="20220117 17:10:16.228"/>
</kw>
<status status="PASS" starttime="20220117 17:10:16.196" endtime="20220117 17:10:16.228"/>
</iter>
<iter>
<var name="${i}">3</var>
<kw name="Get Text" library="SeleniumLibrary">
<var>${testlinks}</var>
<arg>xpath:(//a)[${i}]</arg>
<doc>Returns the text value of the element identified by ``locator``.</doc>
<msg timestamp="20220117 17:10:16.260" level="INFO">${testlinks} = Home</msg>
<status status="PASS" starttime="20220117 17:10:16.228" endtime="20220117 17:10:16.260"/>
</kw>
<kw name="Log To Console" library="BuiltIn">
<arg>${testlinks}</arg>
<doc>Logs the given message to the console.</doc>
<status status="PASS" starttime="20220117 17:10:16.260" endtime="20220117 17:10:16.260"/>
</kw>
<status status="PASS" starttime="20220117 17:10:16.228" endtime="20220117 17:10:16.260"/>
</iter>
<iter>
<var name="${i}">4</var>
<kw name="Get Text" library="SeleniumLibrary">
<var>${testlinks}</var>
<arg>xpath:(//a)[${i}]</arg>
<doc>Returns the text value of the element identified by ``locator``.</doc>
<msg timestamp="20220117 17:10:16.287" level="INFO">${testlinks} = Posts (Atom)</msg>
<status status="PASS" starttime="20220117 17:10:16.260" endtime="20220117 17:10:16.287"/>
</kw>
<kw name="Log To Console" library="BuiltIn">
<arg>${testlinks}</arg>
<doc>Logs the given message to the console.</doc>
<status status="PASS" starttime="20220117 17:10:16.287" endtime="20220117 17:10:16.287"/>
</kw>
<status status="PASS" starttime="20220117 17:10:16.260" endtime="20220117 17:10:16.287"/>
</iter>
<iter>
<var name="${i}">5</var>
<kw name="Get Text" library="SeleniumLibrary">
<var>${testlinks}</var>
<arg>xpath:(//a)[${i}]</arg>
<doc>Returns the text value of the element identified by ``locator``.</doc>
<msg timestamp="20220117 17:10:16.318" level="INFO">${testlinks} = </msg>
<status status="PASS" starttime="20220117 17:10:16.287" endtime="20220117 17:10:16.318"/>
</kw>
<kw name="Log To Console" library="BuiltIn">
<arg>${testlinks}</arg>
<doc>Logs the given message to the console.</doc>
<status status="PASS" starttime="20220117 17:10:16.334" endtime="20220117 17:10:16.334"/>
</kw>
<status status="PASS" starttime="20220117 17:10:16.287" endtime="20220117 17:10:16.334"/>
</iter>
<iter>
<var name="${i}">6</var>
<kw name="Get Text" library="SeleniumLibrary">
<var>${testlinks}</var>
<arg>xpath:(//a)[${i}]</arg>
<doc>Returns the text value of the element identified by ``locator``.</doc>
<msg timestamp="20220117 17:10:16.361" level="INFO">${testlinks} = Tooltips</msg>
<status status="PASS" starttime="20220117 17:10:16.334" endtime="20220117 17:10:16.361"/>
</kw>
<kw name="Log To Console" library="BuiltIn">
<arg>${testlinks}</arg>
<doc>Logs the given message to the console.</doc>
<status status="PASS" starttime="20220117 17:10:16.361" endtime="20220117 17:10:16.361"/>
</kw>
<status status="PASS" starttime="20220117 17:10:16.334" endtime="20220117 17:10:16.361"/>
</iter>
<iter>
<var name="${i}">7</var>
<kw name="Get Text" library="SeleniumLibrary">
<var>${testlinks}</var>
<arg>xpath:(//a)[${i}]</arg>
<doc>Returns the text value of the element identified by ``locator``.</doc>
<msg timestamp="20220117 17:10:16.386" level="INFO">${testlinks} = ThemeRoller</msg>
<status status="PASS" starttime="20220117 17:10:16.361" endtime="20220117 17:10:16.386"/>
</kw>
<kw name="Log To Console" library="BuiltIn">
<arg>${testlinks}</arg>
<doc>Logs the given message to the console.</doc>
<status status="PASS" starttime="20220117 17:10:16.386" endtime="20220117 17:10:16.386"/>
</kw>
<status status="PASS" starttime="20220117 17:10:16.361" endtime="20220117 17:10:16.386"/>
</iter>
<iter>
<var name="${i}">8</var>
<kw name="Get Text" library="SeleniumLibrary">
<var>${testlinks}</var>
<arg>xpath:(//a)[${i}]</arg>
<doc>Returns the text value of the element identified by ``locator``.</doc>
<msg timestamp="20220117 17:10:16.427" level="INFO">${testlinks} = mariusFM77</msg>
<status status="PASS" starttime="20220117 17:10:16.386" endtime="20220117 17:10:16.427"/>
</kw>
<kw name="Log To Console" library="BuiltIn">
<arg>${testlinks}</arg>
<doc>Logs the given message to the console.</doc>
<status status="PASS" starttime="20220117 17:10:16.427" endtime="20220117 17:10:16.427"/>
</kw>
<status status="PASS" starttime="20220117 17:10:16.386" endtime="20220117 17:10:16.427"/>
</iter>
<iter>
<var name="${i}">9</var>
<kw name="Get Text" library="SeleniumLibrary">
<var>${testlinks}</var>
<arg>xpath:(//a)[${i}]</arg>
<doc>Returns the text value of the element identified by ``locator``.</doc>
<msg timestamp="20220117 17:10:16.452" level="INFO">${testlinks} = Blogger</msg>
<status status="PASS" starttime="20220117 17:10:16.427" endtime="20220117 17:10:16.452"/>
</kw>
<kw name="Log To Console" library="BuiltIn">
<arg>${testlinks}</arg>
<doc>Logs the given message to the console.</doc>
<status status="PASS" starttime="20220117 17:10:16.452" endtime="20220117 17:10:16.452"/>
</kw>
<status status="PASS" starttime="20220117 17:10:16.427" endtime="20220117 17:10:16.452"/>
</iter>
<status status="PASS" starttime="20220117 17:10:16.164" endtime="20220117 17:10:16.452"/>
</for>
<kw name="Close Browser" library="SeleniumLibrary">
<doc>Closes the current browser.</doc>
<status status="PASS" starttime="20220117 17:10:16.452" endtime="20220117 17:10:18.660"/>
</kw>
<status status="PASS" starttime="20220117 17:10:05.451" endtime="20220117 17:10:18.660"/>
</test>
<status status="PASS" starttime="20220117 17:09:54.723" endtime="20220117 17:10:18.660"/>
</suite>
<suite id="s1-s14" name="Tc Mouse" source="C:\Users\Harsha\PycharmProjects\pythonProject3\Testcases\tc_mouse.robot">
<test id="s1-s14-t1" name="Mouserightclick">
<kw name="Open Browser" library="SeleniumLibrary">
<arg>https://swisnl.github.io/jQuery-contextMenu/demo.html</arg>
<arg>chrome</arg>
<doc>Opens a new browser instance to the optional ``url``.</doc>
<msg timestamp="20220117 17:10:08.597" level="INFO">Opening browser 'chrome' to base url 'https://swisnl.github.io/jQuery-contextMenu/demo.html'.</msg>
<status status="PASS" starttime="20220117 17:10:08.597" endtime="20220117 17:10:14.395"/>
</kw>
<kw name="Maximize Browser Window" library="SeleniumLibrary">
<doc>Maximizes current browser window.</doc>
<status status="PASS" starttime="20220117 17:10:14.395" endtime="20220117 17:10:14.527"/>
</kw>
<kw name="Sleep" library="BuiltIn">
<arg>1</arg>
<doc>Pauses the test executed for the given time.</doc>
<msg timestamp="20220117 17:10:15.540" level="INFO">Slept 1 second</msg>
<status status="PASS" starttime="20220117 17:10:14.527" endtime="20220117 17:10:15.540"/>
</kw>
<kw name="Open Context Menu" library="SeleniumLibrary">
<arg>xpath:/html/body/div/section/div/div/div/p/span</arg>
<doc>Opens the context menu on the element identified by ``locator``.</doc>
<status status="PASS" starttime="20220117 17:10:15.540" endtime="20220117 17:10:15.868"/>
</kw>
<kw name="Close Browser" library="SeleniumLibrary">
<doc>Closes the current browser.</doc>
<status status="PASS" starttime="20220117 17:10:15.868" endtime="20220117 17:10:18.117"/>
</kw>
<status status="PASS" starttime="20220117 17:10:08.589" endtime="20220117 17:10:18.117"/>
</test>
<test id="s1-s14-t2" name="double click element">
<kw name="Open Browser" library="SeleniumLibrary">
<arg>http://testautomationpractice.blogspot.com/</arg>
<arg>chrome</arg>
<doc>Opens a new browser instance to the optional ``url``.</doc>
<msg timestamp="20220117 17:10:18.125" level="INFO">Opening browser 'chrome' to base url 'http://testautomationpractice.blogspot.com/'.</msg>
<status status="PASS" starttime="20220117 17:10:18.125" endtime="20220117 17:10:25.079"/>
</kw>
<kw name="Maximize Browser Window" library="SeleniumLibrary">
<doc>Maximizes current browser window.</doc>
<status status="PASS" starttime="20220117 17:10:25.079" endtime="20220117 17:10:25.215"/>
</kw>
<kw name="Sleep" library="BuiltIn">
<arg>1</arg>
<doc>Pauses the test executed for the given time.</doc>
<msg timestamp="20220117 17:10:26.231" level="INFO">Slept 1 second</msg>
<status status="PASS" starttime="20220117 17:10:25.215" endtime="20220117 17:10:26.231"/>
</kw>
<kw name="Double Click Element" library="SeleniumLibrary">
<arg>xpath://*[@id="HTML10"]/div[1]/button</arg>
<doc>Double clicks the element identified by ``locator``.</doc>
<msg timestamp="20220117 17:10:26.231" level="INFO">Double clicking element 'xpath://*[@id="HTML10"]/div[1]/button'.</msg>
<status status="PASS" starttime="20220117 17:10:26.231" endtime="20220117 17:10:26.529"/>
</kw>
<kw name="Sleep" library="BuiltIn">
<arg>1</arg>
<doc>Pauses the test executed for the given time.</doc>
<msg timestamp="20220117 17:10:27.532" level="INFO">Slept 1 second</msg>
<status status="PASS" starttime="20220117 17:10:26.529" endtime="20220117 17:10:27.532"/>
</kw>
<kw name="Close Browser" library="SeleniumLibrary">
<doc>Closes the current browser.</doc>
<status status="PASS" starttime="20220117 17:10:27.532" endtime="20220117 17:10:29.712"/>
</kw>
<status status="PASS" starttime="20220117 17:10:18.117" endtime="20220117 17:10:29.712"/>
</test>
<test id="s1-s14-t3" name="dragdrop">
<kw name="Open Browser" library="SeleniumLibrary">
<arg>http://testautomationpractice.blogspot.com/</arg>
<arg>chrome</arg>
<doc>Opens a new browser instance to the optional ``url``.</doc>
<msg timestamp="20220117 17:10:29.715" level="INFO">Opening browser 'chrome' to base url 'http://testautomationpractice.blogspot.com/'.</msg>
<status status="PASS" starttime="20220117 17:10:29.712" endtime="20220117 17:10:35.659"/>
</kw>
<kw name="Maximize Browser Window" library="SeleniumLibrary">
<doc>Maximizes current browser window.</doc>
<status status="PASS" starttime="20220117 17:10:35.659" endtime="20220117 17:10:35.795"/>
</kw>
<kw name="Sleep" library="BuiltIn">
<arg>1</arg>
<doc>Pauses the test executed for the given time.</doc>
<msg timestamp="20220117 17:10:36.806" level="INFO">Slept 1 second</msg>
<status status="PASS" starttime="20220117 17:10:35.795" endtime="20220117 17:10:36.806"/>
</kw>
<kw name="Drag And Drop" library="SeleniumLibrary">
<arg>id:draggable</arg>
<arg>id:droppable</arg>
<doc>Drags the element identified by ``locator`` into the ``target`` element.</doc>
<status status="PASS" starttime="20220117 17:10:36.806" endtime="20220117 17:10:37.391"/>
</kw>
<kw name="Sleep" library="BuiltIn">
<arg>1</arg>
<doc>Pauses the test executed for the given time.</doc>
<msg timestamp="20220117 17:10:38.392" level="INFO">Slept 1 second</msg>
<status status="PASS" starttime="20220117 17:10:37.391" endtime="20220117 17:10:38.392"/>
</kw>
<kw name="Close Browser" library="SeleniumLibrary">
<doc>Closes the current browser.</doc>
<status status="PASS" starttime="20220117 17:10:38.392" endtime="20220117 17:10:41.393"/>
</kw>
<status status="PASS" starttime="20220117 17:10:29.712" endtime="20220117 17:10:41.393"/>
</test>
<status status="PASS" starttime="20220117 17:10:08.262" endtime="20220117 17:10:41.393"/>
</suite>
<suite id="s1-s15" name="Tc Navigation" source="C:\Users\Harsha\PycharmProjects\pythonProject3\Testcases\tc_navigation.robot">
<test id="s1-s15-t1" name="navigationtest">
<kw name="Open Browser" library="SeleniumLibrary">
<arg>https://www.google.com/</arg>
<arg>chrome</arg>
<doc>Opens a new browser instance to the optional ``url``.</doc>
<msg timestamp="20220117 17:10:19.887" level="INFO">Opening browser 'chrome' to base url 'https://www.google.com/'.</msg>
<status status="PASS" starttime="20220117 17:10:19.887" endtime="20220117 17:10:22.460"/>
</kw>
<kw name="Sleep" library="BuiltIn">
<arg>2</arg>
<doc>Pauses the test executed for the given time.</doc>
<msg timestamp="20220117 17:10:24.467" level="INFO">Slept 2 seconds</msg>
<status status="PASS" starttime="20220117 17:10:22.460" endtime="20220117 17:10:24.467"/>
</kw>
<kw name="Get Location" library="SeleniumLibrary">
<var>${loc}</var>
<doc>Returns the current browser window URL.</doc>
<msg timestamp="20220117 17:10:24.475" level="INFO">${loc} = https://www.google.com/</msg>
<status status="PASS" starttime="20220117 17:10:24.467" endtime="20220117 17:10:24.475"/>
</kw>
<kw name="Log To Console" library="BuiltIn">
<arg>${loc}</arg>
<doc>Logs the given message to the console.</doc>
<status status="PASS" starttime="20220117 17:10:24.475" endtime="20220117 17:10:24.475"/>
</kw>
<kw name="Open Browser" library="SeleniumLibrary">
<arg>https://www.bing.com/</arg>
<arg>chrome</arg>
<doc>Opens a new browser instance to the optional ``url``.</doc>
<msg timestamp="20220117 17:10:24.475" level="INFO">Opening browser 'chrome' to base url 'https://www.bing.com/'.</msg>
<status status="PASS" starttime="20220117 17:10:24.475" endtime="20220117 17:10:26.295"/>
</kw>
<kw name="Get Location" library="SeleniumLibrary">
<var>${loc}</var>
<doc>Returns the current browser window URL.</doc>
<msg timestamp="20220117 17:10:26.303" level="INFO">${loc} = https://www.bing.com/</msg>
<status status="PASS" starttime="20220117 17:10:26.295" endtime="20220117 17:10:26.303"/>
</kw>
<kw name="Log To Console" library="BuiltIn">
<arg>${loc}</arg>
<doc>Logs the given message to the console.</doc>
<status status="PASS" starttime="20220117 17:10:26.303" endtime="20220117 17:10:26.303"/>
</kw>
<kw name="Go Back" library="SeleniumLibrary">
<doc>Simulates the user clicking the back button on their browser.</doc>
<status status="PASS" starttime="20220117 17:10:26.303" endtime="20220117 17:10:26.375"/>
</kw>
<kw name="Get Location" library="SeleniumLibrary">
<var>${loc}</var>
<doc>Returns the current browser window URL.</doc>
<msg timestamp="20220117 17:10:26.383" level="INFO">${loc} = data:,</msg>
<status status="PASS" starttime="20220117 17:10:26.375" endtime="20220117 17:10:26.383"/>
</kw>
<kw name="Log To Console" library="BuiltIn">
<arg>${loc}</arg>
<doc>Logs the given message to the console.</doc>
<status status="PASS" starttime="20220117 17:10:26.383" endtime="20220117 17:10:26.383"/>
</kw>
<kw name="Sleep" library="BuiltIn">
<arg>2</arg>
<doc>Pauses the test executed for the given time.</doc>
<msg timestamp="20220117 17:10:28.394" level="INFO">Slept 2 seconds</msg>
<status status="PASS" starttime="20220117 17:10:26.383" endtime="20220117 17:10:28.394"/>
</kw>
<kw name="Close All Browsers" library="SeleniumLibrary">
<doc>Closes all open browsers and resets the browser cache.</doc>
<status status="PASS" starttime="20220117 17:10:28.394" endtime="20220117 17:10:32.778"/>
</kw>
<status status="PASS" starttime="20220117 17:10:19.880" endtime="20220117 17:10:32.778"/>
</test>
<status status="PASS" starttime="20220117 17:10:19.561" endtime="20220117 17:10:32.785"/>
</suite>
<suite id="s1-s16" name="Tc Scroll" source="C:\Users\Harsha\PycharmProjects\pythonProject3\Testcases\tc_scroll.robot">
<test id="s1-s16-t1" name="scrollingpixel">
<kw name="Open Browser" library="SeleniumLibrary">
<arg>http://testautomationpractice.blogspot.com/</arg>
<arg>chrome</arg>
<doc>Opens a new browser instance to the optional ``url``.</doc>
<msg timestamp="20220117 17:10:33.974" level="INFO">Opening browser 'chrome' to base url 'http://testautomationpractice.blogspot.com/'.</msg>
<status status="PASS" starttime="20220117 17:10:33.974" endtime="20220117 17:10:42.168"/>
</kw>
<kw name="Maximize Browser Window" library="SeleniumLibrary">
<doc>Maximizes current browser window.</doc>
<status status="PASS" starttime="20220117 17:10:42.168" endtime="20220117 17:10:42.315"/>
</kw>
<kw name="Execute Javascript" library="SeleniumLibrary">
<arg>window.scrollTo(0,1000)</arg>
<doc>Executes the given JavaScript code with possible arguments.</doc>
<msg timestamp="20220117 17:10:42.315" level="INFO">Executing JavaScript:
window.scrollTo(0,1000)
Without any arguments.</msg>
<status status="PASS" starttime="20220117 17:10:42.315" endtime="20220117 17:10:42.323"/>
</kw>
<kw name="Close Browser" library="SeleniumLibrary">
<doc>Closes the current browser.</doc>
<status status="PASS" starttime="20220117 17:10:42.323" endtime="20220117 17:10:44.540"/>
</kw>
<status status="PASS" starttime="20220117 17:10:33.974" endtime="20220117 17:10:44.540"/>
</test>
<test id="s1-s16-t2" name="scrollingelement">
<kw name="Open Browser" library="SeleniumLibrary">
<arg>http://testautomationpractice.blogspot.com/</arg>
<arg>chrome</arg>
<doc>Opens a new browser instance to the optional ``url``.</doc>
<msg timestamp="20220117 17:10:44.540" level="INFO">Opening browser 'chrome' to base url 'http://testautomationpractice.blogspot.com/'.</msg>
<status status="PASS" starttime="20220117 17:10:44.540" endtime="20220117 17:10:53.758"/>
</kw>
<kw name="Maximize Browser Window" library="SeleniumLibrary">
<doc>Maximizes current browser window.</doc>
<status status="PASS" starttime="20220117 17:10:53.758" endtime="20220117 17:10:53.894"/>
</kw>
<kw name="Scroll Element Into View" library="SeleniumLibrary">
<arg>xpath://*[@id="HTML1"]/div[1]/table/tbody/tr[7]/td[2]</arg>
<doc>Scrolls the element identified by ``locator`` into view.</doc>
<status status="PASS" starttime="20220117 17:10:53.894" endtime="20220117 17:10:54.204"/>
</kw>
<kw name="Close Browser" library="SeleniumLibrary">
<doc>Closes the current browser.</doc>
<status status="PASS" starttime="20220117 17:10:54.204" endtime="20220117 17:10:56.416"/>
</kw>
<status status="PASS" starttime="20220117 17:10:44.540" endtime="20220117 17:10:56.416"/>
</test>
<test id="s1-s16-t3" name="scrolling_bottom">
<kw name="Open Browser" library="SeleniumLibrary">
<arg>http://testautomationpractice.blogspot.com/</arg>
<arg>chrome</arg>
<doc>Opens a new browser instance to the optional ``url``.</doc>
<msg timestamp="20220117 17:10:56.416" level="INFO">Opening browser 'chrome' to base url 'http://testautomationpractice.blogspot.com/'.</msg>
<status status="PASS" starttime="20220117 17:10:56.416" endtime="20220117 17:11:03.424"/>
</kw>
<kw name="Maximize Browser Window" library="SeleniumLibrary">
<doc>Maximizes current browser window.</doc>
<status status="PASS" starttime="20220117 17:11:03.424" endtime="20220117 17:11:03.559"/>
</kw>
<kw name="Execute Javascript" library="SeleniumLibrary">
<arg>window.scrollTo(0,document.body.scrollHeight)</arg>
<doc>Executes the given JavaScript code with possible arguments.</doc>
<msg timestamp="20220117 17:11:03.559" level="INFO">Executing JavaScript:
window.scrollTo(0,document.body.scrollHeight)
Without any arguments.</msg>
<status status="PASS" starttime="20220117 17:11:03.559" endtime="20220117 17:11:03.575"/>
</kw>
<kw name="Sleep" library="BuiltIn">
<arg>2</arg>
<doc>Pauses the test executed for the given time.</doc>
<msg timestamp="20220117 17:11:05.582" level="INFO">Slept 2 seconds</msg>
<status status="PASS" starttime="20220117 17:11:03.575" endtime="20220117 17:11:05.582"/>
</kw>
<kw name="Execute Javascript" library="SeleniumLibrary">
<arg>window.scrollTo(0,-document.body.scrollHeight)</arg>
<doc>Executes the given JavaScript code with possible arguments.</doc>
<msg timestamp="20220117 17:11:05.582" level="INFO">Executing JavaScript:
window.scrollTo(0,-document.body.scrollHeight)
Without any arguments.</msg>
<status status="PASS" starttime="20220117 17:11:05.582" endtime="20220117 17:11:05.590"/>
</kw>
<kw name="Sleep" library="BuiltIn">
<arg>2</arg>
<doc>Pauses the test executed for the given time.</doc>
<msg timestamp="20220117 17:11:07.599" level="INFO">Slept 2 seconds</msg>
<status status="PASS" starttime="20220117 17:11:05.590" endtime="20220117 17:11:07.599"/>
</kw>
<kw name="Close Browser" library="SeleniumLibrary">
<doc>Closes the current browser.</doc>
<status status="PASS" starttime="20220117 17:11:07.599" endtime="20220117 17:11:09.811"/>
</kw>
<status status="PASS" starttime="20220117 17:10:56.416" endtime="20220117 17:11:09.811"/>
</test>
<status status="PASS" starttime="20220117 17:10:33.623" endtime="20220117 17:11:09.811"/>
</suite>
<doc>[https://pabot.org/?ref=log|Pabot] result from 16 executions.</doc>
<status status="FAIL" starttime="20220117 17:09:27.054" endtime="20220117 17:11:26.406"/>
</suite>
<statistics>
<total>
<stat pass="23" fail="4" skip="0">All Tests</stat>
</total>
<tag>
</tag>
<suite>
<stat pass="23" fail="4" skip="0" id="s1" name="Suites">Suites</stat>
<stat pass="1" fail="0" skip="0" id="s1-s1" name="Tc Browser">Suites.Tc Browser</stat>
<stat pass="2" fail="0" skip="0" id="s1-s2" name="Tc Setup Teardown">Suites.Tc Setup Teardown</stat>
<stat pass="1" fail="0" skip="0" id="s1-s3" name="Tc Wb">Suites.Tc Wb</stat>
<stat pass="0" fail="1" skip="0" id="s1-s4" name="Tc Xcel">Suites.Tc Xcel</stat>
<stat pass="1" fail="1" skip="0" id="s1-s5" name="Tc1">Suites.Tc1</stat>
<stat pass="0" fail="1" skip="0" id="s1-s6" name="Tc2">Suites.Tc2</stat>
<stat pass="1" fail="0" skip="0" id="s1-s7" name="Tc3">Suites.Tc3</stat>
<stat pass="5" fail="0" skip="0" id="s1-s8" name="Tc Datadriven">Suites.Tc Datadriven</stat>
<stat pass="1" fail="0" skip="0" id="s1-s9" name="Tc Forloop">Suites.Tc Forloop</stat>
<stat pass="0" fail="1" skip="0" id="s1-s10" name="Tc Frames">Suites.Tc Frames</stat>
<stat pass="1" fail="0" skip="0" id="s1-s11" name="Tc Htmltable">Suites.Tc Htmltable</stat>
<stat pass="1" fail="0" skip="0" id="s1-s12" name="Tc Keywords">Suites.Tc Keywords</stat>
<stat pass="2" fail="0" skip="0" id="s1-s13" name="Tc Links">Suites.Tc Links</stat>
<stat pass="3" fail="0" skip="0" id="s1-s14" name="Tc Mouse">Suites.Tc Mouse</stat>
<stat pass="1" fail="0" skip="0" id="s1-s15" name="Tc Navigation">Suites.Tc Navigation</stat>
<stat pass="3" fail="0" skip="0" id="s1-s16" name="Tc Scroll">Suites.Tc Scroll</stat>
</suite>
</statistics>
<errors>
</errors>
</robot>
