<?xml version="1.0" encoding="UTF-8"?>
<robot generator="Robot 4.1.3 (Python 3.10.0 on win32)" generated="20220117 17:09:27.038" rpa="false" schemaversion="2">
<suite id="s1" name="Suites">
<suite id="s1-s1" name="Tc Browser" source="C:\Users\Harsha\PycharmProjects\pythonProject3\Testcases\tc_browser.robot">
<test id="s1-s1-t1" name="browsertest">
<kw name="Open Browser" library="SeleniumLibrary">
<arg>https://www.google.com/</arg>
<arg>chrome</arg>
<doc>Opens a new browser instance to the optional ``url``.</doc>
<msg timestamp="20220117 17:09:27.420" level="INFO">Opening browser 'chrome' to base url 'https://www.google.com/'.</msg>
<status status="PASS" starttime="20220117 17:09:27.420" endtime="20220117 17:09:29.820"/>
</kw>
<kw name="Maximize Browser Window" library="SeleniumLibrary">
<doc>Maximizes current browser window.</doc>
<status status="PASS" starttime="20220117 17:09:29.820" endtime="20220117 17:09:29.948"/>
</kw>
<kw name="Sleep" library="BuiltIn">
<arg>2</arg>
<doc>Pauses the test executed for the given time.</doc>
<msg timestamp="20220117 17:09:31.963" level="INFO">Slept 2 seconds</msg>
<status status="PASS" starttime="20220117 17:09:29.948" endtime="20220117 17:09:31.963"/>
</kw>
<kw name="Open Browser" library="SeleniumLibrary">
<arg>https://www.bing.com/</arg>
<arg>chrome</arg>
<doc>Opens a new browser instance to the optional ``url``.</doc>
<msg timestamp="20220117 17:09:31.963" level="INFO">Opening browser 'chrome' to base url 'https://www.bing.com/'.</msg>
<status status="PASS" starttime="20220117 17:09:31.963" endtime="20220117 17:09:33.627"/>
</kw>
<kw name="Maximize Browser Window" library="SeleniumLibrary">
<doc>Maximizes current browser window.</doc>
<status status="PASS" starttime="20220117 17:09:33.627" endtime="20220117 17:09:33.843"/>
</kw>
<kw name="Sleep" library="BuiltIn">
<arg>2</arg>
<doc>Pauses the test executed for the given time.</doc>
<msg timestamp="20220117 17:09:35.854" level="INFO">Slept 2 seconds</msg>
<status status="PASS" starttime="20220117 17:09:33.843" endtime="20220117 17:09:35.854"/>
</kw>
<kw name="Switch Browser" library="SeleniumLibrary">
<arg>1</arg>
<doc>Switches between active browsers using ``index_or_alias``.</doc>
<status status="PASS" starttime="20220117 17:09:35.854" endtime="20220117 17:09:35.854"/>
</kw>
<kw name="Get Title" library="SeleniumLibrary">
<var>${title1}</var>
<doc>Returns the title of the current page.</doc>
<msg timestamp="20220117 17:09:35.859" level="INFO">${title1} = Google</msg>
<status status="PASS" starttime="20220117 17:09:35.854" endtime="20220117 17:09:35.859"/>
</kw>
<kw name="Log To Console" library="BuiltIn">
<arg>${title1}</arg>
<doc>Logs the given message to the console.</doc>
<status status="PASS" starttime="20220117 17:09:35.859" endtime="20220117 17:09:35.859"/>
</kw>
<kw name="Switch Browser" library="SeleniumLibrary">
<arg>2</arg>
<doc>Switches between active browsers using ``index_or_alias``.</doc>
<status status="PASS" starttime="20220117 17:09:35.859" endtime="20220117 17:09:35.859"/>
</kw>
<kw name="Get Title" library="SeleniumLibrary">
<var>${title2}</var>
<doc>Returns the title of the current page.</doc>
<msg timestamp="20220117 17:09:36.210" level="INFO">${title2} = Bing</msg>
<status status="PASS" starttime="20220117 17:09:35.859" endtime="20220117 17:09:36.210"/>
</kw>
<kw name="Log To Console" library="BuiltIn">
<arg>${title2}</arg>
<doc>Logs the given message to the console.</doc>
<status status="PASS" starttime="20220117 17:09:36.210" endtime="20220117 17:09:36.210"/>
</kw>
<kw name="Close All Browsers" library="SeleniumLibrary">
<doc>Closes all open browsers and resets the browser cache.</doc>
<status status="PASS" starttime="20220117 17:09:36.210" endtime="20220117 17:09:40.736"/>
</kw>
<status status="PASS" starttime="20220117 17:09:27.412" endtime="20220117 17:09:40.736"/>
</test>
<status status="PASS" starttime="20220117 17:09:27.078" endtime="20220117 17:09:40.736"/>
</suite>
<status status="PASS" starttime="20220117 17:09:27.054" endtime="20220117 17:09:40.744"/>
</suite>
<statistics>
<total>
<stat pass="1" fail="0" skip="0">All Tests</stat>
</total>
<tag>
</tag>
<suite>
<stat pass="1" fail="0" skip="0" id="s1" name="Suites">Suites</stat>
<stat pass="1" fail="0" skip="0" id="s1-s1" name="Tc Browser">Suites.Tc Browser</stat>
</suite>
</statistics>
<errors>
</errors>
</robot>
